
*** Running vivado
    with args -log alu.vdi -applog -m64 -product Vivado -messageDb vivado.pb -mode batch -source alu.tcl -notrace


****** Vivado v2018.2.1 (64-bit)
  **** SW Build 2288692 on Thu Jul 26 18:24:02 MDT 2018
  **** IP Build 2289599 on Thu Jul 26 21:09:20 MDT 2018
    ** Copyright 1986-2018 Xilinx, Inc. All Rights Reserved.

source alu.tcl -notrace
Command: link_design -top alu -part xc7a100tcsg324-1
Design is defaulting to srcset: sources_1
Design is defaulting to constrset: constrs_1
INFO: [Netlist 29-17] Analyzing 115 Unisim elements for replacement
INFO: [Netlist 29-28] Unisim Transformation completed in 0 CPU seconds
INFO: [Project 1-479] Netlist was created with Vivado 2018.2.1
INFO: [Device 21-403] Loading part xc7a100tcsg324-1
INFO: [Project 1-570] Preparing netlist for logic optimization
INFO: [Project 1-111] Unisim Transformation Summary:
No Unisim elements were transformed.

6 Infos, 0 Warnings, 0 Critical Warnings and 0 Errors encountered.
link_design completed successfully
link_design: Time (s): cpu = 00:00:07 ; elapsed = 00:00:09 . Memory (MB): peak = 568.512 ; gain = 318.512
Command: opt_design
Attempting to get a license for feature 'Implementation' and/or device 'xc7a100t'
INFO: [Common 17-349] Got license for feature 'Implementation' and/or device 'xc7a100t'
Running DRC as a precondition to command opt_design

Starting DRC Task
INFO: [DRC 23-27] Running DRC with 2 threads
INFO: [Project 1-461] DRC finished with 0 Errors
INFO: [Project 1-462] Please refer to the DRC report (report_drc) for more information.

Time (s): cpu = 00:00:01 ; elapsed = 00:00:00.721 . Memory (MB): peak = 586.527 ; gain = 18.016

Starting Cache Timing Information Task
INFO: [Timing 38-35] Done setting XDC timing constraints.
Ending Cache Timing Information Task | Checksum: 148fb37a4

Time (s): cpu = 00:00:10 ; elapsed = 00:00:13 . Memory (MB): peak = 1135.234 ; gain = 548.707

Starting Logic Optimization Task

Phase 1 Retarget
INFO: [Opt 31-138] Pushed 0 inverter(s) to 0 load pin(s).
INFO: [Opt 31-49] Retargeted 0 cell(s).
Phase 1 Retarget | Checksum: 148fb37a4

Time (s): cpu = 00:00:00 ; elapsed = 00:00:00.049 . Memory (MB): peak = 1135.234 ; gain = 0.000
INFO: [Opt 31-389] Phase Retarget created 0 cells and removed 0 cells

Phase 2 Constant propagation
INFO: [Opt 31-138] Pushed 0 inverter(s) to 0 load pin(s).
Phase 2 Constant propagation | Checksum: 148fb37a4

Time (s): cpu = 00:00:00 ; elapsed = 00:00:00.058 . Memory (MB): peak = 1135.234 ; gain = 0.000
INFO: [Opt 31-389] Phase Constant propagation created 0 cells and removed 0 cells

Phase 3 Sweep
Phase 3 Sweep | Checksum: 11853b69c

Time (s): cpu = 00:00:00 ; elapsed = 00:00:00.069 . Memory (MB): peak = 1135.234 ; gain = 0.000
INFO: [Opt 31-389] Phase Sweep created 0 cells and removed 0 cells

Phase 4 BUFG optimization
Phase 4 BUFG optimization | Checksum: 11853b69c

Time (s): cpu = 00:00:00 ; elapsed = 00:00:00.086 . Memory (MB): peak = 1135.234 ; gain = 0.000
INFO: [Opt 31-662] Phase BUFG optimization created 0 cells of which 0 are BUFGs and removed 0 cells.

Phase 5 Shift Register Optimization
Phase 5 Shift Register Optimization | Checksum: 113aad62b

Time (s): cpu = 00:00:00 ; elapsed = 00:00:00.100 . Memory (MB): peak = 1135.234 ; gain = 0.000
INFO: [Opt 31-389] Phase Shift Register Optimization created 0 cells and removed 0 cells

Phase 6 Post Processing Netlist
Phase 6 Post Processing Netlist | Checksum: 113aad62b

Time (s): cpu = 00:00:00 ; elapsed = 00:00:00.105 . Memory (MB): peak = 1135.234 ; gain = 0.000
INFO: [Opt 31-389] Phase Post Processing Netlist created 0 cells and removed 0 cells

Starting Connectivity Check Task

Time (s): cpu = 00:00:00 ; elapsed = 00:00:00.002 . Memory (MB): peak = 1135.234 ; gain = 0.000
Ending Logic Optimization Task | Checksum: 113aad62b

Time (s): cpu = 00:00:00 ; elapsed = 00:00:00.111 . Memory (MB): peak = 1135.234 ; gain = 0.000

Starting Power Optimization Task
INFO: [Pwropt 34-132] Skipping clock gating for clocks with a period < 2.00 ns.
Ending Power Optimization Task | Checksum: 113aad62b

Time (s): cpu = 00:00:00 ; elapsed = 00:00:00.012 . Memory (MB): peak = 1135.234 ; gain = 0.000

Starting Final Cleanup Task
Ending Final Cleanup Task | Checksum: 113aad62b

Time (s): cpu = 00:00:00 ; elapsed = 00:00:00.001 . Memory (MB): peak = 1135.234 ; gain = 0.000
INFO: [Common 17-83] Releasing license: Implementation
22 Infos, 0 Warnings, 0 Critical Warnings and 0 Errors encountered.
opt_design completed successfully
opt_design: Time (s): cpu = 00:00:11 ; elapsed = 00:00:14 . Memory (MB): peak = 1135.234 ; gain = 566.723
WARNING: [Constraints 18-5210] No constraint will be written out.
INFO: [Common 17-1381] The checkpoint 'Z:/CS-401-1-CompArch/Lab01/nBitAluWikipedia/nBitAluWikipedia.runs/impl_1/alu_opt.dcp' has been generated.
INFO: [runtcl-4] Executing : report_drc -file alu_drc_opted.rpt -pb alu_drc_opted.pb -rpx alu_drc_opted.rpx
Command: report_drc -file alu_drc_opted.rpt -pb alu_drc_opted.pb -rpx alu_drc_opted.rpx
INFO: [IP_Flow 19-234] Refreshing IP repositories
INFO: [IP_Flow 19-1704] No user IP repositories specified
INFO: [IP_Flow 19-2313] Loaded Vivado IP repository 'C:/Xilinx/Vivado/2018.2/data/ip'.
INFO: [DRC 23-27] Running DRC with 2 threads
INFO: [Coretcl 2-168] The results of DRC are in file Z:/CS-401-1-CompArch/Lab01/nBitAluWikipedia/nBitAluWikipedia.runs/impl_1/alu_drc_opted.rpt.
report_drc completed successfully
Command: place_design
Attempting to get a license for feature 'Implementation' and/or device 'xc7a100t'
INFO: [Common 17-349] Got license for feature 'Implementation' and/or device 'xc7a100t'
INFO: [DRC 23-27] Running DRC with 2 threads
INFO: [Vivado_Tcl 4-198] DRC finished with 0 Errors
INFO: [Vivado_Tcl 4-199] Please refer to the DRC report (report_drc) for more information.
Running DRC as a precondition to command place_design
INFO: [DRC 23-27] Running DRC with 2 threads
INFO: [Vivado_Tcl 4-198] DRC finished with 0 Errors
INFO: [Vivado_Tcl 4-199] Please refer to the DRC report (report_drc) for more information.

Starting Placer Task
INFO: [Place 30-611] Multithreading enabled for place_design using a maximum of 2 CPUs

Phase 1 Placer Initialization

Phase 1.1 Placer Initialization Netlist Sorting
Netlist sorting complete. Time (s): cpu = 00:00:00 ; elapsed = 00:00:00 . Memory (MB): peak = 1135.234 ; gain = 0.000
Phase 1.1 Placer Initialization Netlist Sorting | Checksum: 19f3c502

Time (s): cpu = 00:00:00 ; elapsed = 00:00:00.010 . Memory (MB): peak = 1135.234 ; gain = 0.000
Netlist sorting complete. Time (s): cpu = 00:00:00 ; elapsed = 00:00:00 . Memory (MB): peak = 1135.234 ; gain = 0.000

Phase 1.2 IO Placement/ Clock Placement/ Build Placer Device
INFO: [Timing 38-35] Done setting XDC timing constraints.
Phase 1.2 IO Placement/ Clock Placement/ Build Placer Device | Checksum: 4cf5ee10

Time (s): cpu = 00:00:01 ; elapsed = 00:00:01 . Memory (MB): peak = 1143.336 ; gain = 8.102

Phase 1.3 Build Placer Netlist Model
Phase 1.3 Build Placer Netlist Model | Checksum: 669ef749

Time (s): cpu = 00:00:01 ; elapsed = 00:00:01 . Memory (MB): peak = 1143.336 ; gain = 8.102

Phase 1.4 Constrain Clocks/Macros
Phase 1.4 Constrain Clocks/Macros | Checksum: 669ef749

Time (s): cpu = 00:00:01 ; elapsed = 00:00:01 . Memory (MB): peak = 1143.336 ; gain = 8.102
Phase 1 Placer Initialization | Checksum: 669ef749

Time (s): cpu = 00:00:01 ; elapsed = 00:00:01 . Memory (MB): peak = 1143.336 ; gain = 8.102

Phase 2 Global Placement

Phase 2.1 Floorplanning
Phase 2.1 Floorplanning | Checksum: 669ef749

Time (s): cpu = 00:00:01 ; elapsed = 00:00:01 . Memory (MB): peak = 1143.336 ; gain = 8.102
WARNING: [Place 46-29] place_design is not in timing mode. Skip physical synthesis in placer
Phase 2 Global Placement | Checksum: 149192d64

Time (s): cpu = 00:00:02 ; elapsed = 00:00:02 . Memory (MB): peak = 1143.336 ; gain = 8.102

Phase 3 Detail Placement

Phase 3.1 Commit Multi Column Macros
Phase 3.1 Commit Multi Column Macros | Checksum: 149192d64

Time (s): cpu = 00:00:02 ; elapsed = 00:00:02 . Memory (MB): peak = 1143.336 ; gain = 8.102

Phase 3.2 Commit Most Macros & LUTRAMs
Phase 3.2 Commit Most Macros & LUTRAMs | Checksum: 12eaf1701

Time (s): cpu = 00:00:02 ; elapsed = 00:00:02 . Memory (MB): peak = 1143.336 ; gain = 8.102

Phase 3.3 Area Swap Optimization
Phase 3.3 Area Swap Optimization | Checksum: c6fe8859

Time (s): cpu = 00:00:02 ; elapsed = 00:00:02 . Memory (MB): peak = 1143.336 ; gain = 8.102

Phase 3.4 Pipeline Register Optimization
Phase 3.4 Pipeline Register Optimization | Checksum: c6fe8859

Time (s): cpu = 00:00:02 ; elapsed = 00:00:02 . Memory (MB): peak = 1143.336 ; gain = 8.102

Phase 3.5 Small Shape Detail Placement
Phase 3.5 Small Shape Detail Placement | Checksum: 13784cadf

Time (s): cpu = 00:00:02 ; elapsed = 00:00:02 . Memory (MB): peak = 1145.891 ; gain = 10.656

Phase 3.6 Re-assign LUT pins
Phase 3.6 Re-assign LUT pins | Checksum: 13784cadf

Time (s): cpu = 00:00:02 ; elapsed = 00:00:02 . Memory (MB): peak = 1145.891 ; gain = 10.656

Phase 3.7 Pipeline Register Optimization
Phase 3.7 Pipeline Register Optimization | Checksum: 13784cadf

Time (s): cpu = 00:00:02 ; elapsed = 00:00:02 . Memory (MB): peak = 1145.891 ; gain = 10.656
Phase 3 Detail Placement | Checksum: 13784cadf

Time (s): cpu = 00:00:02 ; elapsed = 00:00:02 . Memory (MB): peak = 1145.891 ; gain = 10.656

Phase 4 Post Placement Optimization and Clean-Up

Phase 4.1 Post Commit Optimization
Phase 4.1 Post Commit Optimization | Checksum: 13784cadf

Time (s): cpu = 00:00:02 ; elapsed = 00:00:02 . Memory (MB): peak = 1145.891 ; gain = 10.656

Phase 4.2 Post Placement Cleanup
Phase 4.2 Post Placement Cleanup | Checksum: 13784cadf

Time (s): cpu = 00:00:02 ; elapsed = 00:00:02 . Memory (MB): peak = 1145.891 ; gain = 10.656

Phase 4.3 Placer Reporting
Phase 4.3 Placer Reporting | Checksum: 13784cadf

Time (s): cpu = 00:00:02 ; elapsed = 00:00:02 . Memory (MB): peak = 1145.891 ; gain = 10.656

Phase 4.4 Final Placement Cleanup
Phase 4.4 Final Placement Cleanup | Checksum: 13784cadf

Time (s): cpu = 00:00:02 ; elapsed = 00:00:02 . Memory (MB): peak = 1145.891 ; gain = 10.656
Phase 4 Post Placement Optimization and Clean-Up | Checksum: 13784cadf

Time (s): cpu = 00:00:02 ; elapsed = 00:00:02 . Memory (MB): peak = 1145.891 ; gain = 10.656
Ending Placer Task | Checksum: ff5ef400

Time (s): cpu = 00:00:02 ; elapsed = 00:00:02 . Memory (MB): peak = 1145.891 ; gain = 10.656
INFO: [Common 17-83] Releasing license: Implementation
39 Infos, 2 Warnings, 0 Critical Warnings and 0 Errors encountered.
place_design completed successfully
WARNING: [Constraints 18-5210] No constraint will be written out.
Writing placer database...
Writing XDEF routing.
Writing XDEF routing logical nets.
Writing XDEF routing special nets.
Write XDEF Complete: Time (s): cpu = 00:00:00 ; elapsed = 00:00:00.358 . Memory (MB): peak = 1145.891 ; gain = 0.000
INFO: [Common 17-1381] The checkpoint 'Z:/CS-401-1-CompArch/Lab01/nBitAluWikipedia/nBitAluWikipedia.runs/impl_1/alu_placed.dcp' has been generated.
INFO: [runtcl-4] Executing : report_io -file alu_io_placed.rpt
report_io: Time (s): cpu = 00:00:00 ; elapsed = 00:00:00.084 . Memory (MB): peak = 1146.219 ; gain = 0.328
INFO: [runtcl-4] Executing : report_utilization -file alu_utilization_placed.rpt -pb alu_utilization_placed.pb
report_utilization: Time (s): cpu = 00:00:00 ; elapsed = 00:00:00.046 . Memory (MB): peak = 1146.219 ; gain = 0.000
INFO: [runtcl-4] Executing : report_control_sets -verbose -file alu_control_sets_placed.rpt
report_control_sets: Time (s): cpu = 00:00:00 ; elapsed = 00:00:00.004 . Memory (MB): peak = 1146.219 ; gain = 0.000
Command: route_design
Attempting to get a license for feature 'Implementation' and/or device 'xc7a100t'
INFO: [Common 17-349] Got license for feature 'Implementation' and/or device 'xc7a100t'
Running DRC as a precondition to command route_design
INFO: [DRC 23-27] Running DRC with 2 threads
INFO: [Vivado_Tcl 4-198] DRC finished with 0 Errors
INFO: [Vivado_Tcl 4-199] Please refer to the DRC report (report_drc) for more information.


Starting Routing Task
INFO: [Route 35-254] Multithreading enabled for route_design using a maximum of 2 CPUs
Checksum: PlaceDB: e56b2efe ConstDB: 0 ShapeSum: 19f3c502 RouteDB: 0

Phase 1 Build RT Design
Phase 1 Build RT Design | Checksum: 54f65fcf

Time (s): cpu = 00:00:33 ; elapsed = 00:00:30 . Memory (MB): peak = 1311.246 ; gain = 164.328
Post Restoration Checksum: NetGraph: 217d5e14 NumContArr: 337901bb Constraints: 0 Timing: 0

Phase 2 Router Initialization
INFO: [Route 35-64] No timing constraints were detected. The router will operate in resource-optimization mode.

Phase 2.1 Fix Topology Constraints
Phase 2.1 Fix Topology Constraints | Checksum: 54f65fcf

Time (s): cpu = 00:00:33 ; elapsed = 00:00:30 . Memory (MB): peak = 1317.426 ; gain = 170.508

Phase 2.2 Pre Route Cleanup
Phase 2.2 Pre Route Cleanup | Checksum: 54f65fcf

Time (s): cpu = 00:00:33 ; elapsed = 00:00:30 . Memory (MB): peak = 1317.426 ; gain = 170.508
 Number of Nodes with overlaps = 0
Phase 2 Router Initialization | Checksum: 11db7f408

Time (s): cpu = 00:00:33 ; elapsed = 00:00:30 . Memory (MB): peak = 1321.492 ; gain = 174.574

Phase 3 Initial Routing
Phase 3 Initial Routing | Checksum: 128b8f28

Time (s): cpu = 00:00:33 ; elapsed = 00:00:30 . Memory (MB): peak = 1321.492 ; gain = 174.574

Phase 4 Rip-up And Reroute

Phase 4.1 Global Iteration 0
 Number of Nodes with overlaps = 4
 Number of Nodes with overlaps = 0
Phase 4.1 Global Iteration 0 | Checksum: 12ba64107

Time (s): cpu = 00:00:34 ; elapsed = 00:00:30 . Memory (MB): peak = 1321.523 ; gain = 174.605
Phase 4 Rip-up And Reroute | Checksum: 12ba64107

Time (s): cpu = 00:00:34 ; elapsed = 00:00:30 . Memory (MB): peak = 1321.523 ; gain = 174.605

Phase 5 Delay and Skew Optimization
Phase 5 Delay and Skew Optimization | Checksum: 12ba64107

Time (s): cpu = 00:00:34 ; elapsed = 00:00:30 . Memory (MB): peak = 1321.523 ; gain = 174.605

Phase 6 Post Hold Fix

Phase 6.1 Hold Fix Iter
Phase 6.1 Hold Fix Iter | Checksum: 12ba64107

Time (s): cpu = 00:00:34 ; elapsed = 00:00:30 . Memory (MB): peak = 1321.523 ; gain = 174.605
Phase 6 Post Hold Fix | Checksum: 12ba64107

Time (s): cpu = 00:00:34 ; elapsed = 00:00:30 . Memory (MB): peak = 1321.523 ; gain = 174.605

Phase 7 Route finalize

Router Utilization Summary
  Global Vertical Routing Utilization    = 0.117639 %
  Global Horizontal Routing Utilization  = 0.138178 %
  Routable Net Status*
  *Does not include unroutable nets such as driverless and loadless.
  Run report_route_status for detailed report.
  Number of Failed Nets               = 0
  Number of Unrouted Nets             = 0
  Number of Partially Routed Nets     = 0
  Number of Node Overlaps             = 0

Congestion Report
North Dir 1x1 Area, Max Cong = 21.6216%, No Congested Regions.
South Dir 1x1 Area, Max Cong = 31.5315%, No Congested Regions.
East Dir 1x1 Area, Max Cong = 17.6471%, No Congested Regions.
West Dir 1x1 Area, Max Cong = 23.5294%, No Congested Regions.

------------------------------
Reporting congestion hotspots
------------------------------
Direction: North
----------------
Congested clusters found at Level 0
Effective congestion level: 0 Aspect Ratio: 1 Sparse Ratio: 0
Direction: South
----------------
Congested clusters found at Level 0
Effective congestion level: 0 Aspect Ratio: 1 Sparse Ratio: 0
Direction: East
----------------
Congested clusters found at Level 0
Effective congestion level: 0 Aspect Ratio: 1 Sparse Ratio: 0
Direction: West
----------------
Congested clusters found at Level 0
Effective congestion level: 0 Aspect Ratio: 1 Sparse Ratio: 0

Phase 7 Route finalize | Checksum: 12ba64107

Time (s): cpu = 00:00:34 ; elapsed = 00:00:31 . Memory (MB): peak = 1321.523 ; gain = 174.605

Phase 8 Verifying routed nets

 Verification completed successfully
Phase 8 Verifying routed nets | Checksum: 12ba64107

Time (s): cpu = 00:00:34 ; elapsed = 00:00:31 . Memory (MB): peak = 1323.500 ; gain = 176.582

Phase 9 Depositing Routes
Phase 9 Depositing Routes | Checksum: 13326b45e

Time (s): cpu = 00:00:34 ; elapsed = 00:00:31 . Memory (MB): peak = 1323.500 ; gain = 176.582
INFO: [Route 35-16] Router Completed Successfully

Time (s): cpu = 00:00:34 ; elapsed = 00:00:31 . Memory (MB): peak = 1323.500 ; gain = 176.582

Routing Is Done.
INFO: [Common 17-83] Releasing license: Implementation
51 Infos, 3 Warnings, 0 Critical Warnings and 0 Errors encountered.
route_design completed successfully
route_design: Time (s): cpu = 00:00:36 ; elapsed = 00:00:32 . Memory (MB): peak = 1323.500 ; gain = 177.281
WARNING: [Constraints 18-5210] No constraint will be written out.
Writing placer database...
Writing XDEF routing.
Writing XDEF routing logical nets.
Writing XDEF routing special nets.
Write XDEF Complete: Time (s): cpu = 00:00:00 ; elapsed = 00:00:00.293 . Memory (MB): peak = 1323.500 ; gain = 0.000
INFO: [Common 17-1381] The checkpoint 'Z:/CS-401-1-CompArch/Lab01/nBitAluWikipedia/nBitAluWikipedia.runs/impl_1/alu_routed.dcp' has been generated.
INFO: [runtcl-4] Executing : report_drc -file alu_drc_routed.rpt -pb alu_drc_routed.pb -rpx alu_drc_routed.rpx
Command: report_drc -file alu_drc_routed.rpt -pb alu_drc_routed.pb -rpx alu_drc_routed.rpx
INFO: [DRC 23-27] Running DRC with 2 threads
INFO: [Coretcl 2-168] The results of DRC are in file Z:/CS-401-1-CompArch/Lab01/nBitAluWikipedia/nBitAluWikipedia.runs/impl_1/alu_drc_routed.rpt.
report_drc completed successfully
INFO: [runtcl-4] Executing : report_methodology -file alu_methodology_drc_routed.rpt -pb alu_methodology_drc_routed.pb -rpx alu_methodology_drc_routed.rpx
Command: report_methodology -file alu_methodology_drc_routed.rpt -pb alu_methodology_drc_routed.pb -rpx alu_methodology_drc_routed.rpx
INFO: [Timing 38-35] Done setting XDC timing constraints.
INFO: [Timing 38-35] Done setting XDC timing constraints.
INFO: [DRC 23-133] Running Methodology with 2 threads
INFO: [Coretcl 2-1520] The results of Report Methodology are in file Z:/CS-401-1-CompArch/Lab01/nBitAluWikipedia/nBitAluWikipedia.runs/impl_1/alu_methodology_drc_routed.rpt.
report_methodology completed successfully
INFO: [runtcl-4] Executing : report_power -file alu_power_routed.rpt -pb alu_power_summary_routed.pb -rpx alu_power_routed.rpx
Command: report_power -file alu_power_routed.rpt -pb alu_power_summary_routed.pb -rpx alu_power_routed.rpx
WARNING: [Power 33-232] No user defined clocks were found in the design!
Resolution: Please specify clocks using create_clock/create_generated_clock for sequential elements. For pure combinatorial circuits, please specify a virtual clock, otherwise the vectorless estimation might be inaccurate
INFO: [Timing 38-35] Done setting XDC timing constraints.
Running Vector-less Activity Propagation...

Finished Running Vector-less Activity Propagation
