Vivado Simulator 2018.2
Time resolution is 1 ps
Error: Failed for 0 and 0 and cin = 0
Time: 5 ns  Iteration: 0  Process: /testAdder/stim_proc  File: Z:/CS-401-1-CompArch/Lab01/genericNBitAdder/genericNBitAdder.srcs/sources_1/new/testBench.vhd
Error: Failed for 0 and 1 and cin = 0
Time: 10 ns  Iteration: 0  Process: /testAdder/stim_proc  File: Z:/CS-401-1-CompArch/Lab01/genericNBitAdder/genericNBitAdder.srcs/sources_1/new/testBench.vhd
Error: Failed for 0 and 2 and cin = 0
Time: 15 ns  Iteration: 0  Process: /testAdder/stim_proc  File: Z:/CS-401-1-CompArch/Lab01/genericNBitAdder/genericNBitAdder.srcs/sources_1/new/testBench.vhd
Error: Failed for 0 and 3 and cin = 0
Time: 20 ns  Iteration: 0  Process: /testAdder/stim_proc  File: Z:/CS-401-1-CompArch/Lab01/genericNBitAdder/genericNBitAdder.srcs/sources_1/new/testBench.vhd
Error: Failed for 0 and 4 and cin = 0
Time: 25 ns  Iteration: 0  Process: /testAdder/stim_proc  File: Z:/CS-401-1-CompArch/Lab01/genericNBitAdder/genericNBitAdder.srcs/sources_1/new/testBench.vhd
Error: Failed for 0 and 5 and cin = 0
Time: 30 ns  Iteration: 0  Process: /testAdder/stim_proc  File: Z:/CS-401-1-CompArch/Lab01/genericNBitAdder/genericNBitAdder.srcs/sources_1/new/testBench.vhd
Error: Failed for 0 and 6 and cin = 0
Time: 35 ns  Iteration: 0  Process: /testAdder/stim_proc  File: Z:/CS-401-1-CompArch/Lab01/genericNBitAdder/genericNBitAdder.srcs/sources_1/new/testBench.vhd
Error: Failed for 0 and 7 and cin = 0
Time: 40 ns  Iteration: 0  Process: /testAdder/stim_proc  File: Z:/CS-401-1-CompArch/Lab01/genericNBitAdder/genericNBitAdder.srcs/sources_1/new/testBench.vhd
Error: Failed for 0 and 8 and cin = 0
Time: 45 ns  Iteration: 0  Process: /testAdder/stim_proc  File: Z:/CS-401-1-CompArch/Lab01/genericNBitAdder/genericNBitAdder.srcs/sources_1/new/testBench.vhd
Error: Failed for 0 and 9 and cin = 0
Time: 50 ns  Iteration: 0  Process: /testAdder/stim_proc  File: Z:/CS-401-1-CompArch/Lab01/genericNBitAdder/genericNBitAdder.srcs/sources_1/new/testBench.vhd
Error: Failed for 0 and 10 and cin = 0
Time: 55 ns  Iteration: 0  Process: /testAdder/stim_proc  File: Z:/CS-401-1-CompArch/Lab01/genericNBitAdder/genericNBitAdder.srcs/sources_1/new/testBench.vhd
Error: Failed for 0 and 11 and cin = 0
Time: 60 ns  Iteration: 0  Process: /testAdder/stim_proc  File: Z:/CS-401-1-CompArch/Lab01/genericNBitAdder/genericNBitAdder.srcs/sources_1/new/testBench.vhd
Error: Failed for 0 and 12 and cin = 0
Time: 65 ns  Iteration: 0  Process: /testAdder/stim_proc  File: Z:/CS-401-1-CompArch/Lab01/genericNBitAdder/genericNBitAdder.srcs/sources_1/new/testBench.vhd
Error: Failed for 0 and 13 and cin = 0
Time: 70 ns  Iteration: 0  Process: /testAdder/stim_proc  File: Z:/CS-401-1-CompArch/Lab01/genericNBitAdder/genericNBitAdder.srcs/sources_1/new/testBench.vhd
Error: Failed for 0 and 14 and cin = 0
Time: 75 ns  Iteration: 0  Process: /testAdder/stim_proc  File: Z:/CS-401-1-CompArch/Lab01/genericNBitAdder/genericNBitAdder.srcs/sources_1/new/testBench.vhd
Error: Failed for 0 and 15 and cin = 0
Time: 80 ns  Iteration: 0  Process: /testAdder/stim_proc  File: Z:/CS-401-1-CompArch/Lab01/genericNBitAdder/genericNBitAdder.srcs/sources_1/new/testBench.vhd
Error: Failed for 1 and 0 and cin = 0
Time: 85 ns  Iteration: 0  Process: /testAdder/stim_proc  File: Z:/CS-401-1-CompArch/Lab01/genericNBitAdder/genericNBitAdder.srcs/sources_1/new/testBench.vhd
Error: Failed for 1 and 1 and cin = 0
Time: 90 ns  Iteration: 0  Process: /testAdder/stim_proc  File: Z:/CS-401-1-CompArch/Lab01/genericNBitAdder/genericNBitAdder.srcs/sources_1/new/testBench.vhd
Error: Failed for 1 and 2 and cin = 0
Time: 95 ns  Iteration: 0  Process: /testAdder/stim_proc  File: Z:/CS-401-1-CompArch/Lab01/genericNBitAdder/genericNBitAdder.srcs/sources_1/new/testBench.vhd
Error: Failed for 1 and 3 and cin = 0
Time: 100 ns  Iteration: 0  Process: /testAdder/stim_proc  File: Z:/CS-401-1-CompArch/Lab01/genericNBitAdder/genericNBitAdder.srcs/sources_1/new/testBench.vhd
Error: Failed for 1 and 4 and cin = 0
Time: 105 ns  Iteration: 0  Process: /testAdder/stim_proc  File: Z:/CS-401-1-CompArch/Lab01/genericNBitAdder/genericNBitAdder.srcs/sources_1/new/testBench.vhd
Error: Failed for 1 and 5 and cin = 0
Time: 110 ns  Iteration: 0  Process: /testAdder/stim_proc  File: Z:/CS-401-1-CompArch/Lab01/genericNBitAdder/genericNBitAdder.srcs/sources_1/new/testBench.vhd
Error: Failed for 1 and 6 and cin = 0
Time: 115 ns  Iteration: 0  Process: /testAdder/stim_proc  File: Z:/CS-401-1-CompArch/Lab01/genericNBitAdder/genericNBitAdder.srcs/sources_1/new/testBench.vhd
Error: Failed for 1 and 7 and cin = 0
Time: 120 ns  Iteration: 0  Process: /testAdder/stim_proc  File: Z:/CS-401-1-CompArch/Lab01/genericNBitAdder/genericNBitAdder.srcs/sources_1/new/testBench.vhd
Error: Failed for 1 and 8 and cin = 0
Time: 125 ns  Iteration: 0  Process: /testAdder/stim_proc  File: Z:/CS-401-1-CompArch/Lab01/genericNBitAdder/genericNBitAdder.srcs/sources_1/new/testBench.vhd
Error: Failed for 1 and 9 and cin = 0
Time: 130 ns  Iteration: 0  Process: /testAdder/stim_proc  File: Z:/CS-401-1-CompArch/Lab01/genericNBitAdder/genericNBitAdder.srcs/sources_1/new/testBench.vhd
Error: Failed for 1 and 10 and cin = 0
Time: 135 ns  Iteration: 0  Process: /testAdder/stim_proc  File: Z:/CS-401-1-CompArch/Lab01/genericNBitAdder/genericNBitAdder.srcs/sources_1/new/testBench.vhd
Error: Failed for 1 and 11 and cin = 0
Time: 140 ns  Iteration: 0  Process: /testAdder/stim_proc  File: Z:/CS-401-1-CompArch/Lab01/genericNBitAdder/genericNBitAdder.srcs/sources_1/new/testBench.vhd
Error: Failed for 1 and 12 and cin = 0
Time: 145 ns  Iteration: 0  Process: /testAdder/stim_proc  File: Z:/CS-401-1-CompArch/Lab01/genericNBitAdder/genericNBitAdder.srcs/sources_1/new/testBench.vhd
Error: Failed for 1 and 13 and cin = 0
Time: 150 ns  Iteration: 0  Process: /testAdder/stim_proc  File: Z:/CS-401-1-CompArch/Lab01/genericNBitAdder/genericNBitAdder.srcs/sources_1/new/testBench.vhd
Error: Failed for 1 and 14 and cin = 0
Time: 155 ns  Iteration: 0  Process: /testAdder/stim_proc  File: Z:/CS-401-1-CompArch/Lab01/genericNBitAdder/genericNBitAdder.srcs/sources_1/new/testBench.vhd
Error: Failed for 1 and 15 and cin = 0
Time: 160 ns  Iteration: 0  Process: /testAdder/stim_proc  File: Z:/CS-401-1-CompArch/Lab01/genericNBitAdder/genericNBitAdder.srcs/sources_1/new/testBench.vhd
Error: Failed for 2 and 0 and cin = 0
Time: 165 ns  Iteration: 0  Process: /testAdder/stim_proc  File: Z:/CS-401-1-CompArch/Lab01/genericNBitAdder/genericNBitAdder.srcs/sources_1/new/testBench.vhd
Error: Failed for 2 and 1 and cin = 0
Time: 170 ns  Iteration: 0  Process: /testAdder/stim_proc  File: Z:/CS-401-1-CompArch/Lab01/genericNBitAdder/genericNBitAdder.srcs/sources_1/new/testBench.vhd
Error: Failed for 2 and 2 and cin = 0
Time: 175 ns  Iteration: 0  Process: /testAdder/stim_proc  File: Z:/CS-401-1-CompArch/Lab01/genericNBitAdder/genericNBitAdder.srcs/sources_1/new/testBench.vhd
Error: Failed for 2 and 3 and cin = 0
Time: 180 ns  Iteration: 0  Process: /testAdder/stim_proc  File: Z:/CS-401-1-CompArch/Lab01/genericNBitAdder/genericNBitAdder.srcs/sources_1/new/testBench.vhd
Error: Failed for 2 and 4 and cin = 0
Time: 185 ns  Iteration: 0  Process: /testAdder/stim_proc  File: Z:/CS-401-1-CompArch/Lab01/genericNBitAdder/genericNBitAdder.srcs/sources_1/new/testBench.vhd
Error: Failed for 2 and 5 and cin = 0
Time: 190 ns  Iteration: 0  Process: /testAdder/stim_proc  File: Z:/CS-401-1-CompArch/Lab01/genericNBitAdder/genericNBitAdder.srcs/sources_1/new/testBench.vhd
Error: Failed for 2 and 6 and cin = 0
Time: 195 ns  Iteration: 0  Process: /testAdder/stim_proc  File: Z:/CS-401-1-CompArch/Lab01/genericNBitAdder/genericNBitAdder.srcs/sources_1/new/testBench.vhd
Error: Failed for 2 and 7 and cin = 0
Time: 200 ns  Iteration: 0  Process: /testAdder/stim_proc  File: Z:/CS-401-1-CompArch/Lab01/genericNBitAdder/genericNBitAdder.srcs/sources_1/new/testBench.vhd
Error: Failed for 2 and 8 and cin = 0
Time: 205 ns  Iteration: 0  Process: /testAdder/stim_proc  File: Z:/CS-401-1-CompArch/Lab01/genericNBitAdder/genericNBitAdder.srcs/sources_1/new/testBench.vhd
Error: Failed for 2 and 9 and cin = 0
Time: 210 ns  Iteration: 0  Process: /testAdder/stim_proc  File: Z:/CS-401-1-CompArch/Lab01/genericNBitAdder/genericNBitAdder.srcs/sources_1/new/testBench.vhd
Error: Failed for 2 and 10 and cin = 0
Time: 215 ns  Iteration: 0  Process: /testAdder/stim_proc  File: Z:/CS-401-1-CompArch/Lab01/genericNBitAdder/genericNBitAdder.srcs/sources_1/new/testBench.vhd
Error: Failed for 2 and 11 and cin = 0
Time: 220 ns  Iteration: 0  Process: /testAdder/stim_proc  File: Z:/CS-401-1-CompArch/Lab01/genericNBitAdder/genericNBitAdder.srcs/sources_1/new/testBench.vhd
Error: Failed for 2 and 12 and cin = 0
Time: 225 ns  Iteration: 0  Process: /testAdder/stim_proc  File: Z:/CS-401-1-CompArch/Lab01/genericNBitAdder/genericNBitAdder.srcs/sources_1/new/testBench.vhd
Error: Failed for 2 and 13 and cin = 0
Time: 230 ns  Iteration: 0  Process: /testAdder/stim_proc  File: Z:/CS-401-1-CompArch/Lab01/genericNBitAdder/genericNBitAdder.srcs/sources_1/new/testBench.vhd
Error: Failed for 2 and 14 and cin = 0
Time: 235 ns  Iteration: 0  Process: /testAdder/stim_proc  File: Z:/CS-401-1-CompArch/Lab01/genericNBitAdder/genericNBitAdder.srcs/sources_1/new/testBench.vhd
Error: Failed for 2 and 15 and cin = 0
Time: 240 ns  Iteration: 0  Process: /testAdder/stim_proc  File: Z:/CS-401-1-CompArch/Lab01/genericNBitAdder/genericNBitAdder.srcs/sources_1/new/testBench.vhd
Error: Failed for 3 and 0 and cin = 0
Time: 245 ns  Iteration: 0  Process: /testAdder/stim_proc  File: Z:/CS-401-1-CompArch/Lab01/genericNBitAdder/genericNBitAdder.srcs/sources_1/new/testBench.vhd
Error: Failed for 3 and 1 and cin = 0
Time: 250 ns  Iteration: 0  Process: /testAdder/stim_proc  File: Z:/CS-401-1-CompArch/Lab01/genericNBitAdder/genericNBitAdder.srcs/sources_1/new/testBench.vhd
Error: Failed for 3 and 2 and cin = 0
Time: 255 ns  Iteration: 0  Process: /testAdder/stim_proc  File: Z:/CS-401-1-CompArch/Lab01/genericNBitAdder/genericNBitAdder.srcs/sources_1/new/testBench.vhd
Error: Failed for 3 and 3 and cin = 0
Time: 260 ns  Iteration: 0  Process: /testAdder/stim_proc  File: Z:/CS-401-1-CompArch/Lab01/genericNBitAdder/genericNBitAdder.srcs/sources_1/new/testBench.vhd
Error: Failed for 3 and 4 and cin = 0
Time: 265 ns  Iteration: 0  Process: /testAdder/stim_proc  File: Z:/CS-401-1-CompArch/Lab01/genericNBitAdder/genericNBitAdder.srcs/sources_1/new/testBench.vhd
Error: Failed for 3 and 5 and cin = 0
Time: 270 ns  Iteration: 0  Process: /testAdder/stim_proc  File: Z:/CS-401-1-CompArch/Lab01/genericNBitAdder/genericNBitAdder.srcs/sources_1/new/testBench.vhd
Error: Failed for 3 and 6 and cin = 0
Time: 275 ns  Iteration: 0  Process: /testAdder/stim_proc  File: Z:/CS-401-1-CompArch/Lab01/genericNBitAdder/genericNBitAdder.srcs/sources_1/new/testBench.vhd
Error: Failed for 3 and 7 and cin = 0
Time: 280 ns  Iteration: 0  Process: /testAdder/stim_proc  File: Z:/CS-401-1-CompArch/Lab01/genericNBitAdder/genericNBitAdder.srcs/sources_1/new/testBench.vhd
Error: Failed for 3 and 8 and cin = 0
Time: 285 ns  Iteration: 0  Process: /testAdder/stim_proc  File: Z:/CS-401-1-CompArch/Lab01/genericNBitAdder/genericNBitAdder.srcs/sources_1/new/testBench.vhd
Error: Failed for 3 and 9 and cin = 0
Time: 290 ns  Iteration: 0  Process: /testAdder/stim_proc  File: Z:/CS-401-1-CompArch/Lab01/genericNBitAdder/genericNBitAdder.srcs/sources_1/new/testBench.vhd
Error: Failed for 3 and 10 and cin = 0
Time: 295 ns  Iteration: 0  Process: /testAdder/stim_proc  File: Z:/CS-401-1-CompArch/Lab01/genericNBitAdder/genericNBitAdder.srcs/sources_1/new/testBench.vhd
Error: Failed for 3 and 11 and cin = 0
Time: 300 ns  Iteration: 0  Process: /testAdder/stim_proc  File: Z:/CS-401-1-CompArch/Lab01/genericNBitAdder/genericNBitAdder.srcs/sources_1/new/testBench.vhd
Error: Failed for 3 and 12 and cin = 0
Time: 305 ns  Iteration: 0  Process: /testAdder/stim_proc  File: Z:/CS-401-1-CompArch/Lab01/genericNBitAdder/genericNBitAdder.srcs/sources_1/new/testBench.vhd
Error: Failed for 3 and 13 and cin = 0
Time: 310 ns  Iteration: 0  Process: /testAdder/stim_proc  File: Z:/CS-401-1-CompArch/Lab01/genericNBitAdder/genericNBitAdder.srcs/sources_1/new/testBench.vhd
Error: Failed for 3 and 14 and cin = 0
Time: 315 ns  Iteration: 0  Process: /testAdder/stim_proc  File: Z:/CS-401-1-CompArch/Lab01/genericNBitAdder/genericNBitAdder.srcs/sources_1/new/testBench.vhd
Error: Failed for 3 and 15 and cin = 0
Time: 320 ns  Iteration: 0  Process: /testAdder/stim_proc  File: Z:/CS-401-1-CompArch/Lab01/genericNBitAdder/genericNBitAdder.srcs/sources_1/new/testBench.vhd
Error: Failed for 4 and 0 and cin = 0
Time: 325 ns  Iteration: 0  Process: /testAdder/stim_proc  File: Z:/CS-401-1-CompArch/Lab01/genericNBitAdder/genericNBitAdder.srcs/sources_1/new/testBench.vhd
Error: Failed for 4 and 1 and cin = 0
Time: 330 ns  Iteration: 0  Process: /testAdder/stim_proc  File: Z:/CS-401-1-CompArch/Lab01/genericNBitAdder/genericNBitAdder.srcs/sources_1/new/testBench.vhd
Error: Failed for 4 and 2 and cin = 0
Time: 335 ns  Iteration: 0  Process: /testAdder/stim_proc  File: Z:/CS-401-1-CompArch/Lab01/genericNBitAdder/genericNBitAdder.srcs/sources_1/new/testBench.vhd
Error: Failed for 4 and 3 and cin = 0
Time: 340 ns  Iteration: 0  Process: /testAdder/stim_proc  File: Z:/CS-401-1-CompArch/Lab01/genericNBitAdder/genericNBitAdder.srcs/sources_1/new/testBench.vhd
Error: Failed for 4 and 4 and cin = 0
Time: 345 ns  Iteration: 0  Process: /testAdder/stim_proc  File: Z:/CS-401-1-CompArch/Lab01/genericNBitAdder/genericNBitAdder.srcs/sources_1/new/testBench.vhd
Error: Failed for 4 and 5 and cin = 0
Time: 350 ns  Iteration: 0  Process: /testAdder/stim_proc  File: Z:/CS-401-1-CompArch/Lab01/genericNBitAdder/genericNBitAdder.srcs/sources_1/new/testBench.vhd
Error: Failed for 4 and 6 and cin = 0
Time: 355 ns  Iteration: 0  Process: /testAdder/stim_proc  File: Z:/CS-401-1-CompArch/Lab01/genericNBitAdder/genericNBitAdder.srcs/sources_1/new/testBench.vhd
Error: Failed for 4 and 7 and cin = 0
Time: 360 ns  Iteration: 0  Process: /testAdder/stim_proc  File: Z:/CS-401-1-CompArch/Lab01/genericNBitAdder/genericNBitAdder.srcs/sources_1/new/testBench.vhd
Error: Failed for 4 and 8 and cin = 0
Time: 365 ns  Iteration: 0  Process: /testAdder/stim_proc  File: Z:/CS-401-1-CompArch/Lab01/genericNBitAdder/genericNBitAdder.srcs/sources_1/new/testBench.vhd
Error: Failed for 4 and 9 and cin = 0
Time: 370 ns  Iteration: 0  Process: /testAdder/stim_proc  File: Z:/CS-401-1-CompArch/Lab01/genericNBitAdder/genericNBitAdder.srcs/sources_1/new/testBench.vhd
Error: Failed for 4 and 10 and cin = 0
Time: 375 ns  Iteration: 0  Process: /testAdder/stim_proc  File: Z:/CS-401-1-CompArch/Lab01/genericNBitAdder/genericNBitAdder.srcs/sources_1/new/testBench.vhd
Error: Failed for 4 and 11 and cin = 0
Time: 380 ns  Iteration: 0  Process: /testAdder/stim_proc  File: Z:/CS-401-1-CompArch/Lab01/genericNBitAdder/genericNBitAdder.srcs/sources_1/new/testBench.vhd
Error: Failed for 4 and 12 and cin = 0
Time: 385 ns  Iteration: 0  Process: /testAdder/stim_proc  File: Z:/CS-401-1-CompArch/Lab01/genericNBitAdder/genericNBitAdder.srcs/sources_1/new/testBench.vhd
Error: Failed for 4 and 13 and cin = 0
Time: 390 ns  Iteration: 0  Process: /testAdder/stim_proc  File: Z:/CS-401-1-CompArch/Lab01/genericNBitAdder/genericNBitAdder.srcs/sources_1/new/testBench.vhd
Error: Failed for 4 and 14 and cin = 0
Time: 395 ns  Iteration: 0  Process: /testAdder/stim_proc  File: Z:/CS-401-1-CompArch/Lab01/genericNBitAdder/genericNBitAdder.srcs/sources_1/new/testBench.vhd
Error: Failed for 4 and 15 and cin = 0
Time: 400 ns  Iteration: 0  Process: /testAdder/stim_proc  File: Z:/CS-401-1-CompArch/Lab01/genericNBitAdder/genericNBitAdder.srcs/sources_1/new/testBench.vhd
Error: Failed for 5 and 0 and cin = 0
Time: 405 ns  Iteration: 0  Process: /testAdder/stim_proc  File: Z:/CS-401-1-CompArch/Lab01/genericNBitAdder/genericNBitAdder.srcs/sources_1/new/testBench.vhd
Error: Failed for 5 and 1 and cin = 0
Time: 410 ns  Iteration: 0  Process: /testAdder/stim_proc  File: Z:/CS-401-1-CompArch/Lab01/genericNBitAdder/genericNBitAdder.srcs/sources_1/new/testBench.vhd
Error: Failed for 5 and 2 and cin = 0
Time: 415 ns  Iteration: 0  Process: /testAdder/stim_proc  File: Z:/CS-401-1-CompArch/Lab01/genericNBitAdder/genericNBitAdder.srcs/sources_1/new/testBench.vhd
Error: Failed for 5 and 3 and cin = 0
Time: 420 ns  Iteration: 0  Process: /testAdder/stim_proc  File: Z:/CS-401-1-CompArch/Lab01/genericNBitAdder/genericNBitAdder.srcs/sources_1/new/testBench.vhd
Error: Failed for 5 and 4 and cin = 0
Time: 425 ns  Iteration: 0  Process: /testAdder/stim_proc  File: Z:/CS-401-1-CompArch/Lab01/genericNBitAdder/genericNBitAdder.srcs/sources_1/new/testBench.vhd
Error: Failed for 5 and 5 and cin = 0
Time: 430 ns  Iteration: 0  Process: /testAdder/stim_proc  File: Z:/CS-401-1-CompArch/Lab01/genericNBitAdder/genericNBitAdder.srcs/sources_1/new/testBench.vhd
Error: Failed for 5 and 6 and cin = 0
Time: 435 ns  Iteration: 0  Process: /testAdder/stim_proc  File: Z:/CS-401-1-CompArch/Lab01/genericNBitAdder/genericNBitAdder.srcs/sources_1/new/testBench.vhd
Error: Failed for 5 and 7 and cin = 0
Time: 440 ns  Iteration: 0  Process: /testAdder/stim_proc  File: Z:/CS-401-1-CompArch/Lab01/genericNBitAdder/genericNBitAdder.srcs/sources_1/new/testBench.vhd
Error: Failed for 5 and 8 and cin = 0
Time: 445 ns  Iteration: 0  Process: /testAdder/stim_proc  File: Z:/CS-401-1-CompArch/Lab01/genericNBitAdder/genericNBitAdder.srcs/sources_1/new/testBench.vhd
Error: Failed for 5 and 9 and cin = 0
Time: 450 ns  Iteration: 0  Process: /testAdder/stim_proc  File: Z:/CS-401-1-CompArch/Lab01/genericNBitAdder/genericNBitAdder.srcs/sources_1/new/testBench.vhd
Error: Failed for 5 and 10 and cin = 0
Time: 455 ns  Iteration: 0  Process: /testAdder/stim_proc  File: Z:/CS-401-1-CompArch/Lab01/genericNBitAdder/genericNBitAdder.srcs/sources_1/new/testBench.vhd
Error: Failed for 5 and 11 and cin = 0
Time: 460 ns  Iteration: 0  Process: /testAdder/stim_proc  File: Z:/CS-401-1-CompArch/Lab01/genericNBitAdder/genericNBitAdder.srcs/sources_1/new/testBench.vhd
Error: Failed for 5 and 12 and cin = 0
Time: 465 ns  Iteration: 0  Process: /testAdder/stim_proc  File: Z:/CS-401-1-CompArch/Lab01/genericNBitAdder/genericNBitAdder.srcs/sources_1/new/testBench.vhd
Error: Failed for 5 and 13 and cin = 0
Time: 470 ns  Iteration: 0  Process: /testAdder/stim_proc  File: Z:/CS-401-1-CompArch/Lab01/genericNBitAdder/genericNBitAdder.srcs/sources_1/new/testBench.vhd
Error: Failed for 5 and 14 and cin = 0
Time: 475 ns  Iteration: 0  Process: /testAdder/stim_proc  File: Z:/CS-401-1-CompArch/Lab01/genericNBitAdder/genericNBitAdder.srcs/sources_1/new/testBench.vhd
Error: Failed for 5 and 15 and cin = 0
Time: 480 ns  Iteration: 0  Process: /testAdder/stim_proc  File: Z:/CS-401-1-CompArch/Lab01/genericNBitAdder/genericNBitAdder.srcs/sources_1/new/testBench.vhd
Error: Failed for 6 and 0 and cin = 0
Time: 485 ns  Iteration: 0  Process: /testAdder/stim_proc  File: Z:/CS-401-1-CompArch/Lab01/genericNBitAdder/genericNBitAdder.srcs/sources_1/new/testBench.vhd
Error: Failed for 6 and 1 and cin = 0
Time: 490 ns  Iteration: 0  Process: /testAdder/stim_proc  File: Z:/CS-401-1-CompArch/Lab01/genericNBitAdder/genericNBitAdder.srcs/sources_1/new/testBench.vhd
Error: Failed for 6 and 2 and cin = 0
Time: 495 ns  Iteration: 0  Process: /testAdder/stim_proc  File: Z:/CS-401-1-CompArch/Lab01/genericNBitAdder/genericNBitAdder.srcs/sources_1/new/testBench.vhd
Error: Failed for 6 and 3 and cin = 0
Time: 500 ns  Iteration: 0  Process: /testAdder/stim_proc  File: Z:/CS-401-1-CompArch/Lab01/genericNBitAdder/genericNBitAdder.srcs/sources_1/new/testBench.vhd
Error: Failed for 6 and 4 and cin = 0
Time: 505 ns  Iteration: 0  Process: /testAdder/stim_proc  File: Z:/CS-401-1-CompArch/Lab01/genericNBitAdder/genericNBitAdder.srcs/sources_1/new/testBench.vhd
Error: Failed for 6 and 5 and cin = 0
Time: 510 ns  Iteration: 0  Process: /testAdder/stim_proc  File: Z:/CS-401-1-CompArch/Lab01/genericNBitAdder/genericNBitAdder.srcs/sources_1/new/testBench.vhd
Error: Failed for 6 and 6 and cin = 0
Time: 515 ns  Iteration: 0  Process: /testAdder/stim_proc  File: Z:/CS-401-1-CompArch/Lab01/genericNBitAdder/genericNBitAdder.srcs/sources_1/new/testBench.vhd
Error: Failed for 6 and 7 and cin = 0
Time: 520 ns  Iteration: 0  Process: /testAdder/stim_proc  File: Z:/CS-401-1-CompArch/Lab01/genericNBitAdder/genericNBitAdder.srcs/sources_1/new/testBench.vhd
Error: Failed for 6 and 8 and cin = 0
Time: 525 ns  Iteration: 0  Process: /testAdder/stim_proc  File: Z:/CS-401-1-CompArch/Lab01/genericNBitAdder/genericNBitAdder.srcs/sources_1/new/testBench.vhd
Error: Failed for 6 and 9 and cin = 0
Time: 530 ns  Iteration: 0  Process: /testAdder/stim_proc  File: Z:/CS-401-1-CompArch/Lab01/genericNBitAdder/genericNBitAdder.srcs/sources_1/new/testBench.vhd
Error: Failed for 6 and 10 and cin = 0
Time: 535 ns  Iteration: 0  Process: /testAdder/stim_proc  File: Z:/CS-401-1-CompArch/Lab01/genericNBitAdder/genericNBitAdder.srcs/sources_1/new/testBench.vhd
Error: Failed for 6 and 11 and cin = 0
Time: 540 ns  Iteration: 0  Process: /testAdder/stim_proc  File: Z:/CS-401-1-CompArch/Lab01/genericNBitAdder/genericNBitAdder.srcs/sources_1/new/testBench.vhd
Error: Failed for 6 and 12 and cin = 0
Time: 545 ns  Iteration: 0  Process: /testAdder/stim_proc  File: Z:/CS-401-1-CompArch/Lab01/genericNBitAdder/genericNBitAdder.srcs/sources_1/new/testBench.vhd
Error: Failed for 6 and 13 and cin = 0
Time: 550 ns  Iteration: 0  Process: /testAdder/stim_proc  File: Z:/CS-401-1-CompArch/Lab01/genericNBitAdder/genericNBitAdder.srcs/sources_1/new/testBench.vhd
Error: Failed for 6 and 14 and cin = 0
Time: 555 ns  Iteration: 0  Process: /testAdder/stim_proc  File: Z:/CS-401-1-CompArch/Lab01/genericNBitAdder/genericNBitAdder.srcs/sources_1/new/testBench.vhd
Error: Failed for 6 and 15 and cin = 0
Time: 560 ns  Iteration: 0  Process: /testAdder/stim_proc  File: Z:/CS-401-1-CompArch/Lab01/genericNBitAdder/genericNBitAdder.srcs/sources_1/new/testBench.vhd
Error: Failed for 7 and 0 and cin = 0
Time: 565 ns  Iteration: 0  Process: /testAdder/stim_proc  File: Z:/CS-401-1-CompArch/Lab01/genericNBitAdder/genericNBitAdder.srcs/sources_1/new/testBench.vhd
Error: Failed for 7 and 1 and cin = 0
Time: 570 ns  Iteration: 0  Process: /testAdder/stim_proc  File: Z:/CS-401-1-CompArch/Lab01/genericNBitAdder/genericNBitAdder.srcs/sources_1/new/testBench.vhd
Error: Failed for 7 and 2 and cin = 0
Time: 575 ns  Iteration: 0  Process: /testAdder/stim_proc  File: Z:/CS-401-1-CompArch/Lab01/genericNBitAdder/genericNBitAdder.srcs/sources_1/new/testBench.vhd
Error: Failed for 7 and 3 and cin = 0
Time: 580 ns  Iteration: 0  Process: /testAdder/stim_proc  File: Z:/CS-401-1-CompArch/Lab01/genericNBitAdder/genericNBitAdder.srcs/sources_1/new/testBench.vhd
Error: Failed for 7 and 4 and cin = 0
Time: 585 ns  Iteration: 0  Process: /testAdder/stim_proc  File: Z:/CS-401-1-CompArch/Lab01/genericNBitAdder/genericNBitAdder.srcs/sources_1/new/testBench.vhd
Error: Failed for 7 and 5 and cin = 0
Time: 590 ns  Iteration: 0  Process: /testAdder/stim_proc  File: Z:/CS-401-1-CompArch/Lab01/genericNBitAdder/genericNBitAdder.srcs/sources_1/new/testBench.vhd
Error: Failed for 7 and 6 and cin = 0
Time: 595 ns  Iteration: 0  Process: /testAdder/stim_proc  File: Z:/CS-401-1-CompArch/Lab01/genericNBitAdder/genericNBitAdder.srcs/sources_1/new/testBench.vhd
Error: Failed for 7 and 7 and cin = 0
Time: 600 ns  Iteration: 0  Process: /testAdder/stim_proc  File: Z:/CS-401-1-CompArch/Lab01/genericNBitAdder/genericNBitAdder.srcs/sources_1/new/testBench.vhd
Error: Failed for 7 and 8 and cin = 0
Time: 605 ns  Iteration: 0  Process: /testAdder/stim_proc  File: Z:/CS-401-1-CompArch/Lab01/genericNBitAdder/genericNBitAdder.srcs/sources_1/new/testBench.vhd
Error: Failed for 7 and 9 and cin = 0
Time: 610 ns  Iteration: 0  Process: /testAdder/stim_proc  File: Z:/CS-401-1-CompArch/Lab01/genericNBitAdder/genericNBitAdder.srcs/sources_1/new/testBench.vhd
Error: Failed for 7 and 10 and cin = 0
Time: 615 ns  Iteration: 0  Process: /testAdder/stim_proc  File: Z:/CS-401-1-CompArch/Lab01/genericNBitAdder/genericNBitAdder.srcs/sources_1/new/testBench.vhd
Error: Failed for 7 and 11 and cin = 0
Time: 620 ns  Iteration: 0  Process: /testAdder/stim_proc  File: Z:/CS-401-1-CompArch/Lab01/genericNBitAdder/genericNBitAdder.srcs/sources_1/new/testBench.vhd
Error: Failed for 7 and 12 and cin = 0
Time: 625 ns  Iteration: 0  Process: /testAdder/stim_proc  File: Z:/CS-401-1-CompArch/Lab01/genericNBitAdder/genericNBitAdder.srcs/sources_1/new/testBench.vhd
Error: Failed for 7 and 13 and cin = 0
Time: 630 ns  Iteration: 0  Process: /testAdder/stim_proc  File: Z:/CS-401-1-CompArch/Lab01/genericNBitAdder/genericNBitAdder.srcs/sources_1/new/testBench.vhd
Error: Failed for 7 and 14 and cin = 0
Time: 635 ns  Iteration: 0  Process: /testAdder/stim_proc  File: Z:/CS-401-1-CompArch/Lab01/genericNBitAdder/genericNBitAdder.srcs/sources_1/new/testBench.vhd
Error: Failed for 7 and 15 and cin = 0
Time: 640 ns  Iteration: 0  Process: /testAdder/stim_proc  File: Z:/CS-401-1-CompArch/Lab01/genericNBitAdder/genericNBitAdder.srcs/sources_1/new/testBench.vhd
Error: Failed for 8 and 0 and cin = 0
Time: 645 ns  Iteration: 0  Process: /testAdder/stim_proc  File: Z:/CS-401-1-CompArch/Lab01/genericNBitAdder/genericNBitAdder.srcs/sources_1/new/testBench.vhd
Error: Failed for 8 and 1 and cin = 0
Time: 650 ns  Iteration: 0  Process: /testAdder/stim_proc  File: Z:/CS-401-1-CompArch/Lab01/genericNBitAdder/genericNBitAdder.srcs/sources_1/new/testBench.vhd
Error: Failed for 8 and 2 and cin = 0
Time: 655 ns  Iteration: 0  Process: /testAdder/stim_proc  File: Z:/CS-401-1-CompArch/Lab01/genericNBitAdder/genericNBitAdder.srcs/sources_1/new/testBench.vhd
Error: Failed for 8 and 3 and cin = 0
Time: 660 ns  Iteration: 0  Process: /testAdder/stim_proc  File: Z:/CS-401-1-CompArch/Lab01/genericNBitAdder/genericNBitAdder.srcs/sources_1/new/testBench.vhd
Error: Failed for 8 and 4 and cin = 0
Time: 665 ns  Iteration: 0  Process: /testAdder/stim_proc  File: Z:/CS-401-1-CompArch/Lab01/genericNBitAdder/genericNBitAdder.srcs/sources_1/new/testBench.vhd
Error: Failed for 8 and 5 and cin = 0
Time: 670 ns  Iteration: 0  Process: /testAdder/stim_proc  File: Z:/CS-401-1-CompArch/Lab01/genericNBitAdder/genericNBitAdder.srcs/sources_1/new/testBench.vhd
Error: Failed for 8 and 6 and cin = 0
Time: 675 ns  Iteration: 0  Process: /testAdder/stim_proc  File: Z:/CS-401-1-CompArch/Lab01/genericNBitAdder/genericNBitAdder.srcs/sources_1/new/testBench.vhd
Error: Failed for 8 and 7 and cin = 0
Time: 680 ns  Iteration: 0  Process: /testAdder/stim_proc  File: Z:/CS-401-1-CompArch/Lab01/genericNBitAdder/genericNBitAdder.srcs/sources_1/new/testBench.vhd
Error: Failed for 8 and 8 and cin = 0
Time: 685 ns  Iteration: 0  Process: /testAdder/stim_proc  File: Z:/CS-401-1-CompArch/Lab01/genericNBitAdder/genericNBitAdder.srcs/sources_1/new/testBench.vhd
Error: Failed for 8 and 9 and cin = 0
Time: 690 ns  Iteration: 0  Process: /testAdder/stim_proc  File: Z:/CS-401-1-CompArch/Lab01/genericNBitAdder/genericNBitAdder.srcs/sources_1/new/testBench.vhd
Error: Failed for 8 and 10 and cin = 0
Time: 695 ns  Iteration: 0  Process: /testAdder/stim_proc  File: Z:/CS-401-1-CompArch/Lab01/genericNBitAdder/genericNBitAdder.srcs/sources_1/new/testBench.vhd
Error: Failed for 8 and 11 and cin = 0
Time: 700 ns  Iteration: 0  Process: /testAdder/stim_proc  File: Z:/CS-401-1-CompArch/Lab01/genericNBitAdder/genericNBitAdder.srcs/sources_1/new/testBench.vhd
Error: Failed for 8 and 12 and cin = 0
Time: 705 ns  Iteration: 0  Process: /testAdder/stim_proc  File: Z:/CS-401-1-CompArch/Lab01/genericNBitAdder/genericNBitAdder.srcs/sources_1/new/testBench.vhd
Error: Failed for 8 and 13 and cin = 0
Time: 710 ns  Iteration: 0  Process: /testAdder/stim_proc  File: Z:/CS-401-1-CompArch/Lab01/genericNBitAdder/genericNBitAdder.srcs/sources_1/new/testBench.vhd
Error: Failed for 8 and 14 and cin = 0
Time: 715 ns  Iteration: 0  Process: /testAdder/stim_proc  File: Z:/CS-401-1-CompArch/Lab01/genericNBitAdder/genericNBitAdder.srcs/sources_1/new/testBench.vhd
Error: Failed for 8 and 15 and cin = 0
Time: 720 ns  Iteration: 0  Process: /testAdder/stim_proc  File: Z:/CS-401-1-CompArch/Lab01/genericNBitAdder/genericNBitAdder.srcs/sources_1/new/testBench.vhd
Error: Failed for 9 and 0 and cin = 0
Time: 725 ns  Iteration: 0  Process: /testAdder/stim_proc  File: Z:/CS-401-1-CompArch/Lab01/genericNBitAdder/genericNBitAdder.srcs/sources_1/new/testBench.vhd
Error: Failed for 9 and 1 and cin = 0
Time: 730 ns  Iteration: 0  Process: /testAdder/stim_proc  File: Z:/CS-401-1-CompArch/Lab01/genericNBitAdder/genericNBitAdder.srcs/sources_1/new/testBench.vhd
Error: Failed for 9 and 2 and cin = 0
Time: 735 ns  Iteration: 0  Process: /testAdder/stim_proc  File: Z:/CS-401-1-CompArch/Lab01/genericNBitAdder/genericNBitAdder.srcs/sources_1/new/testBench.vhd
Error: Failed for 9 and 3 and cin = 0
Time: 740 ns  Iteration: 0  Process: /testAdder/stim_proc  File: Z:/CS-401-1-CompArch/Lab01/genericNBitAdder/genericNBitAdder.srcs/sources_1/new/testBench.vhd
Error: Failed for 9 and 4 and cin = 0
Time: 745 ns  Iteration: 0  Process: /testAdder/stim_proc  File: Z:/CS-401-1-CompArch/Lab01/genericNBitAdder/genericNBitAdder.srcs/sources_1/new/testBench.vhd
Error: Failed for 9 and 5 and cin = 0
Time: 750 ns  Iteration: 0  Process: /testAdder/stim_proc  File: Z:/CS-401-1-CompArch/Lab01/genericNBitAdder/genericNBitAdder.srcs/sources_1/new/testBench.vhd
Error: Failed for 9 and 6 and cin = 0
Time: 755 ns  Iteration: 0  Process: /testAdder/stim_proc  File: Z:/CS-401-1-CompArch/Lab01/genericNBitAdder/genericNBitAdder.srcs/sources_1/new/testBench.vhd
Error: Failed for 9 and 7 and cin = 0
Time: 760 ns  Iteration: 0  Process: /testAdder/stim_proc  File: Z:/CS-401-1-CompArch/Lab01/genericNBitAdder/genericNBitAdder.srcs/sources_1/new/testBench.vhd
Error: Failed for 9 and 8 and cin = 0
Time: 765 ns  Iteration: 0  Process: /testAdder/stim_proc  File: Z:/CS-401-1-CompArch/Lab01/genericNBitAdder/genericNBitAdder.srcs/sources_1/new/testBench.vhd
Error: Failed for 9 and 9 and cin = 0
Time: 770 ns  Iteration: 0  Process: /testAdder/stim_proc  File: Z:/CS-401-1-CompArch/Lab01/genericNBitAdder/genericNBitAdder.srcs/sources_1/new/testBench.vhd
Error: Failed for 9 and 10 and cin = 0
Time: 775 ns  Iteration: 0  Process: /testAdder/stim_proc  File: Z:/CS-401-1-CompArch/Lab01/genericNBitAdder/genericNBitAdder.srcs/sources_1/new/testBench.vhd
Error: Failed for 9 and 11 and cin = 0
Time: 780 ns  Iteration: 0  Process: /testAdder/stim_proc  File: Z:/CS-401-1-CompArch/Lab01/genericNBitAdder/genericNBitAdder.srcs/sources_1/new/testBench.vhd
Error: Failed for 9 and 12 and cin = 0
Time: 785 ns  Iteration: 0  Process: /testAdder/stim_proc  File: Z:/CS-401-1-CompArch/Lab01/genericNBitAdder/genericNBitAdder.srcs/sources_1/new/testBench.vhd
Error: Failed for 9 and 13 and cin = 0
Time: 790 ns  Iteration: 0  Process: /testAdder/stim_proc  File: Z:/CS-401-1-CompArch/Lab01/genericNBitAdder/genericNBitAdder.srcs/sources_1/new/testBench.vhd
Error: Failed for 9 and 14 and cin = 0
Time: 795 ns  Iteration: 0  Process: /testAdder/stim_proc  File: Z:/CS-401-1-CompArch/Lab01/genericNBitAdder/genericNBitAdder.srcs/sources_1/new/testBench.vhd
Error: Failed for 9 and 15 and cin = 0
Time: 800 ns  Iteration: 0  Process: /testAdder/stim_proc  File: Z:/CS-401-1-CompArch/Lab01/genericNBitAdder/genericNBitAdder.srcs/sources_1/new/testBench.vhd
Error: Failed for 10 and 0 and cin = 0
Time: 805 ns  Iteration: 0  Process: /testAdder/stim_proc  File: Z:/CS-401-1-CompArch/Lab01/genericNBitAdder/genericNBitAdder.srcs/sources_1/new/testBench.vhd
Error: Failed for 10 and 1 and cin = 0
Time: 810 ns  Iteration: 0  Process: /testAdder/stim_proc  File: Z:/CS-401-1-CompArch/Lab01/genericNBitAdder/genericNBitAdder.srcs/sources_1/new/testBench.vhd
Error: Failed for 10 and 2 and cin = 0
Time: 815 ns  Iteration: 0  Process: /testAdder/stim_proc  File: Z:/CS-401-1-CompArch/Lab01/genericNBitAdder/genericNBitAdder.srcs/sources_1/new/testBench.vhd
Error: Failed for 10 and 3 and cin = 0
Time: 820 ns  Iteration: 0  Process: /testAdder/stim_proc  File: Z:/CS-401-1-CompArch/Lab01/genericNBitAdder/genericNBitAdder.srcs/sources_1/new/testBench.vhd
Error: Failed for 10 and 4 and cin = 0
Time: 825 ns  Iteration: 0  Process: /testAdder/stim_proc  File: Z:/CS-401-1-CompArch/Lab01/genericNBitAdder/genericNBitAdder.srcs/sources_1/new/testBench.vhd
Error: Failed for 10 and 5 and cin = 0
Time: 830 ns  Iteration: 0  Process: /testAdder/stim_proc  File: Z:/CS-401-1-CompArch/Lab01/genericNBitAdder/genericNBitAdder.srcs/sources_1/new/testBench.vhd
Error: Failed for 10 and 6 and cin = 0
Time: 835 ns  Iteration: 0  Process: /testAdder/stim_proc  File: Z:/CS-401-1-CompArch/Lab01/genericNBitAdder/genericNBitAdder.srcs/sources_1/new/testBench.vhd
Error: Failed for 10 and 7 and cin = 0
Time: 840 ns  Iteration: 0  Process: /testAdder/stim_proc  File: Z:/CS-401-1-CompArch/Lab01/genericNBitAdder/genericNBitAdder.srcs/sources_1/new/testBench.vhd
Error: Failed for 10 and 8 and cin = 0
Time: 845 ns  Iteration: 0  Process: /testAdder/stim_proc  File: Z:/CS-401-1-CompArch/Lab01/genericNBitAdder/genericNBitAdder.srcs/sources_1/new/testBench.vhd
Error: Failed for 10 and 9 and cin = 0
Time: 850 ns  Iteration: 0  Process: /testAdder/stim_proc  File: Z:/CS-401-1-CompArch/Lab01/genericNBitAdder/genericNBitAdder.srcs/sources_1/new/testBench.vhd
Error: Failed for 10 and 10 and cin = 0
Time: 855 ns  Iteration: 0  Process: /testAdder/stim_proc  File: Z:/CS-401-1-CompArch/Lab01/genericNBitAdder/genericNBitAdder.srcs/sources_1/new/testBench.vhd
Error: Failed for 10 and 11 and cin = 0
Time: 860 ns  Iteration: 0  Process: /testAdder/stim_proc  File: Z:/CS-401-1-CompArch/Lab01/genericNBitAdder/genericNBitAdder.srcs/sources_1/new/testBench.vhd
Error: Failed for 10 and 12 and cin = 0
Time: 865 ns  Iteration: 0  Process: /testAdder/stim_proc  File: Z:/CS-401-1-CompArch/Lab01/genericNBitAdder/genericNBitAdder.srcs/sources_1/new/testBench.vhd
Error: Failed for 10 and 13 and cin = 0
Time: 870 ns  Iteration: 0  Process: /testAdder/stim_proc  File: Z:/CS-401-1-CompArch/Lab01/genericNBitAdder/genericNBitAdder.srcs/sources_1/new/testBench.vhd
Error: Failed for 10 and 14 and cin = 0
Time: 875 ns  Iteration: 0  Process: /testAdder/stim_proc  File: Z:/CS-401-1-CompArch/Lab01/genericNBitAdder/genericNBitAdder.srcs/sources_1/new/testBench.vhd
Error: Failed for 10 and 15 and cin = 0
Time: 880 ns  Iteration: 0  Process: /testAdder/stim_proc  File: Z:/CS-401-1-CompArch/Lab01/genericNBitAdder/genericNBitAdder.srcs/sources_1/new/testBench.vhd
Error: Failed for 11 and 0 and cin = 0
Time: 885 ns  Iteration: 0  Process: /testAdder/stim_proc  File: Z:/CS-401-1-CompArch/Lab01/genericNBitAdder/genericNBitAdder.srcs/sources_1/new/testBench.vhd
Error: Failed for 11 and 1 and cin = 0
Time: 890 ns  Iteration: 0  Process: /testAdder/stim_proc  File: Z:/CS-401-1-CompArch/Lab01/genericNBitAdder/genericNBitAdder.srcs/sources_1/new/testBench.vhd
Error: Failed for 11 and 2 and cin = 0
Time: 895 ns  Iteration: 0  Process: /testAdder/stim_proc  File: Z:/CS-401-1-CompArch/Lab01/genericNBitAdder/genericNBitAdder.srcs/sources_1/new/testBench.vhd
Error: Failed for 11 and 3 and cin = 0
Time: 900 ns  Iteration: 0  Process: /testAdder/stim_proc  File: Z:/CS-401-1-CompArch/Lab01/genericNBitAdder/genericNBitAdder.srcs/sources_1/new/testBench.vhd
Error: Failed for 11 and 4 and cin = 0
Time: 905 ns  Iteration: 0  Process: /testAdder/stim_proc  File: Z:/CS-401-1-CompArch/Lab01/genericNBitAdder/genericNBitAdder.srcs/sources_1/new/testBench.vhd
Error: Failed for 11 and 5 and cin = 0
Time: 910 ns  Iteration: 0  Process: /testAdder/stim_proc  File: Z:/CS-401-1-CompArch/Lab01/genericNBitAdder/genericNBitAdder.srcs/sources_1/new/testBench.vhd
Error: Failed for 11 and 6 and cin = 0
Time: 915 ns  Iteration: 0  Process: /testAdder/stim_proc  File: Z:/CS-401-1-CompArch/Lab01/genericNBitAdder/genericNBitAdder.srcs/sources_1/new/testBench.vhd
Error: Failed for 11 and 7 and cin = 0
Time: 920 ns  Iteration: 0  Process: /testAdder/stim_proc  File: Z:/CS-401-1-CompArch/Lab01/genericNBitAdder/genericNBitAdder.srcs/sources_1/new/testBench.vhd
Error: Failed for 11 and 8 and cin = 0
Time: 925 ns  Iteration: 0  Process: /testAdder/stim_proc  File: Z:/CS-401-1-CompArch/Lab01/genericNBitAdder/genericNBitAdder.srcs/sources_1/new/testBench.vhd
Error: Failed for 11 and 9 and cin = 0
Time: 930 ns  Iteration: 0  Process: /testAdder/stim_proc  File: Z:/CS-401-1-CompArch/Lab01/genericNBitAdder/genericNBitAdder.srcs/sources_1/new/testBench.vhd
Error: Failed for 11 and 10 and cin = 0
Time: 935 ns  Iteration: 0  Process: /testAdder/stim_proc  File: Z:/CS-401-1-CompArch/Lab01/genericNBitAdder/genericNBitAdder.srcs/sources_1/new/testBench.vhd
Error: Failed for 11 and 11 and cin = 0
Time: 940 ns  Iteration: 0  Process: /testAdder/stim_proc  File: Z:/CS-401-1-CompArch/Lab01/genericNBitAdder/genericNBitAdder.srcs/sources_1/new/testBench.vhd
Error: Failed for 11 and 12 and cin = 0
Time: 945 ns  Iteration: 0  Process: /testAdder/stim_proc  File: Z:/CS-401-1-CompArch/Lab01/genericNBitAdder/genericNBitAdder.srcs/sources_1/new/testBench.vhd
Error: Failed for 11 and 13 and cin = 0
Time: 950 ns  Iteration: 0  Process: /testAdder/stim_proc  File: Z:/CS-401-1-CompArch/Lab01/genericNBitAdder/genericNBitAdder.srcs/sources_1/new/testBench.vhd
Error: Failed for 11 and 14 and cin = 0
Time: 955 ns  Iteration: 0  Process: /testAdder/stim_proc  File: Z:/CS-401-1-CompArch/Lab01/genericNBitAdder/genericNBitAdder.srcs/sources_1/new/testBench.vhd
Error: Failed for 11 and 15 and cin = 0
Time: 960 ns  Iteration: 0  Process: /testAdder/stim_proc  File: Z:/CS-401-1-CompArch/Lab01/genericNBitAdder/genericNBitAdder.srcs/sources_1/new/testBench.vhd
Error: Failed for 12 and 0 and cin = 0
Time: 965 ns  Iteration: 0  Process: /testAdder/stim_proc  File: Z:/CS-401-1-CompArch/Lab01/genericNBitAdder/genericNBitAdder.srcs/sources_1/new/testBench.vhd
Error: Failed for 12 and 1 and cin = 0
Time: 970 ns  Iteration: 0  Process: /testAdder/stim_proc  File: Z:/CS-401-1-CompArch/Lab01/genericNBitAdder/genericNBitAdder.srcs/sources_1/new/testBench.vhd
Error: Failed for 12 and 2 and cin = 0
Time: 975 ns  Iteration: 0  Process: /testAdder/stim_proc  File: Z:/CS-401-1-CompArch/Lab01/genericNBitAdder/genericNBitAdder.srcs/sources_1/new/testBench.vhd
Error: Failed for 12 and 3 and cin = 0
Time: 980 ns  Iteration: 0  Process: /testAdder/stim_proc  File: Z:/CS-401-1-CompArch/Lab01/genericNBitAdder/genericNBitAdder.srcs/sources_1/new/testBench.vhd
Error: Failed for 12 and 4 and cin = 0
Time: 985 ns  Iteration: 0  Process: /testAdder/stim_proc  File: Z:/CS-401-1-CompArch/Lab01/genericNBitAdder/genericNBitAdder.srcs/sources_1/new/testBench.vhd
Error: Failed for 12 and 5 and cin = 0
Time: 990 ns  Iteration: 0  Process: /testAdder/stim_proc  File: Z:/CS-401-1-CompArch/Lab01/genericNBitAdder/genericNBitAdder.srcs/sources_1/new/testBench.vhd
Error: Failed for 12 and 6 and cin = 0
Time: 995 ns  Iteration: 0  Process: /testAdder/stim_proc  File: Z:/CS-401-1-CompArch/Lab01/genericNBitAdder/genericNBitAdder.srcs/sources_1/new/testBench.vhd
Error: Failed for 12 and 7 and cin = 0
Time: 1 us  Iteration: 0  Process: /testAdder/stim_proc  File: Z:/CS-401-1-CompArch/Lab01/genericNBitAdder/genericNBitAdder.srcs/sources_1/new/testBench.vhd
Error: Failed for 0 and 0 and cin = 0
Time: 5 ns  Iteration: 0  Process: /testAdder/stim_proc  File: Z:/CS-401-1-CompArch/Lab01/genericNBitAdder/genericNBitAdder.srcs/sources_1/new/testBench.vhd
Error: Failed for 0 and 1 and cin = 0
Time: 10 ns  Iteration: 0  Process: /testAdder/stim_proc  File: Z:/CS-401-1-CompArch/Lab01/genericNBitAdder/genericNBitAdder.srcs/sources_1/new/testBench.vhd
Error: Failed for 0 and 2 and cin = 0
Time: 15 ns  Iteration: 0  Process: /testAdder/stim_proc  File: Z:/CS-401-1-CompArch/Lab01/genericNBitAdder/genericNBitAdder.srcs/sources_1/new/testBench.vhd
Error: Failed for 0 and 3 and cin = 0
Time: 20 ns  Iteration: 0  Process: /testAdder/stim_proc  File: Z:/CS-401-1-CompArch/Lab01/genericNBitAdder/genericNBitAdder.srcs/sources_1/new/testBench.vhd
Error: Failed for 0 and 4 and cin = 0
Time: 25 ns  Iteration: 0  Process: /testAdder/stim_proc  File: Z:/CS-401-1-CompArch/Lab01/genericNBitAdder/genericNBitAdder.srcs/sources_1/new/testBench.vhd
Error: Failed for 0 and 5 and cin = 0
Time: 30 ns  Iteration: 0  Process: /testAdder/stim_proc  File: Z:/CS-401-1-CompArch/Lab01/genericNBitAdder/genericNBitAdder.srcs/sources_1/new/testBench.vhd
Error: Failed for 0 and 6 and cin = 0
Time: 35 ns  Iteration: 0  Process: /testAdder/stim_proc  File: Z:/CS-401-1-CompArch/Lab01/genericNBitAdder/genericNBitAdder.srcs/sources_1/new/testBench.vhd
Error: Failed for 0 and 7 and cin = 0
Time: 40 ns  Iteration: 0  Process: /testAdder/stim_proc  File: Z:/CS-401-1-CompArch/Lab01/genericNBitAdder/genericNBitAdder.srcs/sources_1/new/testBench.vhd
Error: Failed for 0 and 8 and cin = 0
Time: 45 ns  Iteration: 0  Process: /testAdder/stim_proc  File: Z:/CS-401-1-CompArch/Lab01/genericNBitAdder/genericNBitAdder.srcs/sources_1/new/testBench.vhd
Error: Failed for 0 and 9 and cin = 0
Time: 50 ns  Iteration: 0  Process: /testAdder/stim_proc  File: Z:/CS-401-1-CompArch/Lab01/genericNBitAdder/genericNBitAdder.srcs/sources_1/new/testBench.vhd
Error: Failed for 0 and 10 and cin = 0
Time: 55 ns  Iteration: 0  Process: /testAdder/stim_proc  File: Z:/CS-401-1-CompArch/Lab01/genericNBitAdder/genericNBitAdder.srcs/sources_1/new/testBench.vhd
Error: Failed for 0 and 11 and cin = 0
Time: 60 ns  Iteration: 0  Process: /testAdder/stim_proc  File: Z:/CS-401-1-CompArch/Lab01/genericNBitAdder/genericNBitAdder.srcs/sources_1/new/testBench.vhd
Error: Failed for 0 and 12 and cin = 0
Time: 65 ns  Iteration: 0  Process: /testAdder/stim_proc  File: Z:/CS-401-1-CompArch/Lab01/genericNBitAdder/genericNBitAdder.srcs/sources_1/new/testBench.vhd
Error: Failed for 0 and 13 and cin = 0
Time: 70 ns  Iteration: 0  Process: /testAdder/stim_proc  File: Z:/CS-401-1-CompArch/Lab01/genericNBitAdder/genericNBitAdder.srcs/sources_1/new/testBench.vhd
Error: Failed for 0 and 14 and cin = 0
Time: 75 ns  Iteration: 0  Process: /testAdder/stim_proc  File: Z:/CS-401-1-CompArch/Lab01/genericNBitAdder/genericNBitAdder.srcs/sources_1/new/testBench.vhd
Error: Failed for 0 and 15 and cin = 0
Time: 80 ns  Iteration: 0  Process: /testAdder/stim_proc  File: Z:/CS-401-1-CompArch/Lab01/genericNBitAdder/genericNBitAdder.srcs/sources_1/new/testBench.vhd
Error: Failed for 1 and 0 and cin = 0
Time: 85 ns  Iteration: 0  Process: /testAdder/stim_proc  File: Z:/CS-401-1-CompArch/Lab01/genericNBitAdder/genericNBitAdder.srcs/sources_1/new/testBench.vhd
Error: Failed for 1 and 1 and cin = 0
Time: 90 ns  Iteration: 0  Process: /testAdder/stim_proc  File: Z:/CS-401-1-CompArch/Lab01/genericNBitAdder/genericNBitAdder.srcs/sources_1/new/testBench.vhd
Error: Failed for 1 and 2 and cin = 0
Time: 95 ns  Iteration: 0  Process: /testAdder/stim_proc  File: Z:/CS-401-1-CompArch/Lab01/genericNBitAdder/genericNBitAdder.srcs/sources_1/new/testBench.vhd
Error: Failed for 1 and 3 and cin = 0
Time: 100 ns  Iteration: 0  Process: /testAdder/stim_proc  File: Z:/CS-401-1-CompArch/Lab01/genericNBitAdder/genericNBitAdder.srcs/sources_1/new/testBench.vhd
Error: Failed for 1 and 4 and cin = 0
Time: 105 ns  Iteration: 0  Process: /testAdder/stim_proc  File: Z:/CS-401-1-CompArch/Lab01/genericNBitAdder/genericNBitAdder.srcs/sources_1/new/testBench.vhd
Error: Failed for 1 and 5 and cin = 0
Time: 110 ns  Iteration: 0  Process: /testAdder/stim_proc  File: Z:/CS-401-1-CompArch/Lab01/genericNBitAdder/genericNBitAdder.srcs/sources_1/new/testBench.vhd
Error: Failed for 1 and 6 and cin = 0
Time: 115 ns  Iteration: 0  Process: /testAdder/stim_proc  File: Z:/CS-401-1-CompArch/Lab01/genericNBitAdder/genericNBitAdder.srcs/sources_1/new/testBench.vhd
Error: Failed for 1 and 7 and cin = 0
Time: 120 ns  Iteration: 0  Process: /testAdder/stim_proc  File: Z:/CS-401-1-CompArch/Lab01/genericNBitAdder/genericNBitAdder.srcs/sources_1/new/testBench.vhd
Error: Failed for 1 and 8 and cin = 0
Time: 125 ns  Iteration: 0  Process: /testAdder/stim_proc  File: Z:/CS-401-1-CompArch/Lab01/genericNBitAdder/genericNBitAdder.srcs/sources_1/new/testBench.vhd
Error: Failed for 1 and 9 and cin = 0
Time: 130 ns  Iteration: 0  Process: /testAdder/stim_proc  File: Z:/CS-401-1-CompArch/Lab01/genericNBitAdder/genericNBitAdder.srcs/sources_1/new/testBench.vhd
Error: Failed for 1 and 10 and cin = 0
Time: 135 ns  Iteration: 0  Process: /testAdder/stim_proc  File: Z:/CS-401-1-CompArch/Lab01/genericNBitAdder/genericNBitAdder.srcs/sources_1/new/testBench.vhd
Error: Failed for 1 and 11 and cin = 0
Time: 140 ns  Iteration: 0  Process: /testAdder/stim_proc  File: Z:/CS-401-1-CompArch/Lab01/genericNBitAdder/genericNBitAdder.srcs/sources_1/new/testBench.vhd
Error: Failed for 1 and 12 and cin = 0
Time: 145 ns  Iteration: 0  Process: /testAdder/stim_proc  File: Z:/CS-401-1-CompArch/Lab01/genericNBitAdder/genericNBitAdder.srcs/sources_1/new/testBench.vhd
Error: Failed for 1 and 13 and cin = 0
Time: 150 ns  Iteration: 0  Process: /testAdder/stim_proc  File: Z:/CS-401-1-CompArch/Lab01/genericNBitAdder/genericNBitAdder.srcs/sources_1/new/testBench.vhd
Error: Failed for 1 and 14 and cin = 0
Time: 155 ns  Iteration: 0  Process: /testAdder/stim_proc  File: Z:/CS-401-1-CompArch/Lab01/genericNBitAdder/genericNBitAdder.srcs/sources_1/new/testBench.vhd
Error: Failed for 1 and 15 and cin = 0
Time: 160 ns  Iteration: 0  Process: /testAdder/stim_proc  File: Z:/CS-401-1-CompArch/Lab01/genericNBitAdder/genericNBitAdder.srcs/sources_1/new/testBench.vhd
Error: Failed for 2 and 0 and cin = 0
Time: 165 ns  Iteration: 0  Process: /testAdder/stim_proc  File: Z:/CS-401-1-CompArch/Lab01/genericNBitAdder/genericNBitAdder.srcs/sources_1/new/testBench.vhd
Error: Failed for 2 and 1 and cin = 0
Time: 170 ns  Iteration: 0  Process: /testAdder/stim_proc  File: Z:/CS-401-1-CompArch/Lab01/genericNBitAdder/genericNBitAdder.srcs/sources_1/new/testBench.vhd
Error: Failed for 2 and 2 and cin = 0
Time: 175 ns  Iteration: 0  Process: /testAdder/stim_proc  File: Z:/CS-401-1-CompArch/Lab01/genericNBitAdder/genericNBitAdder.srcs/sources_1/new/testBench.vhd
Error: Failed for 2 and 3 and cin = 0
Time: 180 ns  Iteration: 0  Process: /testAdder/stim_proc  File: Z:/CS-401-1-CompArch/Lab01/genericNBitAdder/genericNBitAdder.srcs/sources_1/new/testBench.vhd
Error: Failed for 2 and 4 and cin = 0
Time: 185 ns  Iteration: 0  Process: /testAdder/stim_proc  File: Z:/CS-401-1-CompArch/Lab01/genericNBitAdder/genericNBitAdder.srcs/sources_1/new/testBench.vhd
Error: Failed for 2 and 5 and cin = 0
Time: 190 ns  Iteration: 0  Process: /testAdder/stim_proc  File: Z:/CS-401-1-CompArch/Lab01/genericNBitAdder/genericNBitAdder.srcs/sources_1/new/testBench.vhd
Error: Failed for 2 and 6 and cin = 0
Time: 195 ns  Iteration: 0  Process: /testAdder/stim_proc  File: Z:/CS-401-1-CompArch/Lab01/genericNBitAdder/genericNBitAdder.srcs/sources_1/new/testBench.vhd
Error: Failed for 2 and 7 and cin = 0
Time: 200 ns  Iteration: 0  Process: /testAdder/stim_proc  File: Z:/CS-401-1-CompArch/Lab01/genericNBitAdder/genericNBitAdder.srcs/sources_1/new/testBench.vhd
Error: Failed for 2 and 8 and cin = 0
Time: 205 ns  Iteration: 0  Process: /testAdder/stim_proc  File: Z:/CS-401-1-CompArch/Lab01/genericNBitAdder/genericNBitAdder.srcs/sources_1/new/testBench.vhd
Error: Failed for 2 and 9 and cin = 0
Time: 210 ns  Iteration: 0  Process: /testAdder/stim_proc  File: Z:/CS-401-1-CompArch/Lab01/genericNBitAdder/genericNBitAdder.srcs/sources_1/new/testBench.vhd
Error: Failed for 2 and 10 and cin = 0
Time: 215 ns  Iteration: 0  Process: /testAdder/stim_proc  File: Z:/CS-401-1-CompArch/Lab01/genericNBitAdder/genericNBitAdder.srcs/sources_1/new/testBench.vhd
Error: Failed for 2 and 11 and cin = 0
Time: 220 ns  Iteration: 0  Process: /testAdder/stim_proc  File: Z:/CS-401-1-CompArch/Lab01/genericNBitAdder/genericNBitAdder.srcs/sources_1/new/testBench.vhd
Error: Failed for 2 and 12 and cin = 0
Time: 225 ns  Iteration: 0  Process: /testAdder/stim_proc  File: Z:/CS-401-1-CompArch/Lab01/genericNBitAdder/genericNBitAdder.srcs/sources_1/new/testBench.vhd
Error: Failed for 2 and 13 and cin = 0
Time: 230 ns  Iteration: 0  Process: /testAdder/stim_proc  File: Z:/CS-401-1-CompArch/Lab01/genericNBitAdder/genericNBitAdder.srcs/sources_1/new/testBench.vhd
Error: Failed for 2 and 14 and cin = 0
Time: 235 ns  Iteration: 0  Process: /testAdder/stim_proc  File: Z:/CS-401-1-CompArch/Lab01/genericNBitAdder/genericNBitAdder.srcs/sources_1/new/testBench.vhd
Error: Failed for 2 and 15 and cin = 0
Time: 240 ns  Iteration: 0  Process: /testAdder/stim_proc  File: Z:/CS-401-1-CompArch/Lab01/genericNBitAdder/genericNBitAdder.srcs/sources_1/new/testBench.vhd
Error: Failed for 3 and 0 and cin = 0
Time: 245 ns  Iteration: 0  Process: /testAdder/stim_proc  File: Z:/CS-401-1-CompArch/Lab01/genericNBitAdder/genericNBitAdder.srcs/sources_1/new/testBench.vhd
Error: Failed for 3 and 1 and cin = 0
Time: 250 ns  Iteration: 0  Process: /testAdder/stim_proc  File: Z:/CS-401-1-CompArch/Lab01/genericNBitAdder/genericNBitAdder.srcs/sources_1/new/testBench.vhd
Error: Failed for 3 and 2 and cin = 0
Time: 255 ns  Iteration: 0  Process: /testAdder/stim_proc  File: Z:/CS-401-1-CompArch/Lab01/genericNBitAdder/genericNBitAdder.srcs/sources_1/new/testBench.vhd
Error: Failed for 3 and 3 and cin = 0
Time: 260 ns  Iteration: 0  Process: /testAdder/stim_proc  File: Z:/CS-401-1-CompArch/Lab01/genericNBitAdder/genericNBitAdder.srcs/sources_1/new/testBench.vhd
Error: Failed for 3 and 4 and cin = 0
Time: 265 ns  Iteration: 0  Process: /testAdder/stim_proc  File: Z:/CS-401-1-CompArch/Lab01/genericNBitAdder/genericNBitAdder.srcs/sources_1/new/testBench.vhd
Error: Failed for 3 and 5 and cin = 0
Time: 270 ns  Iteration: 0  Process: /testAdder/stim_proc  File: Z:/CS-401-1-CompArch/Lab01/genericNBitAdder/genericNBitAdder.srcs/sources_1/new/testBench.vhd
Error: Failed for 3 and 6 and cin = 0
Time: 275 ns  Iteration: 0  Process: /testAdder/stim_proc  File: Z:/CS-401-1-CompArch/Lab01/genericNBitAdder/genericNBitAdder.srcs/sources_1/new/testBench.vhd
Error: Failed for 3 and 7 and cin = 0
Time: 280 ns  Iteration: 0  Process: /testAdder/stim_proc  File: Z:/CS-401-1-CompArch/Lab01/genericNBitAdder/genericNBitAdder.srcs/sources_1/new/testBench.vhd
Error: Failed for 3 and 8 and cin = 0
Time: 285 ns  Iteration: 0  Process: /testAdder/stim_proc  File: Z:/CS-401-1-CompArch/Lab01/genericNBitAdder/genericNBitAdder.srcs/sources_1/new/testBench.vhd
Error: Failed for 3 and 9 and cin = 0
Time: 290 ns  Iteration: 0  Process: /testAdder/stim_proc  File: Z:/CS-401-1-CompArch/Lab01/genericNBitAdder/genericNBitAdder.srcs/sources_1/new/testBench.vhd
Error: Failed for 3 and 10 and cin = 0
Time: 295 ns  Iteration: 0  Process: /testAdder/stim_proc  File: Z:/CS-401-1-CompArch/Lab01/genericNBitAdder/genericNBitAdder.srcs/sources_1/new/testBench.vhd
Error: Failed for 3 and 11 and cin = 0
Time: 300 ns  Iteration: 0  Process: /testAdder/stim_proc  File: Z:/CS-401-1-CompArch/Lab01/genericNBitAdder/genericNBitAdder.srcs/sources_1/new/testBench.vhd
Error: Failed for 3 and 12 and cin = 0
Time: 305 ns  Iteration: 0  Process: /testAdder/stim_proc  File: Z:/CS-401-1-CompArch/Lab01/genericNBitAdder/genericNBitAdder.srcs/sources_1/new/testBench.vhd
Error: Failed for 3 and 13 and cin = 0
Time: 310 ns  Iteration: 0  Process: /testAdder/stim_proc  File: Z:/CS-401-1-CompArch/Lab01/genericNBitAdder/genericNBitAdder.srcs/sources_1/new/testBench.vhd
Error: Failed for 3 and 14 and cin = 0
Time: 315 ns  Iteration: 0  Process: /testAdder/stim_proc  File: Z:/CS-401-1-CompArch/Lab01/genericNBitAdder/genericNBitAdder.srcs/sources_1/new/testBench.vhd
Error: Failed for 3 and 15 and cin = 0
Time: 320 ns  Iteration: 0  Process: /testAdder/stim_proc  File: Z:/CS-401-1-CompArch/Lab01/genericNBitAdder/genericNBitAdder.srcs/sources_1/new/testBench.vhd
Error: Failed for 4 and 0 and cin = 0
Time: 325 ns  Iteration: 0  Process: /testAdder/stim_proc  File: Z:/CS-401-1-CompArch/Lab01/genericNBitAdder/genericNBitAdder.srcs/sources_1/new/testBench.vhd
Error: Failed for 4 and 1 and cin = 0
Time: 330 ns  Iteration: 0  Process: /testAdder/stim_proc  File: Z:/CS-401-1-CompArch/Lab01/genericNBitAdder/genericNBitAdder.srcs/sources_1/new/testBench.vhd
Error: Failed for 4 and 2 and cin = 0
Time: 335 ns  Iteration: 0  Process: /testAdder/stim_proc  File: Z:/CS-401-1-CompArch/Lab01/genericNBitAdder/genericNBitAdder.srcs/sources_1/new/testBench.vhd
Error: Failed for 4 and 3 and cin = 0
Time: 340 ns  Iteration: 0  Process: /testAdder/stim_proc  File: Z:/CS-401-1-CompArch/Lab01/genericNBitAdder/genericNBitAdder.srcs/sources_1/new/testBench.vhd
Error: Failed for 4 and 4 and cin = 0
Time: 345 ns  Iteration: 0  Process: /testAdder/stim_proc  File: Z:/CS-401-1-CompArch/Lab01/genericNBitAdder/genericNBitAdder.srcs/sources_1/new/testBench.vhd
Error: Failed for 4 and 5 and cin = 0
Time: 350 ns  Iteration: 0  Process: /testAdder/stim_proc  File: Z:/CS-401-1-CompArch/Lab01/genericNBitAdder/genericNBitAdder.srcs/sources_1/new/testBench.vhd
Error: Failed for 4 and 6 and cin = 0
Time: 355 ns  Iteration: 0  Process: /testAdder/stim_proc  File: Z:/CS-401-1-CompArch/Lab01/genericNBitAdder/genericNBitAdder.srcs/sources_1/new/testBench.vhd
Error: Failed for 4 and 7 and cin = 0
Time: 360 ns  Iteration: 0  Process: /testAdder/stim_proc  File: Z:/CS-401-1-CompArch/Lab01/genericNBitAdder/genericNBitAdder.srcs/sources_1/new/testBench.vhd
Error: Failed for 4 and 8 and cin = 0
Time: 365 ns  Iteration: 0  Process: /testAdder/stim_proc  File: Z:/CS-401-1-CompArch/Lab01/genericNBitAdder/genericNBitAdder.srcs/sources_1/new/testBench.vhd
Error: Failed for 4 and 9 and cin = 0
Time: 370 ns  Iteration: 0  Process: /testAdder/stim_proc  File: Z:/CS-401-1-CompArch/Lab01/genericNBitAdder/genericNBitAdder.srcs/sources_1/new/testBench.vhd
Error: Failed for 4 and 10 and cin = 0
Time: 375 ns  Iteration: 0  Process: /testAdder/stim_proc  File: Z:/CS-401-1-CompArch/Lab01/genericNBitAdder/genericNBitAdder.srcs/sources_1/new/testBench.vhd
Error: Failed for 4 and 11 and cin = 0
Time: 380 ns  Iteration: 0  Process: /testAdder/stim_proc  File: Z:/CS-401-1-CompArch/Lab01/genericNBitAdder/genericNBitAdder.srcs/sources_1/new/testBench.vhd
Error: Failed for 4 and 12 and cin = 0
Time: 385 ns  Iteration: 0  Process: /testAdder/stim_proc  File: Z:/CS-401-1-CompArch/Lab01/genericNBitAdder/genericNBitAdder.srcs/sources_1/new/testBench.vhd
Error: Failed for 4 and 13 and cin = 0
Time: 390 ns  Iteration: 0  Process: /testAdder/stim_proc  File: Z:/CS-401-1-CompArch/Lab01/genericNBitAdder/genericNBitAdder.srcs/sources_1/new/testBench.vhd
Error: Failed for 4 and 14 and cin = 0
Time: 395 ns  Iteration: 0  Process: /testAdder/stim_proc  File: Z:/CS-401-1-CompArch/Lab01/genericNBitAdder/genericNBitAdder.srcs/sources_1/new/testBench.vhd
Error: Failed for 4 and 15 and cin = 0
Time: 400 ns  Iteration: 0  Process: /testAdder/stim_proc  File: Z:/CS-401-1-CompArch/Lab01/genericNBitAdder/genericNBitAdder.srcs/sources_1/new/testBench.vhd
Error: Failed for 5 and 0 and cin = 0
Time: 405 ns  Iteration: 0  Process: /testAdder/stim_proc  File: Z:/CS-401-1-CompArch/Lab01/genericNBitAdder/genericNBitAdder.srcs/sources_1/new/testBench.vhd
Error: Failed for 5 and 1 and cin = 0
Time: 410 ns  Iteration: 0  Process: /testAdder/stim_proc  File: Z:/CS-401-1-CompArch/Lab01/genericNBitAdder/genericNBitAdder.srcs/sources_1/new/testBench.vhd
Error: Failed for 5 and 2 and cin = 0
Time: 415 ns  Iteration: 0  Process: /testAdder/stim_proc  File: Z:/CS-401-1-CompArch/Lab01/genericNBitAdder/genericNBitAdder.srcs/sources_1/new/testBench.vhd
Error: Failed for 5 and 3 and cin = 0
Time: 420 ns  Iteration: 0  Process: /testAdder/stim_proc  File: Z:/CS-401-1-CompArch/Lab01/genericNBitAdder/genericNBitAdder.srcs/sources_1/new/testBench.vhd
Error: Failed for 5 and 4 and cin = 0
Time: 425 ns  Iteration: 0  Process: /testAdder/stim_proc  File: Z:/CS-401-1-CompArch/Lab01/genericNBitAdder/genericNBitAdder.srcs/sources_1/new/testBench.vhd
Error: Failed for 5 and 5 and cin = 0
Time: 430 ns  Iteration: 0  Process: /testAdder/stim_proc  File: Z:/CS-401-1-CompArch/Lab01/genericNBitAdder/genericNBitAdder.srcs/sources_1/new/testBench.vhd
Error: Failed for 5 and 6 and cin = 0
Time: 435 ns  Iteration: 0  Process: /testAdder/stim_proc  File: Z:/CS-401-1-CompArch/Lab01/genericNBitAdder/genericNBitAdder.srcs/sources_1/new/testBench.vhd
Error: Failed for 5 and 7 and cin = 0
Time: 440 ns  Iteration: 0  Process: /testAdder/stim_proc  File: Z:/CS-401-1-CompArch/Lab01/genericNBitAdder/genericNBitAdder.srcs/sources_1/new/testBench.vhd
Error: Failed for 5 and 8 and cin = 0
Time: 445 ns  Iteration: 0  Process: /testAdder/stim_proc  File: Z:/CS-401-1-CompArch/Lab01/genericNBitAdder/genericNBitAdder.srcs/sources_1/new/testBench.vhd
Error: Failed for 5 and 9 and cin = 0
Time: 450 ns  Iteration: 0  Process: /testAdder/stim_proc  File: Z:/CS-401-1-CompArch/Lab01/genericNBitAdder/genericNBitAdder.srcs/sources_1/new/testBench.vhd
Error: Failed for 5 and 10 and cin = 0
Time: 455 ns  Iteration: 0  Process: /testAdder/stim_proc  File: Z:/CS-401-1-CompArch/Lab01/genericNBitAdder/genericNBitAdder.srcs/sources_1/new/testBench.vhd
Error: Failed for 5 and 11 and cin = 0
Time: 460 ns  Iteration: 0  Process: /testAdder/stim_proc  File: Z:/CS-401-1-CompArch/Lab01/genericNBitAdder/genericNBitAdder.srcs/sources_1/new/testBench.vhd
Error: Failed for 5 and 12 and cin = 0
Time: 465 ns  Iteration: 0  Process: /testAdder/stim_proc  File: Z:/CS-401-1-CompArch/Lab01/genericNBitAdder/genericNBitAdder.srcs/sources_1/new/testBench.vhd
Error: Failed for 5 and 13 and cin = 0
Time: 470 ns  Iteration: 0  Process: /testAdder/stim_proc  File: Z:/CS-401-1-CompArch/Lab01/genericNBitAdder/genericNBitAdder.srcs/sources_1/new/testBench.vhd
Error: Failed for 5 and 14 and cin = 0
Time: 475 ns  Iteration: 0  Process: /testAdder/stim_proc  File: Z:/CS-401-1-CompArch/Lab01/genericNBitAdder/genericNBitAdder.srcs/sources_1/new/testBench.vhd
Error: Failed for 5 and 15 and cin = 0
Time: 480 ns  Iteration: 0  Process: /testAdder/stim_proc  File: Z:/CS-401-1-CompArch/Lab01/genericNBitAdder/genericNBitAdder.srcs/sources_1/new/testBench.vhd
Error: Failed for 6 and 0 and cin = 0
Time: 485 ns  Iteration: 0  Process: /testAdder/stim_proc  File: Z:/CS-401-1-CompArch/Lab01/genericNBitAdder/genericNBitAdder.srcs/sources_1/new/testBench.vhd
Error: Failed for 6 and 1 and cin = 0
Time: 490 ns  Iteration: 0  Process: /testAdder/stim_proc  File: Z:/CS-401-1-CompArch/Lab01/genericNBitAdder/genericNBitAdder.srcs/sources_1/new/testBench.vhd
Error: Failed for 6 and 2 and cin = 0
Time: 495 ns  Iteration: 0  Process: /testAdder/stim_proc  File: Z:/CS-401-1-CompArch/Lab01/genericNBitAdder/genericNBitAdder.srcs/sources_1/new/testBench.vhd
Error: Failed for 6 and 3 and cin = 0
Time: 500 ns  Iteration: 0  Process: /testAdder/stim_proc  File: Z:/CS-401-1-CompArch/Lab01/genericNBitAdder/genericNBitAdder.srcs/sources_1/new/testBench.vhd
Error: Failed for 6 and 4 and cin = 0
Time: 505 ns  Iteration: 0  Process: /testAdder/stim_proc  File: Z:/CS-401-1-CompArch/Lab01/genericNBitAdder/genericNBitAdder.srcs/sources_1/new/testBench.vhd
Error: Failed for 6 and 5 and cin = 0
Time: 510 ns  Iteration: 0  Process: /testAdder/stim_proc  File: Z:/CS-401-1-CompArch/Lab01/genericNBitAdder/genericNBitAdder.srcs/sources_1/new/testBench.vhd
Error: Failed for 6 and 6 and cin = 0
Time: 515 ns  Iteration: 0  Process: /testAdder/stim_proc  File: Z:/CS-401-1-CompArch/Lab01/genericNBitAdder/genericNBitAdder.srcs/sources_1/new/testBench.vhd
Error: Failed for 6 and 7 and cin = 0
Time: 520 ns  Iteration: 0  Process: /testAdder/stim_proc  File: Z:/CS-401-1-CompArch/Lab01/genericNBitAdder/genericNBitAdder.srcs/sources_1/new/testBench.vhd
Error: Failed for 6 and 8 and cin = 0
Time: 525 ns  Iteration: 0  Process: /testAdder/stim_proc  File: Z:/CS-401-1-CompArch/Lab01/genericNBitAdder/genericNBitAdder.srcs/sources_1/new/testBench.vhd
Error: Failed for 6 and 9 and cin = 0
Time: 530 ns  Iteration: 0  Process: /testAdder/stim_proc  File: Z:/CS-401-1-CompArch/Lab01/genericNBitAdder/genericNBitAdder.srcs/sources_1/new/testBench.vhd
Error: Failed for 6 and 10 and cin = 0
Time: 535 ns  Iteration: 0  Process: /testAdder/stim_proc  File: Z:/CS-401-1-CompArch/Lab01/genericNBitAdder/genericNBitAdder.srcs/sources_1/new/testBench.vhd
Error: Failed for 6 and 11 and cin = 0
Time: 540 ns  Iteration: 0  Process: /testAdder/stim_proc  File: Z:/CS-401-1-CompArch/Lab01/genericNBitAdder/genericNBitAdder.srcs/sources_1/new/testBench.vhd
Error: Failed for 6 and 12 and cin = 0
Time: 545 ns  Iteration: 0  Process: /testAdder/stim_proc  File: Z:/CS-401-1-CompArch/Lab01/genericNBitAdder/genericNBitAdder.srcs/sources_1/new/testBench.vhd
Error: Failed for 6 and 13 and cin = 0
Time: 550 ns  Iteration: 0  Process: /testAdder/stim_proc  File: Z:/CS-401-1-CompArch/Lab01/genericNBitAdder/genericNBitAdder.srcs/sources_1/new/testBench.vhd
Error: Failed for 6 and 14 and cin = 0
Time: 555 ns  Iteration: 0  Process: /testAdder/stim_proc  File: Z:/CS-401-1-CompArch/Lab01/genericNBitAdder/genericNBitAdder.srcs/sources_1/new/testBench.vhd
Error: Failed for 6 and 15 and cin = 0
Time: 560 ns  Iteration: 0  Process: /testAdder/stim_proc  File: Z:/CS-401-1-CompArch/Lab01/genericNBitAdder/genericNBitAdder.srcs/sources_1/new/testBench.vhd
Error: Failed for 7 and 0 and cin = 0
Time: 565 ns  Iteration: 0  Process: /testAdder/stim_proc  File: Z:/CS-401-1-CompArch/Lab01/genericNBitAdder/genericNBitAdder.srcs/sources_1/new/testBench.vhd
Error: Failed for 7 and 1 and cin = 0
Time: 570 ns  Iteration: 0  Process: /testAdder/stim_proc  File: Z:/CS-401-1-CompArch/Lab01/genericNBitAdder/genericNBitAdder.srcs/sources_1/new/testBench.vhd
Error: Failed for 7 and 2 and cin = 0
Time: 575 ns  Iteration: 0  Process: /testAdder/stim_proc  File: Z:/CS-401-1-CompArch/Lab01/genericNBitAdder/genericNBitAdder.srcs/sources_1/new/testBench.vhd
Error: Failed for 7 and 3 and cin = 0
Time: 580 ns  Iteration: 0  Process: /testAdder/stim_proc  File: Z:/CS-401-1-CompArch/Lab01/genericNBitAdder/genericNBitAdder.srcs/sources_1/new/testBench.vhd
Error: Failed for 7 and 4 and cin = 0
Time: 585 ns  Iteration: 0  Process: /testAdder/stim_proc  File: Z:/CS-401-1-CompArch/Lab01/genericNBitAdder/genericNBitAdder.srcs/sources_1/new/testBench.vhd
Error: Failed for 7 and 5 and cin = 0
Time: 590 ns  Iteration: 0  Process: /testAdder/stim_proc  File: Z:/CS-401-1-CompArch/Lab01/genericNBitAdder/genericNBitAdder.srcs/sources_1/new/testBench.vhd
Error: Failed for 7 and 6 and cin = 0
Time: 595 ns  Iteration: 0  Process: /testAdder/stim_proc  File: Z:/CS-401-1-CompArch/Lab01/genericNBitAdder/genericNBitAdder.srcs/sources_1/new/testBench.vhd
Error: Failed for 7 and 7 and cin = 0
Time: 600 ns  Iteration: 0  Process: /testAdder/stim_proc  File: Z:/CS-401-1-CompArch/Lab01/genericNBitAdder/genericNBitAdder.srcs/sources_1/new/testBench.vhd
Error: Failed for 7 and 8 and cin = 0
Time: 605 ns  Iteration: 0  Process: /testAdder/stim_proc  File: Z:/CS-401-1-CompArch/Lab01/genericNBitAdder/genericNBitAdder.srcs/sources_1/new/testBench.vhd
Error: Failed for 7 and 9 and cin = 0
Time: 610 ns  Iteration: 0  Process: /testAdder/stim_proc  File: Z:/CS-401-1-CompArch/Lab01/genericNBitAdder/genericNBitAdder.srcs/sources_1/new/testBench.vhd
Error: Failed for 7 and 10 and cin = 0
Time: 615 ns  Iteration: 0  Process: /testAdder/stim_proc  File: Z:/CS-401-1-CompArch/Lab01/genericNBitAdder/genericNBitAdder.srcs/sources_1/new/testBench.vhd
Error: Failed for 7 and 11 and cin = 0
Time: 620 ns  Iteration: 0  Process: /testAdder/stim_proc  File: Z:/CS-401-1-CompArch/Lab01/genericNBitAdder/genericNBitAdder.srcs/sources_1/new/testBench.vhd
Error: Failed for 7 and 12 and cin = 0
Time: 625 ns  Iteration: 0  Process: /testAdder/stim_proc  File: Z:/CS-401-1-CompArch/Lab01/genericNBitAdder/genericNBitAdder.srcs/sources_1/new/testBench.vhd
Error: Failed for 7 and 13 and cin = 0
Time: 630 ns  Iteration: 0  Process: /testAdder/stim_proc  File: Z:/CS-401-1-CompArch/Lab01/genericNBitAdder/genericNBitAdder.srcs/sources_1/new/testBench.vhd
Error: Failed for 7 and 14 and cin = 0
Time: 635 ns  Iteration: 0  Process: /testAdder/stim_proc  File: Z:/CS-401-1-CompArch/Lab01/genericNBitAdder/genericNBitAdder.srcs/sources_1/new/testBench.vhd
Error: Failed for 7 and 15 and cin = 0
Time: 640 ns  Iteration: 0  Process: /testAdder/stim_proc  File: Z:/CS-401-1-CompArch/Lab01/genericNBitAdder/genericNBitAdder.srcs/sources_1/new/testBench.vhd
Error: Failed for 8 and 0 and cin = 0
Time: 645 ns  Iteration: 0  Process: /testAdder/stim_proc  File: Z:/CS-401-1-CompArch/Lab01/genericNBitAdder/genericNBitAdder.srcs/sources_1/new/testBench.vhd
Error: Failed for 8 and 1 and cin = 0
Time: 650 ns  Iteration: 0  Process: /testAdder/stim_proc  File: Z:/CS-401-1-CompArch/Lab01/genericNBitAdder/genericNBitAdder.srcs/sources_1/new/testBench.vhd
Error: Failed for 8 and 2 and cin = 0
Time: 655 ns  Iteration: 0  Process: /testAdder/stim_proc  File: Z:/CS-401-1-CompArch/Lab01/genericNBitAdder/genericNBitAdder.srcs/sources_1/new/testBench.vhd
Error: Failed for 8 and 3 and cin = 0
Time: 660 ns  Iteration: 0  Process: /testAdder/stim_proc  File: Z:/CS-401-1-CompArch/Lab01/genericNBitAdder/genericNBitAdder.srcs/sources_1/new/testBench.vhd
Error: Failed for 8 and 4 and cin = 0
Time: 665 ns  Iteration: 0  Process: /testAdder/stim_proc  File: Z:/CS-401-1-CompArch/Lab01/genericNBitAdder/genericNBitAdder.srcs/sources_1/new/testBench.vhd
Error: Failed for 8 and 5 and cin = 0
Time: 670 ns  Iteration: 0  Process: /testAdder/stim_proc  File: Z:/CS-401-1-CompArch/Lab01/genericNBitAdder/genericNBitAdder.srcs/sources_1/new/testBench.vhd
Error: Failed for 8 and 6 and cin = 0
Time: 675 ns  Iteration: 0  Process: /testAdder/stim_proc  File: Z:/CS-401-1-CompArch/Lab01/genericNBitAdder/genericNBitAdder.srcs/sources_1/new/testBench.vhd
Error: Failed for 8 and 7 and cin = 0
Time: 680 ns  Iteration: 0  Process: /testAdder/stim_proc  File: Z:/CS-401-1-CompArch/Lab01/genericNBitAdder/genericNBitAdder.srcs/sources_1/new/testBench.vhd
Error: Failed for 8 and 8 and cin = 0
Time: 685 ns  Iteration: 0  Process: /testAdder/stim_proc  File: Z:/CS-401-1-CompArch/Lab01/genericNBitAdder/genericNBitAdder.srcs/sources_1/new/testBench.vhd
Error: Failed for 8 and 9 and cin = 0
Time: 690 ns  Iteration: 0  Process: /testAdder/stim_proc  File: Z:/CS-401-1-CompArch/Lab01/genericNBitAdder/genericNBitAdder.srcs/sources_1/new/testBench.vhd
Error: Failed for 8 and 10 and cin = 0
Time: 695 ns  Iteration: 0  Process: /testAdder/stim_proc  File: Z:/CS-401-1-CompArch/Lab01/genericNBitAdder/genericNBitAdder.srcs/sources_1/new/testBench.vhd
Error: Failed for 8 and 11 and cin = 0
Time: 700 ns  Iteration: 0  Process: /testAdder/stim_proc  File: Z:/CS-401-1-CompArch/Lab01/genericNBitAdder/genericNBitAdder.srcs/sources_1/new/testBench.vhd
Error: Failed for 8 and 12 and cin = 0
Time: 705 ns  Iteration: 0  Process: /testAdder/stim_proc  File: Z:/CS-401-1-CompArch/Lab01/genericNBitAdder/genericNBitAdder.srcs/sources_1/new/testBench.vhd
Error: Failed for 8 and 13 and cin = 0
Time: 710 ns  Iteration: 0  Process: /testAdder/stim_proc  File: Z:/CS-401-1-CompArch/Lab01/genericNBitAdder/genericNBitAdder.srcs/sources_1/new/testBench.vhd
Error: Failed for 8 and 14 and cin = 0
Time: 715 ns  Iteration: 0  Process: /testAdder/stim_proc  File: Z:/CS-401-1-CompArch/Lab01/genericNBitAdder/genericNBitAdder.srcs/sources_1/new/testBench.vhd
Error: Failed for 8 and 15 and cin = 0
Time: 720 ns  Iteration: 0  Process: /testAdder/stim_proc  File: Z:/CS-401-1-CompArch/Lab01/genericNBitAdder/genericNBitAdder.srcs/sources_1/new/testBench.vhd
Error: Failed for 9 and 0 and cin = 0
Time: 725 ns  Iteration: 0  Process: /testAdder/stim_proc  File: Z:/CS-401-1-CompArch/Lab01/genericNBitAdder/genericNBitAdder.srcs/sources_1/new/testBench.vhd
Error: Failed for 9 and 1 and cin = 0
Time: 730 ns  Iteration: 0  Process: /testAdder/stim_proc  File: Z:/CS-401-1-CompArch/Lab01/genericNBitAdder/genericNBitAdder.srcs/sources_1/new/testBench.vhd
Error: Failed for 9 and 2 and cin = 0
Time: 735 ns  Iteration: 0  Process: /testAdder/stim_proc  File: Z:/CS-401-1-CompArch/Lab01/genericNBitAdder/genericNBitAdder.srcs/sources_1/new/testBench.vhd
Error: Failed for 9 and 3 and cin = 0
Time: 740 ns  Iteration: 0  Process: /testAdder/stim_proc  File: Z:/CS-401-1-CompArch/Lab01/genericNBitAdder/genericNBitAdder.srcs/sources_1/new/testBench.vhd
Error: Failed for 9 and 4 and cin = 0
Time: 745 ns  Iteration: 0  Process: /testAdder/stim_proc  File: Z:/CS-401-1-CompArch/Lab01/genericNBitAdder/genericNBitAdder.srcs/sources_1/new/testBench.vhd
Error: Failed for 9 and 5 and cin = 0
Time: 750 ns  Iteration: 0  Process: /testAdder/stim_proc  File: Z:/CS-401-1-CompArch/Lab01/genericNBitAdder/genericNBitAdder.srcs/sources_1/new/testBench.vhd
Error: Failed for 9 and 6 and cin = 0
Time: 755 ns  Iteration: 0  Process: /testAdder/stim_proc  File: Z:/CS-401-1-CompArch/Lab01/genericNBitAdder/genericNBitAdder.srcs/sources_1/new/testBench.vhd
Error: Failed for 9 and 7 and cin = 0
Time: 760 ns  Iteration: 0  Process: /testAdder/stim_proc  File: Z:/CS-401-1-CompArch/Lab01/genericNBitAdder/genericNBitAdder.srcs/sources_1/new/testBench.vhd
Error: Failed for 9 and 8 and cin = 0
Time: 765 ns  Iteration: 0  Process: /testAdder/stim_proc  File: Z:/CS-401-1-CompArch/Lab01/genericNBitAdder/genericNBitAdder.srcs/sources_1/new/testBench.vhd
Error: Failed for 9 and 9 and cin = 0
Time: 770 ns  Iteration: 0  Process: /testAdder/stim_proc  File: Z:/CS-401-1-CompArch/Lab01/genericNBitAdder/genericNBitAdder.srcs/sources_1/new/testBench.vhd
Error: Failed for 9 and 10 and cin = 0
Time: 775 ns  Iteration: 0  Process: /testAdder/stim_proc  File: Z:/CS-401-1-CompArch/Lab01/genericNBitAdder/genericNBitAdder.srcs/sources_1/new/testBench.vhd
Error: Failed for 9 and 11 and cin = 0
Time: 780 ns  Iteration: 0  Process: /testAdder/stim_proc  File: Z:/CS-401-1-CompArch/Lab01/genericNBitAdder/genericNBitAdder.srcs/sources_1/new/testBench.vhd
Error: Failed for 9 and 12 and cin = 0
Time: 785 ns  Iteration: 0  Process: /testAdder/stim_proc  File: Z:/CS-401-1-CompArch/Lab01/genericNBitAdder/genericNBitAdder.srcs/sources_1/new/testBench.vhd
Error: Failed for 9 and 13 and cin = 0
Time: 790 ns  Iteration: 0  Process: /testAdder/stim_proc  File: Z:/CS-401-1-CompArch/Lab01/genericNBitAdder/genericNBitAdder.srcs/sources_1/new/testBench.vhd
Error: Failed for 9 and 14 and cin = 0
Time: 795 ns  Iteration: 0  Process: /testAdder/stim_proc  File: Z:/CS-401-1-CompArch/Lab01/genericNBitAdder/genericNBitAdder.srcs/sources_1/new/testBench.vhd
Error: Failed for 9 and 15 and cin = 0
Time: 800 ns  Iteration: 0  Process: /testAdder/stim_proc  File: Z:/CS-401-1-CompArch/Lab01/genericNBitAdder/genericNBitAdder.srcs/sources_1/new/testBench.vhd
Error: Failed for 10 and 0 and cin = 0
Time: 805 ns  Iteration: 0  Process: /testAdder/stim_proc  File: Z:/CS-401-1-CompArch/Lab01/genericNBitAdder/genericNBitAdder.srcs/sources_1/new/testBench.vhd
Error: Failed for 10 and 1 and cin = 0
Time: 810 ns  Iteration: 0  Process: /testAdder/stim_proc  File: Z:/CS-401-1-CompArch/Lab01/genericNBitAdder/genericNBitAdder.srcs/sources_1/new/testBench.vhd
Error: Failed for 10 and 2 and cin = 0
Time: 815 ns  Iteration: 0  Process: /testAdder/stim_proc  File: Z:/CS-401-1-CompArch/Lab01/genericNBitAdder/genericNBitAdder.srcs/sources_1/new/testBench.vhd
Error: Failed for 10 and 3 and cin = 0
Time: 820 ns  Iteration: 0  Process: /testAdder/stim_proc  File: Z:/CS-401-1-CompArch/Lab01/genericNBitAdder/genericNBitAdder.srcs/sources_1/new/testBench.vhd
Error: Failed for 10 and 4 and cin = 0
Time: 825 ns  Iteration: 0  Process: /testAdder/stim_proc  File: Z:/CS-401-1-CompArch/Lab01/genericNBitAdder/genericNBitAdder.srcs/sources_1/new/testBench.vhd
Error: Failed for 10 and 5 and cin = 0
Time: 830 ns  Iteration: 0  Process: /testAdder/stim_proc  File: Z:/CS-401-1-CompArch/Lab01/genericNBitAdder/genericNBitAdder.srcs/sources_1/new/testBench.vhd
Error: Failed for 10 and 6 and cin = 0
Time: 835 ns  Iteration: 0  Process: /testAdder/stim_proc  File: Z:/CS-401-1-CompArch/Lab01/genericNBitAdder/genericNBitAdder.srcs/sources_1/new/testBench.vhd
Error: Failed for 10 and 7 and cin = 0
Time: 840 ns  Iteration: 0  Process: /testAdder/stim_proc  File: Z:/CS-401-1-CompArch/Lab01/genericNBitAdder/genericNBitAdder.srcs/sources_1/new/testBench.vhd
Error: Failed for 10 and 8 and cin = 0
Time: 845 ns  Iteration: 0  Process: /testAdder/stim_proc  File: Z:/CS-401-1-CompArch/Lab01/genericNBitAdder/genericNBitAdder.srcs/sources_1/new/testBench.vhd
Error: Failed for 10 and 9 and cin = 0
Time: 850 ns  Iteration: 0  Process: /testAdder/stim_proc  File: Z:/CS-401-1-CompArch/Lab01/genericNBitAdder/genericNBitAdder.srcs/sources_1/new/testBench.vhd
Error: Failed for 10 and 10 and cin = 0
Time: 855 ns  Iteration: 0  Process: /testAdder/stim_proc  File: Z:/CS-401-1-CompArch/Lab01/genericNBitAdder/genericNBitAdder.srcs/sources_1/new/testBench.vhd
Error: Failed for 10 and 11 and cin = 0
Time: 860 ns  Iteration: 0  Process: /testAdder/stim_proc  File: Z:/CS-401-1-CompArch/Lab01/genericNBitAdder/genericNBitAdder.srcs/sources_1/new/testBench.vhd
Error: Failed for 10 and 12 and cin = 0
Time: 865 ns  Iteration: 0  Process: /testAdder/stim_proc  File: Z:/CS-401-1-CompArch/Lab01/genericNBitAdder/genericNBitAdder.srcs/sources_1/new/testBench.vhd
Error: Failed for 10 and 13 and cin = 0
Time: 870 ns  Iteration: 0  Process: /testAdder/stim_proc  File: Z:/CS-401-1-CompArch/Lab01/genericNBitAdder/genericNBitAdder.srcs/sources_1/new/testBench.vhd
Error: Failed for 10 and 14 and cin = 0
Time: 875 ns  Iteration: 0  Process: /testAdder/stim_proc  File: Z:/CS-401-1-CompArch/Lab01/genericNBitAdder/genericNBitAdder.srcs/sources_1/new/testBench.vhd
Error: Failed for 10 and 15 and cin = 0
Time: 880 ns  Iteration: 0  Process: /testAdder/stim_proc  File: Z:/CS-401-1-CompArch/Lab01/genericNBitAdder/genericNBitAdder.srcs/sources_1/new/testBench.vhd
Error: Failed for 11 and 0 and cin = 0
Time: 885 ns  Iteration: 0  Process: /testAdder/stim_proc  File: Z:/CS-401-1-CompArch/Lab01/genericNBitAdder/genericNBitAdder.srcs/sources_1/new/testBench.vhd
Error: Failed for 11 and 1 and cin = 0
Time: 890 ns  Iteration: 0  Process: /testAdder/stim_proc  File: Z:/CS-401-1-CompArch/Lab01/genericNBitAdder/genericNBitAdder.srcs/sources_1/new/testBench.vhd
Error: Failed for 11 and 2 and cin = 0
Time: 895 ns  Iteration: 0  Process: /testAdder/stim_proc  File: Z:/CS-401-1-CompArch/Lab01/genericNBitAdder/genericNBitAdder.srcs/sources_1/new/testBench.vhd
Error: Failed for 11 and 3 and cin = 0
Time: 900 ns  Iteration: 0  Process: /testAdder/stim_proc  File: Z:/CS-401-1-CompArch/Lab01/genericNBitAdder/genericNBitAdder.srcs/sources_1/new/testBench.vhd
Error: Failed for 11 and 4 and cin = 0
Time: 905 ns  Iteration: 0  Process: /testAdder/stim_proc  File: Z:/CS-401-1-CompArch/Lab01/genericNBitAdder/genericNBitAdder.srcs/sources_1/new/testBench.vhd
Error: Failed for 11 and 5 and cin = 0
Time: 910 ns  Iteration: 0  Process: /testAdder/stim_proc  File: Z:/CS-401-1-CompArch/Lab01/genericNBitAdder/genericNBitAdder.srcs/sources_1/new/testBench.vhd
Error: Failed for 11 and 6 and cin = 0
Time: 915 ns  Iteration: 0  Process: /testAdder/stim_proc  File: Z:/CS-401-1-CompArch/Lab01/genericNBitAdder/genericNBitAdder.srcs/sources_1/new/testBench.vhd
Error: Failed for 11 and 7 and cin = 0
Time: 920 ns  Iteration: 0  Process: /testAdder/stim_proc  File: Z:/CS-401-1-CompArch/Lab01/genericNBitAdder/genericNBitAdder.srcs/sources_1/new/testBench.vhd
Error: Failed for 11 and 8 and cin = 0
Time: 925 ns  Iteration: 0  Process: /testAdder/stim_proc  File: Z:/CS-401-1-CompArch/Lab01/genericNBitAdder/genericNBitAdder.srcs/sources_1/new/testBench.vhd
Error: Failed for 11 and 9 and cin = 0
Time: 930 ns  Iteration: 0  Process: /testAdder/stim_proc  File: Z:/CS-401-1-CompArch/Lab01/genericNBitAdder/genericNBitAdder.srcs/sources_1/new/testBench.vhd
Error: Failed for 11 and 10 and cin = 0
Time: 935 ns  Iteration: 0  Process: /testAdder/stim_proc  File: Z:/CS-401-1-CompArch/Lab01/genericNBitAdder/genericNBitAdder.srcs/sources_1/new/testBench.vhd
Error: Failed for 11 and 11 and cin = 0
Time: 940 ns  Iteration: 0  Process: /testAdder/stim_proc  File: Z:/CS-401-1-CompArch/Lab01/genericNBitAdder/genericNBitAdder.srcs/sources_1/new/testBench.vhd
Error: Failed for 11 and 12 and cin = 0
Time: 945 ns  Iteration: 0  Process: /testAdder/stim_proc  File: Z:/CS-401-1-CompArch/Lab01/genericNBitAdder/genericNBitAdder.srcs/sources_1/new/testBench.vhd
Error: Failed for 11 and 13 and cin = 0
Time: 950 ns  Iteration: 0  Process: /testAdder/stim_proc  File: Z:/CS-401-1-CompArch/Lab01/genericNBitAdder/genericNBitAdder.srcs/sources_1/new/testBench.vhd
Error: Failed for 11 and 14 and cin = 0
Time: 955 ns  Iteration: 0  Process: /testAdder/stim_proc  File: Z:/CS-401-1-CompArch/Lab01/genericNBitAdder/genericNBitAdder.srcs/sources_1/new/testBench.vhd
Error: Failed for 11 and 15 and cin = 0
Time: 960 ns  Iteration: 0  Process: /testAdder/stim_proc  File: Z:/CS-401-1-CompArch/Lab01/genericNBitAdder/genericNBitAdder.srcs/sources_1/new/testBench.vhd
Error: Failed for 12 and 0 and cin = 0
Time: 965 ns  Iteration: 0  Process: /testAdder/stim_proc  File: Z:/CS-401-1-CompArch/Lab01/genericNBitAdder/genericNBitAdder.srcs/sources_1/new/testBench.vhd
Error: Failed for 12 and 1 and cin = 0
Time: 970 ns  Iteration: 0  Process: /testAdder/stim_proc  File: Z:/CS-401-1-CompArch/Lab01/genericNBitAdder/genericNBitAdder.srcs/sources_1/new/testBench.vhd
Error: Failed for 12 and 2 and cin = 0
Time: 975 ns  Iteration: 0  Process: /testAdder/stim_proc  File: Z:/CS-401-1-CompArch/Lab01/genericNBitAdder/genericNBitAdder.srcs/sources_1/new/testBench.vhd
Error: Failed for 12 and 3 and cin = 0
Time: 980 ns  Iteration: 0  Process: /testAdder/stim_proc  File: Z:/CS-401-1-CompArch/Lab01/genericNBitAdder/genericNBitAdder.srcs/sources_1/new/testBench.vhd
Error: Failed for 12 and 4 and cin = 0
Time: 985 ns  Iteration: 0  Process: /testAdder/stim_proc  File: Z:/CS-401-1-CompArch/Lab01/genericNBitAdder/genericNBitAdder.srcs/sources_1/new/testBench.vhd
Error: Failed for 12 and 5 and cin = 0
Time: 990 ns  Iteration: 0  Process: /testAdder/stim_proc  File: Z:/CS-401-1-CompArch/Lab01/genericNBitAdder/genericNBitAdder.srcs/sources_1/new/testBench.vhd
Error: Failed for 12 and 6 and cin = 0
Time: 995 ns  Iteration: 0  Process: /testAdder/stim_proc  File: Z:/CS-401-1-CompArch/Lab01/genericNBitAdder/genericNBitAdder.srcs/sources_1/new/testBench.vhd
Error: Failed for 12 and 7 and cin = 0
Time: 1 us  Iteration: 0  Process: /testAdder/stim_proc  File: Z:/CS-401-1-CompArch/Lab01/genericNBitAdder/genericNBitAdder.srcs/sources_1/new/testBench.vhd
Error: Failed for 12 and 8 and cin = 0
Time: 1005 ns  Iteration: 0  Process: /testAdder/stim_proc  File: Z:/CS-401-1-CompArch/Lab01/genericNBitAdder/genericNBitAdder.srcs/sources_1/new/testBench.vhd
Error: Failed for 12 and 9 and cin = 0
Time: 1010 ns  Iteration: 0  Process: /testAdder/stim_proc  File: Z:/CS-401-1-CompArch/Lab01/genericNBitAdder/genericNBitAdder.srcs/sources_1/new/testBench.vhd
Error: Failed for 12 and 10 and cin = 0
Time: 1015 ns  Iteration: 0  Process: /testAdder/stim_proc  File: Z:/CS-401-1-CompArch/Lab01/genericNBitAdder/genericNBitAdder.srcs/sources_1/new/testBench.vhd
Error: Failed for 12 and 11 and cin = 0
Time: 1020 ns  Iteration: 0  Process: /testAdder/stim_proc  File: Z:/CS-401-1-CompArch/Lab01/genericNBitAdder/genericNBitAdder.srcs/sources_1/new/testBench.vhd
Error: Failed for 12 and 12 and cin = 0
Time: 1025 ns  Iteration: 0  Process: /testAdder/stim_proc  File: Z:/CS-401-1-CompArch/Lab01/genericNBitAdder/genericNBitAdder.srcs/sources_1/new/testBench.vhd
Error: Failed for 12 and 13 and cin = 0
Time: 1030 ns  Iteration: 0  Process: /testAdder/stim_proc  File: Z:/CS-401-1-CompArch/Lab01/genericNBitAdder/genericNBitAdder.srcs/sources_1/new/testBench.vhd
Error: Failed for 12 and 14 and cin = 0
Time: 1035 ns  Iteration: 0  Process: /testAdder/stim_proc  File: Z:/CS-401-1-CompArch/Lab01/genericNBitAdder/genericNBitAdder.srcs/sources_1/new/testBench.vhd
Error: Failed for 12 and 15 and cin = 0
Time: 1040 ns  Iteration: 0  Process: /testAdder/stim_proc  File: Z:/CS-401-1-CompArch/Lab01/genericNBitAdder/genericNBitAdder.srcs/sources_1/new/testBench.vhd
Error: Failed for 13 and 0 and cin = 0
Time: 1045 ns  Iteration: 0  Process: /testAdder/stim_proc  File: Z:/CS-401-1-CompArch/Lab01/genericNBitAdder/genericNBitAdder.srcs/sources_1/new/testBench.vhd
Error: Failed for 13 and 1 and cin = 0
Time: 1050 ns  Iteration: 0  Process: /testAdder/stim_proc  File: Z:/CS-401-1-CompArch/Lab01/genericNBitAdder/genericNBitAdder.srcs/sources_1/new/testBench.vhd
Error: Failed for 13 and 2 and cin = 0
Time: 1055 ns  Iteration: 0  Process: /testAdder/stim_proc  File: Z:/CS-401-1-CompArch/Lab01/genericNBitAdder/genericNBitAdder.srcs/sources_1/new/testBench.vhd
Error: Failed for 13 and 3 and cin = 0
Time: 1060 ns  Iteration: 0  Process: /testAdder/stim_proc  File: Z:/CS-401-1-CompArch/Lab01/genericNBitAdder/genericNBitAdder.srcs/sources_1/new/testBench.vhd
Error: Failed for 13 and 4 and cin = 0
Time: 1065 ns  Iteration: 0  Process: /testAdder/stim_proc  File: Z:/CS-401-1-CompArch/Lab01/genericNBitAdder/genericNBitAdder.srcs/sources_1/new/testBench.vhd
Error: Failed for 13 and 5 and cin = 0
Time: 1070 ns  Iteration: 0  Process: /testAdder/stim_proc  File: Z:/CS-401-1-CompArch/Lab01/genericNBitAdder/genericNBitAdder.srcs/sources_1/new/testBench.vhd
Error: Failed for 13 and 6 and cin = 0
Time: 1075 ns  Iteration: 0  Process: /testAdder/stim_proc  File: Z:/CS-401-1-CompArch/Lab01/genericNBitAdder/genericNBitAdder.srcs/sources_1/new/testBench.vhd
Error: Failed for 13 and 7 and cin = 0
Time: 1080 ns  Iteration: 0  Process: /testAdder/stim_proc  File: Z:/CS-401-1-CompArch/Lab01/genericNBitAdder/genericNBitAdder.srcs/sources_1/new/testBench.vhd
Error: Failed for 13 and 8 and cin = 0
Time: 1085 ns  Iteration: 0  Process: /testAdder/stim_proc  File: Z:/CS-401-1-CompArch/Lab01/genericNBitAdder/genericNBitAdder.srcs/sources_1/new/testBench.vhd
Error: Failed for 13 and 9 and cin = 0
Time: 1090 ns  Iteration: 0  Process: /testAdder/stim_proc  File: Z:/CS-401-1-CompArch/Lab01/genericNBitAdder/genericNBitAdder.srcs/sources_1/new/testBench.vhd
Error: Failed for 13 and 10 and cin = 0
Time: 1095 ns  Iteration: 0  Process: /testAdder/stim_proc  File: Z:/CS-401-1-CompArch/Lab01/genericNBitAdder/genericNBitAdder.srcs/sources_1/new/testBench.vhd
Error: Failed for 13 and 11 and cin = 0
Time: 1100 ns  Iteration: 0  Process: /testAdder/stim_proc  File: Z:/CS-401-1-CompArch/Lab01/genericNBitAdder/genericNBitAdder.srcs/sources_1/new/testBench.vhd
Error: Failed for 13 and 12 and cin = 0
Time: 1105 ns  Iteration: 0  Process: /testAdder/stim_proc  File: Z:/CS-401-1-CompArch/Lab01/genericNBitAdder/genericNBitAdder.srcs/sources_1/new/testBench.vhd
Error: Failed for 13 and 13 and cin = 0
Time: 1110 ns  Iteration: 0  Process: /testAdder/stim_proc  File: Z:/CS-401-1-CompArch/Lab01/genericNBitAdder/genericNBitAdder.srcs/sources_1/new/testBench.vhd
Error: Failed for 13 and 14 and cin = 0
Time: 1115 ns  Iteration: 0  Process: /testAdder/stim_proc  File: Z:/CS-401-1-CompArch/Lab01/genericNBitAdder/genericNBitAdder.srcs/sources_1/new/testBench.vhd
Error: Failed for 13 and 15 and cin = 0
Time: 1120 ns  Iteration: 0  Process: /testAdder/stim_proc  File: Z:/CS-401-1-CompArch/Lab01/genericNBitAdder/genericNBitAdder.srcs/sources_1/new/testBench.vhd
Error: Failed for 14 and 0 and cin = 0
Time: 1125 ns  Iteration: 0  Process: /testAdder/stim_proc  File: Z:/CS-401-1-CompArch/Lab01/genericNBitAdder/genericNBitAdder.srcs/sources_1/new/testBench.vhd
Error: Failed for 14 and 1 and cin = 0
Time: 1130 ns  Iteration: 0  Process: /testAdder/stim_proc  File: Z:/CS-401-1-CompArch/Lab01/genericNBitAdder/genericNBitAdder.srcs/sources_1/new/testBench.vhd
Error: Failed for 14 and 2 and cin = 0
Time: 1135 ns  Iteration: 0  Process: /testAdder/stim_proc  File: Z:/CS-401-1-CompArch/Lab01/genericNBitAdder/genericNBitAdder.srcs/sources_1/new/testBench.vhd
Error: Failed for 14 and 3 and cin = 0
Time: 1140 ns  Iteration: 0  Process: /testAdder/stim_proc  File: Z:/CS-401-1-CompArch/Lab01/genericNBitAdder/genericNBitAdder.srcs/sources_1/new/testBench.vhd
Error: Failed for 14 and 4 and cin = 0
Time: 1145 ns  Iteration: 0  Process: /testAdder/stim_proc  File: Z:/CS-401-1-CompArch/Lab01/genericNBitAdder/genericNBitAdder.srcs/sources_1/new/testBench.vhd
Error: Failed for 14 and 5 and cin = 0
Time: 1150 ns  Iteration: 0  Process: /testAdder/stim_proc  File: Z:/CS-401-1-CompArch/Lab01/genericNBitAdder/genericNBitAdder.srcs/sources_1/new/testBench.vhd
Error: Failed for 14 and 6 and cin = 0
Time: 1155 ns  Iteration: 0  Process: /testAdder/stim_proc  File: Z:/CS-401-1-CompArch/Lab01/genericNBitAdder/genericNBitAdder.srcs/sources_1/new/testBench.vhd
Error: Failed for 14 and 7 and cin = 0
Time: 1160 ns  Iteration: 0  Process: /testAdder/stim_proc  File: Z:/CS-401-1-CompArch/Lab01/genericNBitAdder/genericNBitAdder.srcs/sources_1/new/testBench.vhd
Error: Failed for 14 and 8 and cin = 0
Time: 1165 ns  Iteration: 0  Process: /testAdder/stim_proc  File: Z:/CS-401-1-CompArch/Lab01/genericNBitAdder/genericNBitAdder.srcs/sources_1/new/testBench.vhd
Error: Failed for 14 and 9 and cin = 0
Time: 1170 ns  Iteration: 0  Process: /testAdder/stim_proc  File: Z:/CS-401-1-CompArch/Lab01/genericNBitAdder/genericNBitAdder.srcs/sources_1/new/testBench.vhd
Error: Failed for 14 and 10 and cin = 0
Time: 1175 ns  Iteration: 0  Process: /testAdder/stim_proc  File: Z:/CS-401-1-CompArch/Lab01/genericNBitAdder/genericNBitAdder.srcs/sources_1/new/testBench.vhd
Error: Failed for 14 and 11 and cin = 0
Time: 1180 ns  Iteration: 0  Process: /testAdder/stim_proc  File: Z:/CS-401-1-CompArch/Lab01/genericNBitAdder/genericNBitAdder.srcs/sources_1/new/testBench.vhd
Error: Failed for 14 and 12 and cin = 0
Time: 1185 ns  Iteration: 0  Process: /testAdder/stim_proc  File: Z:/CS-401-1-CompArch/Lab01/genericNBitAdder/genericNBitAdder.srcs/sources_1/new/testBench.vhd
Error: Failed for 14 and 13 and cin = 0
Time: 1190 ns  Iteration: 0  Process: /testAdder/stim_proc  File: Z:/CS-401-1-CompArch/Lab01/genericNBitAdder/genericNBitAdder.srcs/sources_1/new/testBench.vhd
Error: Failed for 14 and 14 and cin = 0
Time: 1195 ns  Iteration: 0  Process: /testAdder/stim_proc  File: Z:/CS-401-1-CompArch/Lab01/genericNBitAdder/genericNBitAdder.srcs/sources_1/new/testBench.vhd
Error: Failed for 14 and 15 and cin = 0
Time: 1200 ns  Iteration: 0  Process: /testAdder/stim_proc  File: Z:/CS-401-1-CompArch/Lab01/genericNBitAdder/genericNBitAdder.srcs/sources_1/new/testBench.vhd
Error: Failed for 15 and 0 and cin = 0
Time: 1205 ns  Iteration: 0  Process: /testAdder/stim_proc  File: Z:/CS-401-1-CompArch/Lab01/genericNBitAdder/genericNBitAdder.srcs/sources_1/new/testBench.vhd
Error: Failed for 15 and 1 and cin = 0
Time: 1210 ns  Iteration: 0  Process: /testAdder/stim_proc  File: Z:/CS-401-1-CompArch/Lab01/genericNBitAdder/genericNBitAdder.srcs/sources_1/new/testBench.vhd
Error: Failed for 15 and 2 and cin = 0
Time: 1215 ns  Iteration: 0  Process: /testAdder/stim_proc  File: Z:/CS-401-1-CompArch/Lab01/genericNBitAdder/genericNBitAdder.srcs/sources_1/new/testBench.vhd
Error: Failed for 15 and 3 and cin = 0
Time: 1220 ns  Iteration: 0  Process: /testAdder/stim_proc  File: Z:/CS-401-1-CompArch/Lab01/genericNBitAdder/genericNBitAdder.srcs/sources_1/new/testBench.vhd
Error: Failed for 15 and 4 and cin = 0
Time: 1225 ns  Iteration: 0  Process: /testAdder/stim_proc  File: Z:/CS-401-1-CompArch/Lab01/genericNBitAdder/genericNBitAdder.srcs/sources_1/new/testBench.vhd
Error: Failed for 15 and 5 and cin = 0
Time: 1230 ns  Iteration: 0  Process: /testAdder/stim_proc  File: Z:/CS-401-1-CompArch/Lab01/genericNBitAdder/genericNBitAdder.srcs/sources_1/new/testBench.vhd
Error: Failed for 15 and 6 and cin = 0
Time: 1235 ns  Iteration: 0  Process: /testAdder/stim_proc  File: Z:/CS-401-1-CompArch/Lab01/genericNBitAdder/genericNBitAdder.srcs/sources_1/new/testBench.vhd
Error: Failed for 15 and 7 and cin = 0
Time: 1240 ns  Iteration: 0  Process: /testAdder/stim_proc  File: Z:/CS-401-1-CompArch/Lab01/genericNBitAdder/genericNBitAdder.srcs/sources_1/new/testBench.vhd
Error: Failed for 15 and 8 and cin = 0
Time: 1245 ns  Iteration: 0  Process: /testAdder/stim_proc  File: Z:/CS-401-1-CompArch/Lab01/genericNBitAdder/genericNBitAdder.srcs/sources_1/new/testBench.vhd
Error: Failed for 15 and 9 and cin = 0
Time: 1250 ns  Iteration: 0  Process: /testAdder/stim_proc  File: Z:/CS-401-1-CompArch/Lab01/genericNBitAdder/genericNBitAdder.srcs/sources_1/new/testBench.vhd
Error: Failed for 15 and 10 and cin = 0
Time: 1255 ns  Iteration: 0  Process: /testAdder/stim_proc  File: Z:/CS-401-1-CompArch/Lab01/genericNBitAdder/genericNBitAdder.srcs/sources_1/new/testBench.vhd
Error: Failed for 15 and 11 and cin = 0
Time: 1260 ns  Iteration: 0  Process: /testAdder/stim_proc  File: Z:/CS-401-1-CompArch/Lab01/genericNBitAdder/genericNBitAdder.srcs/sources_1/new/testBench.vhd
Error: Failed for 15 and 12 and cin = 0
Time: 1265 ns  Iteration: 0  Process: /testAdder/stim_proc  File: Z:/CS-401-1-CompArch/Lab01/genericNBitAdder/genericNBitAdder.srcs/sources_1/new/testBench.vhd
Error: Failed for 15 and 13 and cin = 0
Time: 1270 ns  Iteration: 0  Process: /testAdder/stim_proc  File: Z:/CS-401-1-CompArch/Lab01/genericNBitAdder/genericNBitAdder.srcs/sources_1/new/testBench.vhd
Error: Failed for 15 and 14 and cin = 0
Time: 1275 ns  Iteration: 0  Process: /testAdder/stim_proc  File: Z:/CS-401-1-CompArch/Lab01/genericNBitAdder/genericNBitAdder.srcs/sources_1/new/testBench.vhd
Error: Failed for 15 and 15 and cin = 0
Time: 1280 ns  Iteration: 0  Process: /testAdder/stim_proc  File: Z:/CS-401-1-CompArch/Lab01/genericNBitAdder/genericNBitAdder.srcs/sources_1/new/testBench.vhd
