Copyright 1986-2018 Xilinx, Inc. All Rights Reserved.
---------------------------------------------------------------------------------------------------
| Tool Version              : Vivado v.2018.2.1 (win64) Build 2288692 Thu Jul 26 18:24:02 MDT 2018
| Date                      : Sun Feb 10 23:26:18 2019
| Host                      : LAB-SCI-214-01 running 64-bit major release  (build 9200)
| Command                   : report_io -file nBitAlu_io_placed.rpt
| Design                    : nBitAlu
| Device                    : xc7a100t
| Speed File                : -1
| Package                   : csg324
| Package Version           : FINAL 2012-07-17
| Package Pin Delay Version : VERS. 2.0 2012-07-17
---------------------------------------------------------------------------------------------------

IO Information

Table of Contents
-----------------
1. Summary
2. IO Assignments by Package Pin

1. Summary
----------

+---------------+
| Total User IO |
+---------------+
|           101 |
+---------------+


2. IO Assignments by Package Pin
--------------------------------

+------------+-------------+------------+------------------------------+-------------+-------------+---------+------------+------+---------------------+----------------------+---------+------------+-----------+----------+------+------------------+--------------+-------------------+--------------+
| Pin Number | Signal Name | Bank Type  | Pin Name                     | Use         | IO Standard | IO Bank | Drive (mA) | Slew | On-Chip Termination | Off-Chip Termination | Voltage | Constraint | Pull Type | DQS Bias | Vref | Signal Integrity | Pre Emphasis | Lvds Pre Emphasis | Equalization |
+------------+-------------+------------+------------------------------+-------------+-------------+---------+------------+------+---------------------+----------------------+---------+------------+-----------+----------+------+------------------+--------------+-------------------+--------------+
| A1         |             | High Range | IO_L9N_T1_DQS_AD7N_35        | User IO     |             |      35 |            |      |                     |                      |         |            |           |          |      |                  |              |                   |              |
| A2         |             |            | GND                          | GND         |             |         |            |      |                     |                      |     0.0 |            |           |          |      |                  |              |                   |              |
| A3         |             | High Range | IO_L8N_T1_AD14N_35           | User IO     |             |      35 |            |      |                     |                      |         |            |           |          |      |                  |              |                   |              |
| A4         |             | High Range | IO_L8P_T1_AD14P_35           | User IO     |             |      35 |            |      |                     |                      |         |            |           |          |      |                  |              |                   |              |
| A5         |             | High Range | IO_L3N_T0_DQS_AD5N_35        | User IO     |             |      35 |            |      |                     |                      |         |            |           |          |      |                  |              |                   |              |
| A6         |             | High Range | IO_L3P_T0_DQS_AD5P_35        | User IO     |             |      35 |            |      |                     |                      |         |            |           |          |      |                  |              |                   |              |
| A7         |             | High Range | VCCO_35                      | VCCO        |             |      35 |            |      |                     |                      |   any** |            |           |          |      |                  |              |                   |              |
| A8         |             | High Range | IO_L12N_T1_MRCC_16           | User IO     |             |      16 |            |      |                     |                      |         |            |           |          |      |                  |              |                   |              |
| A9         |             | High Range | IO_L14N_T2_SRCC_16           | User IO     |             |      16 |            |      |                     |                      |         |            |           |          |      |                  |              |                   |              |
| A10        |             | High Range | IO_L14P_T2_SRCC_16           | User IO     |             |      16 |            |      |                     |                      |         |            |           |          |      |                  |              |                   |              |
| A11        |             | High Range | IO_L4N_T0_15                 | User IO     |             |      15 |            |      |                     |                      |         |            |           |          |      |                  |              |                   |              |
| A12        |             |            | GND                          | GND         |             |         |            |      |                     |                      |     0.0 |            |           |          |      |                  |              |                   |              |
| A13        | y[27]       | High Range | IO_L9P_T1_DQS_AD3P_15        | OUTPUT      | LVCMOS18*   |      15 |         12 | SLOW |                     |            FP_VTT_50 |         | UNFIXED    |           |          |      | NONE             |              |                   |              |
| A14        | y[26]       | High Range | IO_L9N_T1_DQS_AD3N_15        | OUTPUT      | LVCMOS18*   |      15 |         12 | SLOW |                     |            FP_VTT_50 |         | UNFIXED    |           |          |      | NONE             |              |                   |              |
| A15        | y[29]       | High Range | IO_L8P_T1_AD10P_15           | OUTPUT      | LVCMOS18*   |      15 |         12 | SLOW |                     |            FP_VTT_50 |         | UNFIXED    |           |          |      | NONE             |              |                   |              |
| A16        | y[28]       | High Range | IO_L8N_T1_AD10N_15           | OUTPUT      | LVCMOS18*   |      15 |         12 | SLOW |                     |            FP_VTT_50 |         | UNFIXED    |           |          |      | NONE             |              |                   |              |
| A17        |             | High Range | VCCO_15                      | VCCO        |             |      15 |            |      |                     |                      |    1.80 |            |           |          |      |                  |              |                   |              |
| A18        | y[24]       | High Range | IO_L10N_T1_AD11N_15          | OUTPUT      | LVCMOS18*   |      15 |         12 | SLOW |                     |            FP_VTT_50 |         | UNFIXED    |           |          |      | NONE             |              |                   |              |
| B1         |             | High Range | IO_L9P_T1_DQS_AD7P_35        | User IO     |             |      35 |            |      |                     |                      |         |            |           |          |      |                  |              |                   |              |
| B2         |             | High Range | IO_L10N_T1_AD15N_35          | User IO     |             |      35 |            |      |                     |                      |         |            |           |          |      |                  |              |                   |              |
| B3         |             | High Range | IO_L10P_T1_AD15P_35          | User IO     |             |      35 |            |      |                     |                      |         |            |           |          |      |                  |              |                   |              |
| B4         |             | High Range | IO_L7N_T1_AD6N_35            | User IO     |             |      35 |            |      |                     |                      |         |            |           |          |      |                  |              |                   |              |
| B5         |             |            | GND                          | GND         |             |         |            |      |                     |                      |     0.0 |            |           |          |      |                  |              |                   |              |
| B6         |             | High Range | IO_L2N_T0_AD12N_35           | User IO     |             |      35 |            |      |                     |                      |         |            |           |          |      |                  |              |                   |              |
| B7         |             | High Range | IO_L2P_T0_AD12P_35           | User IO     |             |      35 |            |      |                     |                      |         |            |           |          |      |                  |              |                   |              |
| B8         |             | High Range | IO_L12P_T1_MRCC_16           | User IO     |             |      16 |            |      |                     |                      |         |            |           |          |      |                  |              |                   |              |
| B9         |             | High Range | IO_L11N_T1_SRCC_16           | User IO     |             |      16 |            |      |                     |                      |         |            |           |          |      |                  |              |                   |              |
| B10        |             | High Range | VCCO_16                      | VCCO        |             |      16 |            |      |                     |                      |   any** |            |           |          |      |                  |              |                   |              |
| B11        |             | High Range | IO_L4P_T0_15                 | User IO     |             |      15 |            |      |                     |                      |         |            |           |          |      |                  |              |                   |              |
| B12        |             | High Range | IO_L3N_T0_DQS_AD1N_15        | User IO     |             |      15 |            |      |                     |                      |         |            |           |          |      |                  |              |                   |              |
| B13        |             | High Range | IO_L2P_T0_AD8P_15            | User IO     |             |      15 |            |      |                     |                      |         |            |           |          |      |                  |              |                   |              |
| B14        |             | High Range | IO_L2N_T0_AD8N_15            | User IO     |             |      15 |            |      |                     |                      |         |            |           |          |      |                  |              |                   |              |
| B15        |             |            | GND                          | GND         |             |         |            |      |                     |                      |     0.0 |            |           |          |      |                  |              |                   |              |
| B16        | y[31]       | High Range | IO_L7P_T1_AD2P_15            | OUTPUT      | LVCMOS18*   |      15 |         12 | SLOW |                     |            FP_VTT_50 |         | UNFIXED    |           |          |      | NONE             |              |                   |              |
| B17        | y[30]       | High Range | IO_L7N_T1_AD2N_15            | OUTPUT      | LVCMOS18*   |      15 |         12 | SLOW |                     |            FP_VTT_50 |         | UNFIXED    |           |          |      | NONE             |              |                   |              |
| B18        | y[25]       | High Range | IO_L10P_T1_AD11P_15          | OUTPUT      | LVCMOS18*   |      15 |         12 | SLOW |                     |            FP_VTT_50 |         | UNFIXED    |           |          |      | NONE             |              |                   |              |
| C1         |             | High Range | IO_L16N_T2_35                | User IO     |             |      35 |            |      |                     |                      |         |            |           |          |      |                  |              |                   |              |
| C2         |             | High Range | IO_L16P_T2_35                | User IO     |             |      35 |            |      |                     |                      |         |            |           |          |      |                  |              |                   |              |
| C3         |             | High Range | VCCO_35                      | VCCO        |             |      35 |            |      |                     |                      |   any** |            |           |          |      |                  |              |                   |              |
| C4         |             | High Range | IO_L7P_T1_AD6P_35            | User IO     |             |      35 |            |      |                     |                      |         |            |           |          |      |                  |              |                   |              |
| C5         |             | High Range | IO_L1N_T0_AD4N_35            | User IO     |             |      35 |            |      |                     |                      |         |            |           |          |      |                  |              |                   |              |
| C6         |             | High Range | IO_L1P_T0_AD4P_35            | User IO     |             |      35 |            |      |                     |                      |         |            |           |          |      |                  |              |                   |              |
| C7         |             | High Range | IO_L4N_T0_35                 | User IO     |             |      35 |            |      |                     |                      |         |            |           |          |      |                  |              |                   |              |
| C8         |             |            | GND                          | GND         |             |         |            |      |                     |                      |     0.0 |            |           |          |      |                  |              |                   |              |
| C9         |             | High Range | IO_L11P_T1_SRCC_16           | User IO     |             |      16 |            |      |                     |                      |         |            |           |          |      |                  |              |                   |              |
| C10        |             | High Range | IO_L13N_T2_MRCC_16           | User IO     |             |      16 |            |      |                     |                      |         |            |           |          |      |                  |              |                   |              |
| C11        |             | High Range | IO_L13P_T2_MRCC_16           | User IO     |             |      16 |            |      |                     |                      |         |            |           |          |      |                  |              |                   |              |
| C12        |             | High Range | IO_L3P_T0_DQS_AD1P_15        | User IO     |             |      15 |            |      |                     |                      |         |            |           |          |      |                  |              |                   |              |
| C13        |             | High Range | VCCO_15                      | VCCO        |             |      15 |            |      |                     |                      |    1.80 |            |           |          |      |                  |              |                   |              |
| C14        |             | High Range | IO_L1N_T0_AD0N_15            | User IO     |             |      15 |            |      |                     |                      |         |            |           |          |      |                  |              |                   |              |
| C15        | y[20]       | High Range | IO_L12N_T1_MRCC_15           | OUTPUT      | LVCMOS18*   |      15 |         12 | SLOW |                     |            FP_VTT_50 |         | UNFIXED    |           |          |      | NONE             |              |                   |              |
| C16        | y[5]        | High Range | IO_L20P_T3_A20_15            | OUTPUT      | LVCMOS18*   |      15 |         12 | SLOW |                     |            FP_VTT_50 |         | UNFIXED    |           |          |      | NONE             |              |                   |              |
| C17        | y[4]        | High Range | IO_L20N_T3_A19_15            | OUTPUT      | LVCMOS18*   |      15 |         12 | SLOW |                     |            FP_VTT_50 |         | UNFIXED    |           |          |      | NONE             |              |                   |              |
| C18        |             |            | GND                          | GND         |             |         |            |      |                     |                      |     0.0 |            |           |          |      |                  |              |                   |              |
| D1         |             |            | GND                          | GND         |             |         |            |      |                     |                      |     0.0 |            |           |          |      |                  |              |                   |              |
| D2         |             | High Range | IO_L14N_T2_SRCC_35           | User IO     |             |      35 |            |      |                     |                      |         |            |           |          |      |                  |              |                   |              |
| D3         |             | High Range | IO_L12N_T1_MRCC_35           | User IO     |             |      35 |            |      |                     |                      |         |            |           |          |      |                  |              |                   |              |
| D4         |             | High Range | IO_L11N_T1_SRCC_35           | User IO     |             |      35 |            |      |                     |                      |         |            |           |          |      |                  |              |                   |              |
| D5         |             | High Range | IO_L11P_T1_SRCC_35           | User IO     |             |      35 |            |      |                     |                      |         |            |           |          |      |                  |              |                   |              |
| D6         |             | High Range | VCCO_35                      | VCCO        |             |      35 |            |      |                     |                      |   any** |            |           |          |      |                  |              |                   |              |
| D7         |             | High Range | IO_L6N_T0_VREF_35            | User IO     |             |      35 |            |      |                     |                      |         |            |           |          |      |                  |              |                   |              |
| D8         |             | High Range | IO_L4P_T0_35                 | User IO     |             |      35 |            |      |                     |                      |         |            |           |          |      |                  |              |                   |              |
| D9         |             | High Range | IO_L6N_T0_VREF_16            | User IO     |             |      16 |            |      |                     |                      |         |            |           |          |      |                  |              |                   |              |
| D10        |             | High Range | IO_L19N_T3_VREF_16           | User IO     |             |      16 |            |      |                     |                      |         |            |           |          |      |                  |              |                   |              |
| D11        |             |            | GND                          | GND         |             |         |            |      |                     |                      |     0.0 |            |           |          |      |                  |              |                   |              |
| D12        |             | High Range | IO_L6P_T0_15                 | User IO     |             |      15 |            |      |                     |                      |         |            |           |          |      |                  |              |                   |              |
| D13        |             | High Range | IO_L6N_T0_VREF_15            | User IO     |             |      15 |            |      |                     |                      |         |            |           |          |      |                  |              |                   |              |
| D14        |             | High Range | IO_L1P_T0_AD0P_15            | User IO     |             |      15 |            |      |                     |                      |         |            |           |          |      |                  |              |                   |              |
| D15        | y[21]       | High Range | IO_L12P_T1_MRCC_15           | OUTPUT      | LVCMOS18*   |      15 |         12 | SLOW |                     |            FP_VTT_50 |         | UNFIXED    |           |          |      | NONE             |              |                   |              |
| D16        |             | High Range | VCCO_15                      | VCCO        |             |      15 |            |      |                     |                      |    1.80 |            |           |          |      |                  |              |                   |              |
| D17        | y[12]       | High Range | IO_L16N_T2_A27_15            | OUTPUT      | LVCMOS18*   |      15 |         12 | SLOW |                     |            FP_VTT_50 |         | UNFIXED    |           |          |      | NONE             |              |                   |              |
| D18        | y[2]        | High Range | IO_L21N_T3_DQS_A18_15        | OUTPUT      | LVCMOS18*   |      15 |         12 | SLOW |                     |            FP_VTT_50 |         | UNFIXED    |           |          |      | NONE             |              |                   |              |
| E1         |             | High Range | IO_L18N_T2_35                | User IO     |             |      35 |            |      |                     |                      |         |            |           |          |      |                  |              |                   |              |
| E2         |             | High Range | IO_L14P_T2_SRCC_35           | User IO     |             |      35 |            |      |                     |                      |         |            |           |          |      |                  |              |                   |              |
| E3         |             | High Range | IO_L12P_T1_MRCC_35           | User IO     |             |      35 |            |      |                     |                      |         |            |           |          |      |                  |              |                   |              |
| E4         |             |            | GND                          | GND         |             |         |            |      |                     |                      |     0.0 |            |           |          |      |                  |              |                   |              |
| E5         |             | High Range | IO_L5N_T0_AD13N_35           | User IO     |             |      35 |            |      |                     |                      |         |            |           |          |      |                  |              |                   |              |
| E6         |             | High Range | IO_L5P_T0_AD13P_35           | User IO     |             |      35 |            |      |                     |                      |         |            |           |          |      |                  |              |                   |              |
| E7         |             | High Range | IO_L6P_T0_35                 | User IO     |             |      35 |            |      |                     |                      |         |            |           |          |      |                  |              |                   |              |
| E8         |             | Dedicated  | VCCBATT_0                    | Config      |             |       0 |            |      |                     |                      |         |            |           |          |      |                  |              |                   |              |
| E9         |             | Dedicated  | CCLK_0                       | Config      |             |       0 |            |      |                     |                      |         |            |           |          |      |                  |              |                   |              |
| E10        |             | Dedicated  | TCK_0                        | Config      |             |       0 |            |      |                     |                      |         |            |           |          |      |                  |              |                   |              |
| E11        |             | Dedicated  | TDI_0                        | Config      |             |       0 |            |      |                     |                      |         |            |           |          |      |                  |              |                   |              |
| E12        |             | Dedicated  | TMS_0                        | Config      |             |       0 |            |      |                     |                      |         |            |           |          |      |                  |              |                   |              |
| E13        |             | Dedicated  | TDO_0                        | Config      |             |       0 |            |      |                     |                      |         |            |           |          |      |                  |              |                   |              |
| E14        |             |            | GND                          | GND         |             |         |            |      |                     |                      |     0.0 |            |           |          |      |                  |              |                   |              |
| E15        | y[23]       | High Range | IO_L11P_T1_SRCC_15           | OUTPUT      | LVCMOS18*   |      15 |         12 | SLOW |                     |            FP_VTT_50 |         | UNFIXED    |           |          |      | NONE             |              |                   |              |
| E16        | y[22]       | High Range | IO_L11N_T1_SRCC_15           | OUTPUT      | LVCMOS18*   |      15 |         12 | SLOW |                     |            FP_VTT_50 |         | UNFIXED    |           |          |      | NONE             |              |                   |              |
| E17        | y[13]       | High Range | IO_L16P_T2_A28_15            | OUTPUT      | LVCMOS18*   |      15 |         12 | SLOW |                     |            FP_VTT_50 |         | UNFIXED    |           |          |      | NONE             |              |                   |              |
| E18        | y[3]        | High Range | IO_L21P_T3_DQS_15            | OUTPUT      | LVCMOS18*   |      15 |         12 | SLOW |                     |            FP_VTT_50 |         | UNFIXED    |           |          |      | NONE             |              |                   |              |
| F1         |             | High Range | IO_L18P_T2_35                | User IO     |             |      35 |            |      |                     |                      |         |            |           |          |      |                  |              |                   |              |
| F2         |             | High Range | VCCO_35                      | VCCO        |             |      35 |            |      |                     |                      |   any** |            |           |          |      |                  |              |                   |              |
| F3         |             | High Range | IO_L13N_T2_MRCC_35           | User IO     |             |      35 |            |      |                     |                      |         |            |           |          |      |                  |              |                   |              |
| F4         |             | High Range | IO_L13P_T2_MRCC_35           | User IO     |             |      35 |            |      |                     |                      |         |            |           |          |      |                  |              |                   |              |
| F5         |             | High Range | IO_0_35                      | User IO     |             |      35 |            |      |                     |                      |         |            |           |          |      |                  |              |                   |              |
| F6         |             | High Range | IO_L19N_T3_VREF_35           | User IO     |             |      35 |            |      |                     |                      |         |            |           |          |      |                  |              |                   |              |
| F7         |             |            | GND                          | GND         |             |         |            |      |                     |                      |     0.0 |            |           |          |      |                  |              |                   |              |
| F8         |             |            | VCCINT                       | VCCINT      |             |         |            |      |                     |                      |         |            |           |          |      |                  |              |                   |              |
| F9         |             |            | GND                          | GND         |             |         |            |      |                     |                      |     0.0 |            |           |          |      |                  |              |                   |              |
| F10        |             |            | VCCBRAM                      | VCCBRAM     |             |         |            |      |                     |                      |         |            |           |          |      |                  |              |                   |              |
| F11        |             |            | GND                          | GND         |             |         |            |      |                     |                      |     0.0 |            |           |          |      |                  |              |                   |              |
| F12        |             |            | VCCAUX                       | VCCAUX      |             |         |            |      |                     |                      |    1.80 |            |           |          |      |                  |              |                   |              |
| F13        |             | High Range | IO_L5P_T0_AD9P_15            | User IO     |             |      15 |            |      |                     |                      |         |            |           |          |      |                  |              |                   |              |
| F14        |             | High Range | IO_L5N_T0_AD9N_15            | User IO     |             |      15 |            |      |                     |                      |         |            |           |          |      |                  |              |                   |              |
| F15        | y[17]       | High Range | IO_L14P_T2_SRCC_15           | OUTPUT      | LVCMOS18*   |      15 |         12 | SLOW |                     |            FP_VTT_50 |         | UNFIXED    |           |          |      | NONE             |              |                   |              |
| F16        | y[16]       | High Range | IO_L14N_T2_SRCC_15           | OUTPUT      | LVCMOS18*   |      15 |         12 | SLOW |                     |            FP_VTT_50 |         | UNFIXED    |           |          |      | NONE             |              |                   |              |
| F17        |             |            | GND                          | GND         |             |         |            |      |                     |                      |     0.0 |            |           |          |      |                  |              |                   |              |
| F18        | y[0]        | High Range | IO_L22N_T3_A16_15            | OUTPUT      | LVCMOS18*   |      15 |         12 | SLOW |                     |            FP_VTT_50 |         | UNFIXED    |           |          |      | NONE             |              |                   |              |
| G1         |             | High Range | IO_L17N_T2_35                | User IO     |             |      35 |            |      |                     |                      |         |            |           |          |      |                  |              |                   |              |
| G2         |             | High Range | IO_L15N_T2_DQS_35            | User IO     |             |      35 |            |      |                     |                      |         |            |           |          |      |                  |              |                   |              |
| G3         |             | High Range | IO_L20N_T3_35                | User IO     |             |      35 |            |      |                     |                      |         |            |           |          |      |                  |              |                   |              |
| G4         |             | High Range | IO_L20P_T3_35                | User IO     |             |      35 |            |      |                     |                      |         |            |           |          |      |                  |              |                   |              |
| G5         |             | High Range | VCCO_35                      | VCCO        |             |      35 |            |      |                     |                      |   any** |            |           |          |      |                  |              |                   |              |
| G6         |             | High Range | IO_L19P_T3_35                | User IO     |             |      35 |            |      |                     |                      |         |            |           |          |      |                  |              |                   |              |
| G7         |             |            | VCCINT                       | VCCINT      |             |         |            |      |                     |                      |         |            |           |          |      |                  |              |                   |              |
| G8         |             |            | GND                          | GND         |             |         |            |      |                     |                      |     0.0 |            |           |          |      |                  |              |                   |              |
| G9         |             |            | VCCINT                       | VCCINT      |             |         |            |      |                     |                      |         |            |           |          |      |                  |              |                   |              |
| G10        |             |            | GND                          | GND         |             |         |            |      |                     |                      |     0.0 |            |           |          |      |                  |              |                   |              |
| G11        |             |            | VCCBRAM                      | VCCBRAM     |             |         |            |      |                     |                      |         |            |           |          |      |                  |              |                   |              |
| G12        |             |            | GND                          | GND         |             |         |            |      |                     |                      |     0.0 |            |           |          |      |                  |              |                   |              |
| G13        |             | High Range | IO_0_15                      | User IO     |             |      15 |            |      |                     |                      |         |            |           |          |      |                  |              |                   |              |
| G14        | y[14]       | High Range | IO_L15N_T2_DQS_ADV_B_15      | OUTPUT      | LVCMOS18*   |      15 |         12 | SLOW |                     |            FP_VTT_50 |         | UNFIXED    |           |          |      | NONE             |              |                   |              |
| G15        |             | High Range | VCCO_15                      | VCCO        |             |      15 |            |      |                     |                      |    1.80 |            |           |          |      |                  |              |                   |              |
| G16        | y[18]       | High Range | IO_L13N_T2_MRCC_15           | OUTPUT      | LVCMOS18*   |      15 |         12 | SLOW |                     |            FP_VTT_50 |         | UNFIXED    |           |          |      | NONE             |              |                   |              |
| G17        | y[8]        | High Range | IO_L18N_T2_A23_15            | OUTPUT      | LVCMOS18*   |      15 |         12 | SLOW |                     |            FP_VTT_50 |         | UNFIXED    |           |          |      | NONE             |              |                   |              |
| G18        | y[1]        | High Range | IO_L22P_T3_A17_15            | OUTPUT      | LVCMOS18*   |      15 |         12 | SLOW |                     |            FP_VTT_50 |         | UNFIXED    |           |          |      | NONE             |              |                   |              |
| H1         |             | High Range | IO_L17P_T2_35                | User IO     |             |      35 |            |      |                     |                      |         |            |           |          |      |                  |              |                   |              |
| H2         |             | High Range | IO_L15P_T2_DQS_35            | User IO     |             |      35 |            |      |                     |                      |         |            |           |          |      |                  |              |                   |              |
| H3         |             |            | GND                          | GND         |             |         |            |      |                     |                      |     0.0 |            |           |          |      |                  |              |                   |              |
| H4         |             | High Range | IO_L21N_T3_DQS_35            | User IO     |             |      35 |            |      |                     |                      |         |            |           |          |      |                  |              |                   |              |
| H5         |             | High Range | IO_L24N_T3_35                | User IO     |             |      35 |            |      |                     |                      |         |            |           |          |      |                  |              |                   |              |
| H6         |             | High Range | IO_L24P_T3_35                | User IO     |             |      35 |            |      |                     |                      |         |            |           |          |      |                  |              |                   |              |
| H7         |             |            | GND                          | GND         |             |         |            |      |                     |                      |     0.0 |            |           |          |      |                  |              |                   |              |
| H8         |             |            | VCCINT                       | VCCINT      |             |         |            |      |                     |                      |         |            |           |          |      |                  |              |                   |              |
| H9         |             | Dedicated  | GNDADC_0                     | XADC        |             |       0 |            |      |                     |                      |         |            |           |          |      |                  |              |                   |              |
| H10        |             | Dedicated  | VCCADC_0                     | XADC        |             |       0 |            |      |                     |                      |         |            |           |          |      |                  |              |                   |              |
| H11        |             |            | GND                          | GND         |             |         |            |      |                     |                      |     0.0 |            |           |          |      |                  |              |                   |              |
| H12        |             |            | VCCAUX                       | VCCAUX      |             |         |            |      |                     |                      |    1.80 |            |           |          |      |                  |              |                   |              |
| H13        |             |            | GND                          | GND         |             |         |            |      |                     |                      |     0.0 |            |           |          |      |                  |              |                   |              |
| H14        | y[15]       | High Range | IO_L15P_T2_DQS_15            | OUTPUT      | LVCMOS18*   |      15 |         12 | SLOW |                     |            FP_VTT_50 |         | UNFIXED    |           |          |      | NONE             |              |                   |              |
| H15        | y[6]        | High Range | IO_L19N_T3_A21_VREF_15       | OUTPUT      | LVCMOS18*   |      15 |         12 | SLOW |                     |            FP_VTT_50 |         | UNFIXED    |           |          |      | NONE             |              |                   |              |
| H16        | y[19]       | High Range | IO_L13P_T2_MRCC_15           | OUTPUT      | LVCMOS18*   |      15 |         12 | SLOW |                     |            FP_VTT_50 |         | UNFIXED    |           |          |      | NONE             |              |                   |              |
| H17        | y[9]        | High Range | IO_L18P_T2_A24_15            | OUTPUT      | LVCMOS18*   |      15 |         12 | SLOW |                     |            FP_VTT_50 |         | UNFIXED    |           |          |      | NONE             |              |                   |              |
| H18        |             | High Range | VCCO_15                      | VCCO        |             |      15 |            |      |                     |                      |    1.80 |            |           |          |      |                  |              |                   |              |
| J1         |             | High Range | VCCO_35                      | VCCO        |             |      35 |            |      |                     |                      |   any** |            |           |          |      |                  |              |                   |              |
| J2         |             | High Range | IO_L22N_T3_35                | User IO     |             |      35 |            |      |                     |                      |         |            |           |          |      |                  |              |                   |              |
| J3         |             | High Range | IO_L22P_T3_35                | User IO     |             |      35 |            |      |                     |                      |         |            |           |          |      |                  |              |                   |              |
| J4         |             | High Range | IO_L21P_T3_DQS_35            | User IO     |             |      35 |            |      |                     |                      |         |            |           |          |      |                  |              |                   |              |
| J5         |             | High Range | IO_25_35                     | User IO     |             |      35 |            |      |                     |                      |         |            |           |          |      |                  |              |                   |              |
| J6         |             |            | GND                          | GND         |             |         |            |      |                     |                      |     0.0 |            |           |          |      |                  |              |                   |              |
| J7         |             |            | VCCINT                       | VCCINT      |             |         |            |      |                     |                      |         |            |           |          |      |                  |              |                   |              |
| J8         |             |            | GND                          | GND         |             |         |            |      |                     |                      |     0.0 |            |           |          |      |                  |              |                   |              |
| J9         |             | Dedicated  | VREFN_0                      | XADC        |             |       0 |            |      |                     |                      |         |            |           |          |      |                  |              |                   |              |
| J10        |             | Dedicated  | VP_0                         | XADC        |             |       0 |            |      |                     |                      |         |            |           |          |      |                  |              |                   |              |
| J11        |             |            | VCCINT                       | VCCINT      |             |         |            |      |                     |                      |         |            |           |          |      |                  |              |                   |              |
| J12        |             |            | GND                          | GND         |             |         |            |      |                     |                      |     0.0 |            |           |          |      |                  |              |                   |              |
| J13        | y[10]       | High Range | IO_L17N_T2_A25_15            | OUTPUT      | LVCMOS18*   |      15 |         12 | SLOW |                     |            FP_VTT_50 |         | UNFIXED    |           |          |      | NONE             |              |                   |              |
| J14        | y[7]        | High Range | IO_L19P_T3_A22_15            | OUTPUT      | LVCMOS18*   |      15 |         12 | SLOW |                     |            FP_VTT_50 |         | UNFIXED    |           |          |      | NONE             |              |                   |              |
| J15        | op[1]       | High Range | IO_L24N_T3_RS0_15            | INPUT       | LVCMOS18*   |      15 |            |      |                     |                 NONE |         | UNFIXED    |           |          |      | NONE             |              |                   |              |
| J16        |             |            | GND                          | GND         |             |         |            |      |                     |                      |     0.0 |            |           |          |      |                  |              |                   |              |
| J17        | op[4]       | High Range | IO_L23P_T3_FOE_B_15          | INPUT       | LVCMOS18*   |      15 |            |      |                     |                 NONE |         | UNFIXED    |           |          |      | NONE             |              |                   |              |
| J18        | op[3]       | High Range | IO_L23N_T3_FWE_B_15          | INPUT       | LVCMOS18*   |      15 |            |      |                     |                 NONE |         | UNFIXED    |           |          |      | NONE             |              |                   |              |
| K1         |             | High Range | IO_L23N_T3_35                | User IO     |             |      35 |            |      |                     |                      |         |            |           |          |      |                  |              |                   |              |
| K2         |             | High Range | IO_L23P_T3_35                | User IO     |             |      35 |            |      |                     |                      |         |            |           |          |      |                  |              |                   |              |
| K3         |             | High Range | IO_L2P_T0_34                 | User IO     |             |      34 |            |      |                     |                      |         |            |           |          |      |                  |              |                   |              |
| K4         |             | High Range | VCCO_34                      | VCCO        |             |      34 |            |      |                     |                      |    1.80 |            |           |          |      |                  |              |                   |              |
| K5         |             | High Range | IO_L5P_T0_34                 | User IO     |             |      34 |            |      |                     |                      |         |            |           |          |      |                  |              |                   |              |
| K6         |             | High Range | IO_0_34                      | User IO     |             |      34 |            |      |                     |                      |         |            |           |          |      |                  |              |                   |              |
| K7         |             |            | GND                          | GND         |             |         |            |      |                     |                      |     0.0 |            |           |          |      |                  |              |                   |              |
| K8         |             |            | VCCINT                       | VCCINT      |             |         |            |      |                     |                      |         |            |           |          |      |                  |              |                   |              |
| K9         |             | Dedicated  | VN_0                         | XADC        |             |       0 |            |      |                     |                      |         |            |           |          |      |                  |              |                   |              |
| K10        |             | Dedicated  | VREFP_0                      | XADC        |             |       0 |            |      |                     |                      |         |            |           |          |      |                  |              |                   |              |
| K11        |             |            | GND                          | GND         |             |         |            |      |                     |                      |     0.0 |            |           |          |      |                  |              |                   |              |
| K12        |             |            | VCCAUX                       | VCCAUX      |             |         |            |      |                     |                      |    1.80 |            |           |          |      |                  |              |                   |              |
| K13        | y[11]       | High Range | IO_L17P_T2_A26_15            | OUTPUT      | LVCMOS18*   |      15 |         12 | SLOW |                     |            FP_VTT_50 |         | UNFIXED    |           |          |      | NONE             |              |                   |              |
| K14        |             | High Range | VCCO_15                      | VCCO        |             |      15 |            |      |                     |                      |    1.80 |            |           |          |      |                  |              |                   |              |
| K15        | op[2]       | High Range | IO_L24P_T3_RS1_15            | INPUT       | LVCMOS18*   |      15 |            |      |                     |                 NONE |         | UNFIXED    |           |          |      | NONE             |              |                   |              |
| K16        | op[0]       | High Range | IO_25_15                     | INPUT       | LVCMOS18*   |      15 |            |      |                     |                 NONE |         | UNFIXED    |           |          |      | NONE             |              |                   |              |
| K17        |             | High Range | IO_L1P_T0_D00_MOSI_14        | User IO     |             |      14 |            |      |                     |                      |         |            |           |          |      |                  |              |                   |              |
| K18        |             | High Range | IO_L1N_T0_D01_DIN_14         | User IO     |             |      14 |            |      |                     |                      |         |            |           |          |      |                  |              |                   |              |
| L1         |             | High Range | IO_L1P_T0_34                 | User IO     |             |      34 |            |      |                     |                      |         |            |           |          |      |                  |              |                   |              |
| L2         |             |            | GND                          | GND         |             |         |            |      |                     |                      |     0.0 |            |           |          |      |                  |              |                   |              |
| L3         |             | High Range | IO_L2N_T0_34                 | User IO     |             |      34 |            |      |                     |                      |         |            |           |          |      |                  |              |                   |              |
| L4         |             | High Range | IO_L5N_T0_34                 | User IO     |             |      34 |            |      |                     |                      |         |            |           |          |      |                  |              |                   |              |
| L5         |             | High Range | IO_L6N_T0_VREF_34            | User IO     |             |      34 |            |      |                     |                      |         |            |           |          |      |                  |              |                   |              |
| L6         |             | High Range | IO_L6P_T0_34                 | User IO     |             |      34 |            |      |                     |                      |         |            |           |          |      |                  |              |                   |              |
| L7         |             |            | VCCINT                       | VCCINT      |             |         |            |      |                     |                      |         |            |           |          |      |                  |              |                   |              |
| L8         |             |            | GND                          | GND         |             |         |            |      |                     |                      |     0.0 |            |           |          |      |                  |              |                   |              |
| L9         |             | Dedicated  | DXN_0                        | Temp Sensor |             |       0 |            |      |                     |                      |         |            |           |          |      |                  |              |                   |              |
| L10        |             | Dedicated  | DXP_0                        | Temp Sensor |             |       0 |            |      |                     |                      |         |            |           |          |      |                  |              |                   |              |
| L11        |             |            | VCCINT                       | VCCINT      |             |         |            |      |                     |                      |         |            |           |          |      |                  |              |                   |              |
| L12        |             |            | GND                          | GND         |             |         |            |      |                     |                      |     0.0 |            |           |          |      |                  |              |                   |              |
| L13        |             | High Range | IO_L6P_T0_FCS_B_14           | User IO     |             |      14 |            |      |                     |                      |         |            |           |          |      |                  |              |                   |              |
| L14        |             | High Range | IO_L2P_T0_D02_14             | User IO     |             |      14 |            |      |                     |                      |         |            |           |          |      |                  |              |                   |              |
| L15        |             | High Range | IO_L3P_T0_DQS_PUDC_B_14      | User IO     |             |      14 |            |      |                     |                      |         |            |           |          |      |                  |              |                   |              |
| L16        |             | High Range | IO_L3N_T0_DQS_EMCCLK_14      | User IO     |             |      14 |            |      |                     |                      |         |            |           |          |      |                  |              |                   |              |
| L17        |             | High Range | VCCO_14                      | VCCO        |             |      14 |            |      |                     |                      |    1.80 |            |           |          |      |                  |              |                   |              |
| L18        |             | High Range | IO_L4P_T0_D04_14             | User IO     |             |      14 |            |      |                     |                      |         |            |           |          |      |                  |              |                   |              |
| M1         |             | High Range | IO_L1N_T0_34                 | User IO     |             |      34 |            |      |                     |                      |         |            |           |          |      |                  |              |                   |              |
| M2         |             | High Range | IO_L4N_T0_34                 | User IO     |             |      34 |            |      |                     |                      |         |            |           |          |      |                  |              |                   |              |
| M3         |             | High Range | IO_L4P_T0_34                 | User IO     |             |      34 |            |      |                     |                      |         |            |           |          |      |                  |              |                   |              |
| M4         | a[18]       | High Range | IO_L16P_T2_34                | INPUT       | LVCMOS18*   |      34 |            |      |                     |                 NONE |         | UNFIXED    |           |          |      | NONE             |              |                   |              |
| M5         |             |            | GND                          | GND         |             |         |            |      |                     |                      |     0.0 |            |           |          |      |                  |              |                   |              |
| M6         | a[14]       | High Range | IO_L18P_T2_34                | INPUT       | LVCMOS18*   |      34 |            |      |                     |                 NONE |         | UNFIXED    |           |          |      | NONE             |              |                   |              |
| M7         |             |            | GND                          | GND         |             |         |            |      |                     |                      |     0.0 |            |           |          |      |                  |              |                   |              |
| M8         |             |            | VCCINT                       | VCCINT      |             |         |            |      |                     |                      |         |            |           |          |      |                  |              |                   |              |
| M9         |             |            | GND                          | GND         |             |         |            |      |                     |                      |     0.0 |            |           |          |      |                  |              |                   |              |
| M10        |             |            | VCCINT                       | VCCINT      |             |         |            |      |                     |                      |         |            |           |          |      |                  |              |                   |              |
| M11        |             |            | GND                          | GND         |             |         |            |      |                     |                      |     0.0 |            |           |          |      |                  |              |                   |              |
| M12        |             |            | VCCAUX                       | VCCAUX      |             |         |            |      |                     |                      |    1.80 |            |           |          |      |                  |              |                   |              |
| M13        |             | High Range | IO_L6N_T0_D08_VREF_14        | User IO     |             |      14 |            |      |                     |                      |         |            |           |          |      |                  |              |                   |              |
| M14        |             | High Range | IO_L2N_T0_D03_14             | User IO     |             |      14 |            |      |                     |                      |         |            |           |          |      |                  |              |                   |              |
| M15        |             |            | GND                          | GND         |             |         |            |      |                     |                      |     0.0 |            |           |          |      |                  |              |                   |              |
| M16        | b[30]       | High Range | IO_L10P_T1_D14_14            | INPUT       | LVCMOS18*   |      14 |            |      |                     |                 NONE |         | UNFIXED    |           |          |      | NONE             |              |                   |              |
| M17        | b[29]       | High Range | IO_L10N_T1_D15_14            | INPUT       | LVCMOS18*   |      14 |            |      |                     |                 NONE |         | UNFIXED    |           |          |      | NONE             |              |                   |              |
| M18        |             | High Range | IO_L4N_T0_D05_14             | User IO     |             |      14 |            |      |                     |                      |         |            |           |          |      |                  |              |                   |              |
| N1         |             | High Range | IO_L3N_T0_DQS_34             | User IO     |             |      34 |            |      |                     |                      |         |            |           |          |      |                  |              |                   |              |
| N2         |             | High Range | IO_L3P_T0_DQS_34             | User IO     |             |      34 |            |      |                     |                      |         |            |           |          |      |                  |              |                   |              |
| N3         |             | High Range | VCCO_34                      | VCCO        |             |      34 |            |      |                     |                      |    1.80 |            |           |          |      |                  |              |                   |              |
| N4         | a[17]       | High Range | IO_L16N_T2_34                | INPUT       | LVCMOS18*   |      34 |            |      |                     |                 NONE |         | UNFIXED    |           |          |      | NONE             |              |                   |              |
| N5         | a[24]       | High Range | IO_L13P_T2_MRCC_34           | INPUT       | LVCMOS18*   |      34 |            |      |                     |                 NONE |         | UNFIXED    |           |          |      | NONE             |              |                   |              |
| N6         | a[13]       | High Range | IO_L18N_T2_34                | INPUT       | LVCMOS18*   |      34 |            |      |                     |                 NONE |         | UNFIXED    |           |          |      | NONE             |              |                   |              |
| N7         |             |            | VCCINT                       | VCCINT      |             |         |            |      |                     |                      |         |            |           |          |      |                  |              |                   |              |
| N8         |             |            | GND                          | GND         |             |         |            |      |                     |                      |     0.0 |            |           |          |      |                  |              |                   |              |
| N9         |             |            | VCCINT                       | VCCINT      |             |         |            |      |                     |                      |         |            |           |          |      |                  |              |                   |              |
| N10        |             |            | GND                          | GND         |             |         |            |      |                     |                      |     0.0 |            |           |          |      |                  |              |                   |              |
| N11        |             |            | VCCINT                       | VCCINT      |             |         |            |      |                     |                      |         |            |           |          |      |                  |              |                   |              |
| N12        |             |            | GND                          | GND         |             |         |            |      |                     |                      |     0.0 |            |           |          |      |                  |              |                   |              |
| N13        |             | High Range | VCCO_14                      | VCCO        |             |      14 |            |      |                     |                      |    1.80 |            |           |          |      |                  |              |                   |              |
| N14        |             | High Range | IO_L8P_T1_D11_14             | User IO     |             |      14 |            |      |                     |                      |         |            |           |          |      |                  |              |                   |              |
| N15        | b[28]       | High Range | IO_L11P_T1_SRCC_14           | INPUT       | LVCMOS18*   |      14 |            |      |                     |                 NONE |         | UNFIXED    |           |          |      | NONE             |              |                   |              |
| N16        | b[27]       | High Range | IO_L11N_T1_SRCC_14           | INPUT       | LVCMOS18*   |      14 |            |      |                     |                 NONE |         | UNFIXED    |           |          |      | NONE             |              |                   |              |
| N17        |             | High Range | IO_L9P_T1_DQS_14             | User IO     |             |      14 |            |      |                     |                      |         |            |           |          |      |                  |              |                   |              |
| N18        |             |            | GND                          | GND         |             |         |            |      |                     |                      |     0.0 |            |           |          |      |                  |              |                   |              |
| P1         |             |            | GND                          | GND         |             |         |            |      |                     |                      |     0.0 |            |           |          |      |                  |              |                   |              |
| P2         | a[20]       | High Range | IO_L15P_T2_DQS_34            | INPUT       | LVCMOS18*   |      34 |            |      |                     |                 NONE |         | UNFIXED    |           |          |      | NONE             |              |                   |              |
| P3         | a[21]       | High Range | IO_L14N_T2_SRCC_34           | INPUT       | LVCMOS18*   |      34 |            |      |                     |                 NONE |         | UNFIXED    |           |          |      | NONE             |              |                   |              |
| P4         | a[22]       | High Range | IO_L14P_T2_SRCC_34           | INPUT       | LVCMOS18*   |      34 |            |      |                     |                 NONE |         | UNFIXED    |           |          |      | NONE             |              |                   |              |
| P5         | a[23]       | High Range | IO_L13N_T2_MRCC_34           | INPUT       | LVCMOS18*   |      34 |            |      |                     |                 NONE |         | UNFIXED    |           |          |      | NONE             |              |                   |              |
| P6         |             | High Range | VCCO_34                      | VCCO        |             |      34 |            |      |                     |                      |    1.80 |            |           |          |      |                  |              |                   |              |
| P7         |             | Dedicated  | INIT_B_0                     | Config      |             |       0 |            |      |                     |                      |         |            |           |          |      |                  |              |                   |              |
| P8         |             | Dedicated  | CFGBVS_0                     | Config      |             |       0 |            |      |                     |                      |         |            |           |          |      |                  |              |                   |              |
| P9         |             | Dedicated  | PROGRAM_B_0                  | Config      |             |       0 |            |      |                     |                      |         |            |           |          |      |                  |              |                   |              |
| P10        |             | Dedicated  | DONE_0                       | Config      |             |       0 |            |      |                     |                      |         |            |           |          |      |                  |              |                   |              |
| P11        |             | Dedicated  | M2_0                         | Config      |             |       0 |            |      |                     |                      |         |            |           |          |      |                  |              |                   |              |
| P12        |             | Dedicated  | M0_0                         | Config      |             |       0 |            |      |                     |                      |         |            |           |          |      |                  |              |                   |              |
| P13        |             | Dedicated  | M1_0                         | Config      |             |       0 |            |      |                     |                      |         |            |           |          |      |                  |              |                   |              |
| P14        |             | High Range | IO_L8N_T1_D12_14             | User IO     |             |      14 |            |      |                     |                      |         |            |           |          |      |                  |              |                   |              |
| P15        | b[24]       | High Range | IO_L13P_T2_MRCC_14           | INPUT       | LVCMOS18*   |      14 |            |      |                     |                 NONE |         | UNFIXED    |           |          |      | NONE             |              |                   |              |
| P16        |             | High Range | VCCO_14                      | VCCO        |             |      14 |            |      |                     |                      |    1.80 |            |           |          |      |                  |              |                   |              |
| P17        | b[26]       | High Range | IO_L12P_T1_MRCC_14           | INPUT       | LVCMOS18*   |      14 |            |      |                     |                 NONE |         | UNFIXED    |           |          |      | NONE             |              |                   |              |
| P18        | b[31]       | High Range | IO_L9N_T1_DQS_D13_14         | INPUT       | LVCMOS18*   |      14 |            |      |                     |                 NONE |         | UNFIXED    |           |          |      | NONE             |              |                   |              |
| R1         | a[16]       | High Range | IO_L17P_T2_34                | INPUT       | LVCMOS18*   |      34 |            |      |                     |                 NONE |         | UNFIXED    |           |          |      | NONE             |              |                   |              |
| R2         | a[19]       | High Range | IO_L15N_T2_DQS_34            | INPUT       | LVCMOS18*   |      34 |            |      |                     |                 NONE |         | UNFIXED    |           |          |      | NONE             |              |                   |              |
| R3         | a[28]       | High Range | IO_L11P_T1_SRCC_34           | INPUT       | LVCMOS18*   |      34 |            |      |                     |                 NONE |         | UNFIXED    |           |          |      | NONE             |              |                   |              |
| R4         |             |            | GND                          | GND         |             |         |            |      |                     |                      |     0.0 |            |           |          |      |                  |              |                   |              |
| R5         | a[11]       | High Range | IO_L19N_T3_VREF_34           | INPUT       | LVCMOS18*   |      34 |            |      |                     |                 NONE |         | UNFIXED    |           |          |      | NONE             |              |                   |              |
| R6         | a[12]       | High Range | IO_L19P_T3_34                | INPUT       | LVCMOS18*   |      34 |            |      |                     |                 NONE |         | UNFIXED    |           |          |      | NONE             |              |                   |              |
| R7         | a[4]        | High Range | IO_L23P_T3_34                | INPUT       | LVCMOS18*   |      34 |            |      |                     |                 NONE |         | UNFIXED    |           |          |      | NONE             |              |                   |              |
| R8         | a[2]        | High Range | IO_L24P_T3_34                | INPUT       | LVCMOS18*   |      34 |            |      |                     |                 NONE |         | UNFIXED    |           |          |      | NONE             |              |                   |              |
| R9         |             | Dedicated  | VCCO_0                       | VCCO        |             |       0 |            |      |                     |                      |   any** |            |           |          |      |                  |              |                   |              |
| R10        | b[0]        | High Range | IO_25_14                     | INPUT       | LVCMOS18*   |      14 |            |      |                     |                 NONE |         | UNFIXED    |           |          |      | NONE             |              |                   |              |
| R11        |             | High Range | IO_0_14                      | User IO     |             |      14 |            |      |                     |                      |         |            |           |          |      |                  |              |                   |              |
| R12        |             | High Range | IO_L5P_T0_D06_14             | User IO     |             |      14 |            |      |                     |                      |         |            |           |          |      |                  |              |                   |              |
| R13        |             | High Range | IO_L5N_T0_D07_14             | User IO     |             |      14 |            |      |                     |                      |         |            |           |          |      |                  |              |                   |              |
| R14        |             |            | GND                          | GND         |             |         |            |      |                     |                      |     0.0 |            |           |          |      |                  |              |                   |              |
| R15        | b[23]       | High Range | IO_L13N_T2_MRCC_14           | INPUT       | LVCMOS18*   |      14 |            |      |                     |                 NONE |         | UNFIXED    |           |          |      | NONE             |              |                   |              |
| R16        | b[20]       | High Range | IO_L15P_T2_DQS_RDWR_B_14     | INPUT       | LVCMOS18*   |      14 |            |      |                     |                 NONE |         | UNFIXED    |           |          |      | NONE             |              |                   |              |
| R17        | b[25]       | High Range | IO_L12N_T1_MRCC_14           | INPUT       | LVCMOS18*   |      14 |            |      |                     |                 NONE |         | UNFIXED    |           |          |      | NONE             |              |                   |              |
| R18        |             | High Range | IO_L7P_T1_D09_14             | User IO     |             |      14 |            |      |                     |                      |         |            |           |          |      |                  |              |                   |              |
| T1         | a[15]       | High Range | IO_L17N_T2_34                | INPUT       | LVCMOS18*   |      34 |            |      |                     |                 NONE |         | UNFIXED    |           |          |      | NONE             |              |                   |              |
| T2         |             | High Range | VCCO_34                      | VCCO        |             |      34 |            |      |                     |                      |    1.80 |            |           |          |      |                  |              |                   |              |
| T3         | a[27]       | High Range | IO_L11N_T1_SRCC_34           | INPUT       | LVCMOS18*   |      34 |            |      |                     |                 NONE |         | UNFIXED    |           |          |      | NONE             |              |                   |              |
| T4         | a[25]       | High Range | IO_L12N_T1_MRCC_34           | INPUT       | LVCMOS18*   |      34 |            |      |                     |                 NONE |         | UNFIXED    |           |          |      | NONE             |              |                   |              |
| T5         | a[26]       | High Range | IO_L12P_T1_MRCC_34           | INPUT       | LVCMOS18*   |      34 |            |      |                     |                 NONE |         | UNFIXED    |           |          |      | NONE             |              |                   |              |
| T6         | a[3]        | High Range | IO_L23N_T3_34                | INPUT       | LVCMOS18*   |      34 |            |      |                     |                 NONE |         | UNFIXED    |           |          |      | NONE             |              |                   |              |
| T7         |             |            | GND                          | GND         |             |         |            |      |                     |                      |     0.0 |            |           |          |      |                  |              |                   |              |
| T8         | a[1]        | High Range | IO_L24N_T3_34                | INPUT       | LVCMOS18*   |      34 |            |      |                     |                 NONE |         | UNFIXED    |           |          |      | NONE             |              |                   |              |
| T9         | b[2]        | High Range | IO_L24P_T3_A01_D17_14        | INPUT       | LVCMOS18*   |      14 |            |      |                     |                 NONE |         | UNFIXED    |           |          |      | NONE             |              |                   |              |
| T10        | b[1]        | High Range | IO_L24N_T3_A00_D16_14        | INPUT       | LVCMOS18*   |      14 |            |      |                     |                 NONE |         | UNFIXED    |           |          |      | NONE             |              |                   |              |
| T11        | b[12]       | High Range | IO_L19P_T3_A10_D26_14        | INPUT       | LVCMOS18*   |      14 |            |      |                     |                 NONE |         | UNFIXED    |           |          |      | NONE             |              |                   |              |
| T12        |             | High Range | VCCO_14                      | VCCO        |             |      14 |            |      |                     |                      |    1.80 |            |           |          |      |                  |              |                   |              |
| T13        | b[4]        | High Range | IO_L23P_T3_A03_D19_14        | INPUT       | LVCMOS18*   |      14 |            |      |                     |                 NONE |         | UNFIXED    |           |          |      | NONE             |              |                   |              |
| T14        | b[22]       | High Range | IO_L14P_T2_SRCC_14           | INPUT       | LVCMOS18*   |      14 |            |      |                     |                 NONE |         | UNFIXED    |           |          |      | NONE             |              |                   |              |
| T15        | b[21]       | High Range | IO_L14N_T2_SRCC_14           | INPUT       | LVCMOS18*   |      14 |            |      |                     |                 NONE |         | UNFIXED    |           |          |      | NONE             |              |                   |              |
| T16        | b[19]       | High Range | IO_L15N_T2_DQS_DOUT_CSO_B_14 | INPUT       | LVCMOS18*   |      14 |            |      |                     |                 NONE |         | UNFIXED    |           |          |      | NONE             |              |                   |              |
| T17        |             |            | GND                          | GND         |             |         |            |      |                     |                      |     0.0 |            |           |          |      |                  |              |                   |              |
| T18        |             | High Range | IO_L7N_T1_D10_14             | User IO     |             |      14 |            |      |                     |                      |         |            |           |          |      |                  |              |                   |              |
| U1         |             | High Range | IO_L7P_T1_34                 | User IO     |             |      34 |            |      |                     |                      |         |            |           |          |      |                  |              |                   |              |
| U2         |             | High Range | IO_L9P_T1_DQS_34             | User IO     |             |      34 |            |      |                     |                      |         |            |           |          |      |                  |              |                   |              |
| U3         |             | High Range | IO_L8N_T1_34                 | User IO     |             |      34 |            |      |                     |                      |         |            |           |          |      |                  |              |                   |              |
| U4         |             | High Range | IO_L8P_T1_34                 | User IO     |             |      34 |            |      |                     |                      |         |            |           |          |      |                  |              |                   |              |
| U5         |             | High Range | VCCO_34                      | VCCO        |             |      34 |            |      |                     |                      |    1.80 |            |           |          |      |                  |              |                   |              |
| U6         | a[5]        | High Range | IO_L22N_T3_34                | INPUT       | LVCMOS18*   |      34 |            |      |                     |                 NONE |         | UNFIXED    |           |          |      | NONE             |              |                   |              |
| U7         | a[6]        | High Range | IO_L22P_T3_34                | INPUT       | LVCMOS18*   |      34 |            |      |                     |                 NONE |         | UNFIXED    |           |          |      | NONE             |              |                   |              |
| U8         | a[0]        | High Range | IO_25_34                     | INPUT       | LVCMOS18*   |      34 |            |      |                     |                 NONE |         | UNFIXED    |           |          |      | NONE             |              |                   |              |
| U9         | a[8]        | High Range | IO_L21P_T3_DQS_34            | INPUT       | LVCMOS18*   |      34 |            |      |                     |                 NONE |         | UNFIXED    |           |          |      | NONE             |              |                   |              |
| U10        |             |            | GND                          | GND         |             |         |            |      |                     |                      |     0.0 |            |           |          |      |                  |              |                   |              |
| U11        | b[11]       | High Range | IO_L19N_T3_A09_D25_VREF_14   | INPUT       | LVCMOS18*   |      14 |            |      |                     |                 NONE |         | UNFIXED    |           |          |      | NONE             |              |                   |              |
| U12        | b[10]       | High Range | IO_L20P_T3_A08_D24_14        | INPUT       | LVCMOS18*   |      14 |            |      |                     |                 NONE |         | UNFIXED    |           |          |      | NONE             |              |                   |              |
| U13        | b[3]        | High Range | IO_L23N_T3_A02_D18_14        | INPUT       | LVCMOS18*   |      14 |            |      |                     |                 NONE |         | UNFIXED    |           |          |      | NONE             |              |                   |              |
| U14        | b[6]        | High Range | IO_L22P_T3_A05_D21_14        | INPUT       | LVCMOS18*   |      14 |            |      |                     |                 NONE |         | UNFIXED    |           |          |      | NONE             |              |                   |              |
| U15        |             | High Range | VCCO_14                      | VCCO        |             |      14 |            |      |                     |                      |    1.80 |            |           |          |      |                  |              |                   |              |
| U16        | b[14]       | High Range | IO_L18P_T2_A12_D28_14        | INPUT       | LVCMOS18*   |      14 |            |      |                     |                 NONE |         | UNFIXED    |           |          |      | NONE             |              |                   |              |
| U17        | b[16]       | High Range | IO_L17P_T2_A14_D30_14        | INPUT       | LVCMOS18*   |      14 |            |      |                     |                 NONE |         | UNFIXED    |           |          |      | NONE             |              |                   |              |
| U18        | b[15]       | High Range | IO_L17N_T2_A13_D29_14        | INPUT       | LVCMOS18*   |      14 |            |      |                     |                 NONE |         | UNFIXED    |           |          |      | NONE             |              |                   |              |
| V1         |             | High Range | IO_L7N_T1_34                 | User IO     |             |      34 |            |      |                     |                      |         |            |           |          |      |                  |              |                   |              |
| V2         | a[31]       | High Range | IO_L9N_T1_DQS_34             | INPUT       | LVCMOS18*   |      34 |            |      |                     |                 NONE |         | UNFIXED    |           |          |      | NONE             |              |                   |              |
| V3         |             |            | GND                          | GND         |             |         |            |      |                     |                      |     0.0 |            |           |          |      |                  |              |                   |              |
| V4         | a[29]       | High Range | IO_L10N_T1_34                | INPUT       | LVCMOS18*   |      34 |            |      |                     |                 NONE |         | UNFIXED    |           |          |      | NONE             |              |                   |              |
| V5         | a[30]       | High Range | IO_L10P_T1_34                | INPUT       | LVCMOS18*   |      34 |            |      |                     |                 NONE |         | UNFIXED    |           |          |      | NONE             |              |                   |              |
| V6         | a[9]        | High Range | IO_L20N_T3_34                | INPUT       | LVCMOS18*   |      34 |            |      |                     |                 NONE |         | UNFIXED    |           |          |      | NONE             |              |                   |              |
| V7         | a[10]       | High Range | IO_L20P_T3_34                | INPUT       | LVCMOS18*   |      34 |            |      |                     |                 NONE |         | UNFIXED    |           |          |      | NONE             |              |                   |              |
| V8         |             | High Range | VCCO_34                      | VCCO        |             |      34 |            |      |                     |                      |    1.80 |            |           |          |      |                  |              |                   |              |
| V9         | a[7]        | High Range | IO_L21N_T3_DQS_34            | INPUT       | LVCMOS18*   |      34 |            |      |                     |                 NONE |         | UNFIXED    |           |          |      | NONE             |              |                   |              |
| V10        | b[8]        | High Range | IO_L21P_T3_DQS_14            | INPUT       | LVCMOS18*   |      14 |            |      |                     |                 NONE |         | UNFIXED    |           |          |      | NONE             |              |                   |              |
| V11        | b[7]        | High Range | IO_L21N_T3_DQS_A06_D22_14    | INPUT       | LVCMOS18*   |      14 |            |      |                     |                 NONE |         | UNFIXED    |           |          |      | NONE             |              |                   |              |
| V12        | b[9]        | High Range | IO_L20N_T3_A07_D23_14        | INPUT       | LVCMOS18*   |      14 |            |      |                     |                 NONE |         | UNFIXED    |           |          |      | NONE             |              |                   |              |
| V13        |             |            | GND                          | GND         |             |         |            |      |                     |                      |     0.0 |            |           |          |      |                  |              |                   |              |
| V14        | b[5]        | High Range | IO_L22N_T3_A04_D20_14        | INPUT       | LVCMOS18*   |      14 |            |      |                     |                 NONE |         | UNFIXED    |           |          |      | NONE             |              |                   |              |
| V15        | b[18]       | High Range | IO_L16P_T2_CSI_B_14          | INPUT       | LVCMOS18*   |      14 |            |      |                     |                 NONE |         | UNFIXED    |           |          |      | NONE             |              |                   |              |
| V16        | b[17]       | High Range | IO_L16N_T2_A15_D31_14        | INPUT       | LVCMOS18*   |      14 |            |      |                     |                 NONE |         | UNFIXED    |           |          |      | NONE             |              |                   |              |
| V17        | b[13]       | High Range | IO_L18N_T2_A11_D27_14        | INPUT       | LVCMOS18*   |      14 |            |      |                     |                 NONE |         | UNFIXED    |           |          |      | NONE             |              |                   |              |
| V18        |             | High Range | VCCO_14                      | VCCO        |             |      14 |            |      |                     |                      |    1.80 |            |           |          |      |                  |              |                   |              |
+------------+-------------+------------+------------------------------+-------------+-------------+---------+------------+------+---------------------+----------------------+---------+------------+-----------+----------+------+------------------+--------------+-------------------+--------------+
* Default value
** Special VCCO requirements may apply. Please consult the device family datasheet for specific guideline on VCCO requirements.


